<?xml version="1.0" ?>
<!DOCTYPE coverage SYSTEM "http://cobertura.sourceforge.net/xml/coverage-04.dtd">
<coverage lines-valid="4147"  lines-covered="3209"  line-rate="0.7737999999999999"  branches-valid="1702"  branches-covered="1145"  branch-rate="0.6727"  timestamp="1496750578625" complexity="0" version="0.1">
<sources>
	<source>/home/mahendra/dev/projects/hyperledger/fabric-sdk-node</source>
</sources>
<packages>
	<package name="fabric-ca-client.lib"  line-rate="0.9292"  branch-rate="0.9206" >
	<classes>
		<class name="FabricCAClientImpl.js"  filename="node_modules/fabric-ca-client/lib/FabricCAClientImpl.js"  line-rate="0.9292"  branch-rate="0.9206" >
		<methods>
			<method name="(anonymous_1)"  hits="18"  signature="()V" >
				<lines><line number="61"  hits="18" /></lines>
			</method>
			<method name="(anonymous_2)"  hits="12"  signature="()V" >
				<lines><line number="98"  hits="12" /></lines>
			</method>
			<method name="(anonymous_3)"  hits="15"  signature="()V" >
				<lines><line number="125"  hits="15" /></lines>
			</method>
			<method name="(anonymous_4)"  hits="15"  signature="()V" >
				<lines><line number="128"  hits="15" /></lines>
			</method>
			<method name="(anonymous_5)"  hits="12"  signature="()V" >
				<lines><line number="155"  hits="12" /></lines>
			</method>
			<method name="(anonymous_6)"  hits="12"  signature="()V" >
				<lines><line number="161"  hits="12" /></lines>
			</method>
			<method name="(anonymous_7)"  hits="0"  signature="()V" >
				<lines><line number="168"  hits="0" /></lines>
			</method>
			<method name="(anonymous_8)"  hits="0"  signature="()V" >
				<lines><line number="177"  hits="0" /></lines>
			</method>
			<method name="(anonymous_9)"  hits="6"  signature="()V" >
				<lines><line number="191"  hits="6" /></lines>
			</method>
			<method name="(anonymous_10)"  hits="2"  signature="()V" >
				<lines><line number="223"  hits="2" /></lines>
			</method>
			<method name="(anonymous_11)"  hits="2"  signature="()V" >
				<lines><line number="227"  hits="2" /></lines>
			</method>
			<method name="(anonymous_12)"  hits="1"  signature="()V" >
				<lines><line number="233"  hits="1" /></lines>
			</method>
			<method name="(anonymous_13)"  hits="1"  signature="()V" >
				<lines><line number="240"  hits="1" /></lines>
			</method>
			<method name="(anonymous_14)"  hits="0"  signature="()V" >
				<lines><line number="249"  hits="0" /></lines>
			</method>
			<method name="(anonymous_15)"  hits="8"  signature="()V" >
				<lines><line number="271"  hits="8" /></lines>
			</method>
			<method name="(anonymous_16)"  hits="27"  signature="()V" >
				<lines><line number="306"  hits="27" /></lines>
			</method>
			<method name="(anonymous_17)"  hits="3"  signature="()V" >
				<lines><line number="340"  hits="3" /></lines>
			</method>
			<method name="(anonymous_18)"  hits="9"  signature="()V" >
				<lines><line number="352"  hits="9" /></lines>
			</method>
			<method name="(anonymous_19)"  hits="33"  signature="()V" >
				<lines><line number="391"  hits="33" /></lines>
			</method>
			<method name="(anonymous_20)"  hits="9"  signature="()V" >
				<lines><line number="448"  hits="9" /></lines>
			</method>
			<method name="(anonymous_21)"  hits="8"  signature="()V" >
				<lines><line number="458"  hits="8" /></lines>
			</method>
			<method name="(anonymous_22)"  hits="5"  signature="()V" >
				<lines><line number="472"  hits="5" /></lines>
			</method>
			<method name="(anonymous_23)"  hits="3"  signature="()V" >
				<lines><line number="474"  hits="3" /></lines>
			</method>
			<method name="(anonymous_24)"  hits="4"  signature="()V" >
				<lines><line number="494"  hits="4" /></lines>
			</method>
			<method name="(anonymous_25)"  hits="3"  signature="()V" >
				<lines><line number="505"  hits="3" /></lines>
			</method>
			<method name="(anonymous_26)"  hits="2"  signature="()V" >
				<lines><line number="515"  hits="2" /></lines>
			</method>
			<method name="(anonymous_27)"  hits="1"  signature="()V" >
				<lines><line number="517"  hits="1" /></lines>
			</method>
			<method name="(anonymous_28)"  hits="2"  signature="()V" >
				<lines><line number="529"  hits="2" /></lines>
			</method>
			<method name="(anonymous_29)"  hits="2"  signature="()V" >
				<lines><line number="539"  hits="2" /></lines>
			</method>
			<method name="(anonymous_30)"  hits="1"  signature="()V" >
				<lines><line number="546"  hits="1" /></lines>
			</method>
			<method name="(anonymous_31)"  hits="1"  signature="()V" >
				<lines><line number="548"  hits="1" /></lines>
			</method>
			<method name="(anonymous_32)"  hits="13"  signature="()V" >
				<lines><line number="554"  hits="13" /></lines>
			</method>
			<method name="(anonymous_33)"  hits="13"  signature="()V" >
				<lines><line number="558"  hits="13" /></lines>
			</method>
			<method name="(anonymous_34)"  hits="10"  signature="()V" >
				<lines><line number="571"  hits="10" /></lines>
			</method>
			<method name="(anonymous_35)"  hits="11"  signature="()V" >
				<lines><line number="574"  hits="11" /></lines>
			</method>
			<method name="(anonymous_36)"  hits="10"  signature="()V" >
				<lines><line number="578"  hits="10" /></lines>
			</method>
			<method name="(anonymous_37)"  hits="0"  signature="()V" >
				<lines><line number="605"  hits="0" /></lines>
			</method>
			<method name="(anonymous_38)"  hits="13"  signature="()V" >
				<lines><line number="617"  hits="13" /></lines>
			</method>
			<method name="(anonymous_39)"  hits="14"  signature="()V" >
				<lines><line number="647"  hits="14" /></lines>
			</method>
			<method name="(anonymous_40)"  hits="14"  signature="()V" >
				<lines><line number="652"  hits="14" /></lines>
			</method>
			<method name="(anonymous_41)"  hits="13"  signature="()V" >
				<lines><line number="673"  hits="13" /></lines>
			</method>
			<method name="(anonymous_42)"  hits="26"  signature="()V" >
				<lines><line number="676"  hits="26" /></lines>
			</method>
			<method name="(anonymous_43)"  hits="13"  signature="()V" >
				<lines><line number="680"  hits="13" /></lines>
			</method>
			<method name="(anonymous_44)"  hits="0"  signature="()V" >
				<lines><line number="711"  hits="0" /></lines>
			</method>
			<method name="(anonymous_45)"  hits="2"  signature="()V" >
				<lines><line number="728"  hits="2" /></lines>
			</method>
			<method name="(anonymous_46)"  hits="33"  signature="()V" >
				<lines><line number="751"  hits="33" /></lines>
			</method>
			<method name="checkRegistrar"  hits="13"  signature="()V" >
				<lines><line number="776"  hits="13" /></lines>
			</method>
		</methods>
		<lines>
			<line number="19"  hits="1"  branch="false" />
			<line number="20"  hits="1"  branch="false" />
			<line number="21"  hits="1"  branch="false" />
			<line number="22"  hits="1"  branch="false" />
			<line number="23"  hits="1"  branch="false" />
			<line number="24"  hits="1"  branch="false" />
			<line number="25"  hits="1"  branch="false" />
			<line number="26"  hits="1"  branch="false" />
			<line number="27"  hits="1"  branch="false" />
			<line number="29"  hits="1"  branch="false" />
			<line number="42"  hits="1"  branch="false" />
			<line number="62"  hits="18"  branch="false" />
			<line number="64"  hits="18"  branch="false" />
			<line number="66"  hits="18"  branch="true"  condition-coverage="100% (2/2)" />
			<line number="67"  hits="11"  branch="false" />
			<line number="69"  hits="7"  branch="false" />
			<line number="70"  hits="7"  branch="false" />
			<line number="73"  hits="18"  branch="false" />
			<line number="81"  hits="18"  branch="false" />
			<line number="99"  hits="12"  branch="true"  condition-coverage="100% (4/4)" />
			<line number="100"  hits="1"  branch="false" />
			<line number="103"  hits="11"  branch="true"  condition-coverage="100% (4/4)" />
			<line number="104"  hits="2"  branch="false" />
			<line number="107"  hits="9"  branch="true"  condition-coverage="75% (3/4)" />
			<line number="109"  hits="9"  branch="false" />
			<line number="112"  hits="9"  branch="false" />
			<line number="114"  hits="7"  branch="false" />
			<line number="126"  hits="15"  branch="false" />
			<line number="128"  hits="15"  branch="false" />
			<line number="129"  hits="15"  branch="true"  condition-coverage="100% (4/4)" />
			<line number="130"  hits="1"  branch="false" />
			<line number="131"  hits="1"  branch="false" />
			<line number="133"  hits="14"  branch="true"  condition-coverage="100% (2/2)" />
			<line number="134"  hits="1"  branch="false" />
			<line number="135"  hits="1"  branch="false" />
			<line number="138"  hits="13"  branch="true"  condition-coverage="100% (2/2)" />
			<line number="139"  hits="1"  branch="false" />
			<line number="140"  hits="1"  branch="false" />
			<line number="143"  hits="12"  branch="false" />
			<line number="144"  hits="12"  branch="false" />
			<line number="147"  hits="12"  branch="false" />
			<line number="148"  hits="12"  branch="true"  condition-coverage="50% (1/2)" />
			<line number="149"  hits="12"  branch="false" />
			<line number="151"  hits="0"  branch="false" />
			<line number="153"  hits="12"  branch="false" />
			<line number="157"  hits="12"  branch="false" />
			<line number="158"  hits="12"  branch="false" />
			<line number="159"  hits="12"  branch="false" />
			<line number="162"  hits="12"  branch="false" />
			<line number="169"  hits="0"  branch="false" />
			<line number="174"  hits="0"  branch="false" />
			<line number="178"  hits="0"  branch="false" />
			<line number="192"  hits="6"  branch="true"  condition-coverage="100% (2/2)" />
			<line number="193"  hits="1"  branch="false" />
			<line number="194"  hits="1"  branch="false" />
			<line number="197"  hits="5"  branch="true"  condition-coverage="100% (2/2)" />
			<line number="198"  hits="1"  branch="false" />
			<line number="199"  hits="1"  branch="false" />
			<line number="202"  hits="4"  branch="true"  condition-coverage="100% (2/2)" />
			<line number="203"  hits="1"  branch="false" />
			<line number="204"  hits="1"  branch="false" />
			<line number="207"  hits="3"  branch="false" />
			<line number="208"  hits="3"  branch="false" />
			<line number="209"  hits="3"  branch="false" />
			<line number="210"  hits="3"  branch="false" />
			<line number="212"  hits="0"  branch="false" />
			<line number="215"  hits="3"  branch="true"  condition-coverage="75% (3/4)" />
			<line number="216"  hits="0"  branch="false" />
			<line number="218"  hits="3"  branch="true"  condition-coverage="100% (2/2)" />
			<line number="219"  hits="1"  branch="false" />
			<line number="221"  hits="2"  branch="false" />
			<line number="223"  hits="2"  branch="false" />
			<line number="225"  hits="2"  branch="false" />
			<line number="229"  hits="2"  branch="false" />
			<line number="230"  hits="2"  branch="false" />
			<line number="231"  hits="2"  branch="false" />
			<line number="234"  hits="1"  branch="false" />
			<line number="241"  hits="1"  branch="false" />
			<line number="246"  hits="0"  branch="false" />
			<line number="250"  hits="0"  branch="false" />
			<line number="272"  hits="8"  branch="true"  condition-coverage="100% (4/4)" />
			<line number="273"  hits="1"  branch="false" />
			<line number="276"  hits="7"  branch="true"  condition-coverage="100% (4/4)" />
			<line number="277"  hits="5"  branch="true"  condition-coverage="100% (6/6)" />
			<line number="278"  hits="3"  branch="false" />
			<line number="282"  hits="4"  branch="false" />
			<line number="284"  hits="3"  branch="false" />
			<line number="308"  hits="27"  branch="false" />
			<line number="310"  hits="27"  branch="false" />
			<line number="312"  hits="27"  branch="true"  condition-coverage="100% (4/4)" />
			<line number="313"  hits="26"  branch="true"  condition-coverage="100% (2/2)" />
			<line number="314"  hits="13"  branch="true"  condition-coverage="100% (2/2)" />
			<line number="315"  hits="3"  branch="false" />
			<line number="318"  hits="23"  branch="false" />
			<line number="319"  hits="23"  branch="true"  condition-coverage="100% (2/2)" />
			<line number="320"  hits="22"  branch="false" />
			<line number="322"  hits="22"  branch="true"  condition-coverage="100% (2/2)" />
			<line number="323"  hits="21"  branch="false" />
			<line number="327"  hits="1"  branch="false" />
			<line number="331"  hits="1"  branch="false" />
			<line number="334"  hits="22"  branch="false" />
			<line number="341"  hits="3"  branch="false" />
			<line number="353"  hits="9"  branch="false" />
			<line number="354"  hits="9"  branch="false" />
			<line number="355"  hits="9"  branch="true"  condition-coverage="50% (1/2)" />
			<line number="356"  hits="0"  branch="false" />
			<line number="360"  hits="9"  branch="false" />
			<line number="362"  hits="9"  branch="false" />
			<line number="363"  hits="27"  branch="false" />
			<line number="367"  hits="9"  branch="false" />
			<line number="376"  hits="1"  branch="false" />
			<line number="394"  hits="33"  branch="false" />
			<line number="395"  hits="33"  branch="false" />
			<line number="397"  hits="4"  branch="false" />
			<line number="400"  hits="29"  branch="false" />
			<line number="402"  hits="29"  branch="false" />
			<line number="403"  hits="29"  branch="true"  condition-coverage="100% (2/2)" />
			<line number="404"  hits="26"  branch="false" />
			<line number="406"  hits="3"  branch="false" />
			<line number="408"  hits="29"  branch="true"  condition-coverage="100% (4/4)" />
			<line number="409"  hits="13"  branch="false" />
			<line number="414"  hits="16"  branch="false" />
			<line number="415"  hits="16"  branch="true"  condition-coverage="100% (2/2)" />
			<line number="416"  hits="1"  branch="false" />
			<line number="418"  hits="16"  branch="true"  condition-coverage="100% (2/2)" />
			<line number="419"  hits="1"  branch="false" />
			<line number="422"  hits="29"  branch="false" />
			<line number="424"  hits="29"  branch="false" />
			<line number="426"  hits="29"  branch="false" />
			<line number="450"  hits="9"  branch="false" />
			<line number="451"  hits="9"  branch="false" />
			<line number="453"  hits="9"  branch="true"  condition-coverage="100% (2/2)" />
			<line number="454"  hits="1"  branch="false" />
			<line number="458"  hits="8"  branch="false" />
			<line number="459"  hits="8"  branch="false" />
			<line number="467"  hits="8"  branch="true"  condition-coverage="100% (4/4)" />
			<line number="468"  hits="1"  branch="false" />
			<line number="471"  hits="8"  branch="false" />
			<line number="473"  hits="5"  branch="false" />
			<line number="475"  hits="3"  branch="false" />
			<line number="496"  hits="4"  branch="false" />
			<line number="497"  hits="4"  branch="false" />
			<line number="500"  hits="4"  branch="true"  condition-coverage="100% (2/2)" />
			<line number="501"  hits="1"  branch="false" />
			<line number="505"  hits="3"  branch="false" />
			<line number="507"  hits="3"  branch="false" />
			<line number="514"  hits="3"  branch="false" />
			<line number="516"  hits="2"  branch="false" />
			<line number="518"  hits="1"  branch="false" />
			<line number="531"  hits="2"  branch="false" />
			<line number="532"  hits="2"  branch="false" />
			<line number="535"  hits="2"  branch="true"  condition-coverage="50% (1/2)" />
			<line number="536"  hits="0"  branch="false" />
			<line number="539"  hits="2"  branch="false" />
			<line number="541"  hits="2"  branch="false" />
			<line number="545"  hits="2"  branch="false" />
			<line number="547"  hits="1"  branch="false" />
			<line number="549"  hits="1"  branch="false" />
			<line number="555"  hits="13"  branch="false" />
			<line number="557"  hits="13"  branch="false" />
			<line number="558"  hits="13"  branch="false" />
			<line number="559"  hits="13"  branch="false" />
			<line number="571"  hits="10"  branch="false" />
			<line number="573"  hits="10"  branch="false" />
			<line number="574"  hits="10"  branch="false" />
			<line number="575"  hits="11"  branch="false" />
			<line number="578"  hits="10"  branch="false" />
			<line number="580"  hits="10"  branch="false" />
			<line number="582"  hits="10"  branch="true"  condition-coverage="50% (1/2)" />
			<line number="583"  hits="0"  branch="false" />
			<line number="587"  hits="10"  branch="false" />
			<line number="588"  hits="10"  branch="false" />
			<line number="589"  hits="10"  branch="false" />
			<line number="590"  hits="10"  branch="true"  condition-coverage="100% (2/2)" />
			<line number="591"  hits="8"  branch="false" />
			<line number="593"  hits="2"  branch="false" />
			<line number="598"  hits="0"  branch="false" />
			<line number="605"  hits="10"  branch="false" />
			<line number="606"  hits="0"  branch="false" />
			<line number="609"  hits="10"  branch="false" />
			<line number="610"  hits="10"  branch="false" />
			<line number="620"  hits="13"  branch="false" />
			<line number="621"  hits="11"  branch="false" />
			<line number="623"  hits="11"  branch="false" />
			<line number="624"  hits="11"  branch="false" />
			<line number="625"  hits="10"  branch="false" />
			<line number="627"  hits="10"  branch="false" />
			<line number="628"  hits="10"  branch="false" />
			<line number="649"  hits="14"  branch="false" />
			<line number="650"  hits="14"  branch="false" />
			<line number="652"  hits="14"  branch="false" />
			<line number="654"  hits="14"  branch="true"  condition-coverage="100% (2/2)" />
			<line number="655"  hits="1"  branch="false" />
			<line number="658"  hits="13"  branch="false" />
			<line number="668"  hits="13"  branch="false" />
			<line number="673"  hits="13"  branch="false" />
			<line number="675"  hits="13"  branch="false" />
			<line number="676"  hits="13"  branch="false" />
			<line number="677"  hits="26"  branch="false" />
			<line number="680"  hits="13"  branch="false" />
			<line number="682"  hits="13"  branch="false" />
			<line number="684"  hits="13"  branch="true"  condition-coverage="50% (1/2)" />
			<line number="685"  hits="0"  branch="false" />
			<line number="689"  hits="13"  branch="false" />
			<line number="690"  hits="13"  branch="false" />
			<line number="691"  hits="13"  branch="true"  condition-coverage="50% (1/2)" />
			<line number="693"  hits="13"  branch="false" />
			<line number="695"  hits="13"  branch="false" />
			<line number="696"  hits="13"  branch="false" />
			<line number="697"  hits="13"  branch="false" />
			<line number="699"  hits="0"  branch="false" />
			<line number="704"  hits="0"  branch="false" />
			<line number="711"  hits="13"  branch="false" />
			<line number="712"  hits="0"  branch="false" />
			<line number="715"  hits="13"  branch="false" />
			<line number="716"  hits="13"  branch="false" />
			<line number="733"  hits="2"  branch="false" />
			<line number="735"  hits="2"  branch="true"  condition-coverage="100% (4/4)" />
			<line number="737"  hits="1"  branch="false" />
			<line number="739"  hits="1"  branch="false" />
			<line number="740"  hits="1"  branch="false" />
			<line number="742"  hits="1"  branch="false" />
			<line number="743"  hits="1"  branch="false" />
			<line number="753"  hits="33"  branch="true"  condition-coverage="100% (2/2)" />
			<line number="754"  hits="1"  branch="false" />
			<line number="757"  hits="32"  branch="true"  condition-coverage="100% (2/2)" />
			<line number="758"  hits="20"  branch="true"  condition-coverage="100% (2/2)" />
			<line number="759"  hits="1"  branch="false" />
			<line number="763"  hits="31"  branch="true"  condition-coverage="100% (2/2)" />
			<line number="764"  hits="1"  branch="false" />
			<line number="767"  hits="30"  branch="true"  condition-coverage="100% (2/2)" />
			<line number="768"  hits="27"  branch="true"  condition-coverage="100% (2/2)" />
			<line number="769"  hits="1"  branch="false" />
			<line number="776"  hits="1"  branch="false" />
			<line number="777"  hits="13"  branch="true"  condition-coverage="100% (4/4)" />
			<line number="778"  hits="1"  branch="false" />
			<line number="781"  hits="12"  branch="true"  condition-coverage="100% (2/2)" />
			<line number="782"  hits="2"  branch="false" />
			<line number="786"  hits="1"  branch="false" />
			<line number="787"  hits="1"  branch="false" />
		</lines>
		</class>
	</classes>
	</package>
	<package name="fabric-client.lib"  line-rate="0.8114"  branch-rate="0.7301000000000001" >
	<classes>
		<class name="BaseClient.js"  filename="node_modules/fabric-client/lib/BaseClient.js"  line-rate="0.9615"  branch-rate="0.9167000000000001" >
		<methods>
			<method name="(anonymous_1)"  hits="63"  signature="()V" >
				<lines><line number="9"  hits="63" /></lines>
			</method>
			<method name="(anonymous_2)"  hits="59"  signature="()V" >
				<lines><line number="25"  hits="59" /></lines>
			</method>
			<method name="(anonymous_3)"  hits="64"  signature="()V" >
				<lines><line number="44"  hits="64" /></lines>
			</method>
			<method name="(anonymous_4)"  hits="227"  signature="()V" >
				<lines><line number="52"  hits="227" /></lines>
			</method>
			<method name="(anonymous_5)"  hits="60"  signature="()V" >
				<lines><line number="70"  hits="60" /></lines>
			</method>
			<method name="(anonymous_6)"  hits="39"  signature="()V" >
				<lines><line number="84"  hits="39" /></lines>
			</method>
			<method name="(anonymous_7)"  hits="3"  signature="()V" >
				<lines><line number="102"  hits="3" /></lines>
			</method>
			<method name="(anonymous_8)"  hits="24"  signature="()V" >
				<lines><line number="150"  hits="24" /></lines>
			</method>
			<method name="(anonymous_9)"  hits="22"  signature="()V" >
				<lines><line number="170"  hits="22" /></lines>
			</method>
			<method name="(anonymous_10)"  hits="55"  signature="()V" >
				<lines><line number="190"  hits="55" /></lines>
			</method>
		</methods>
		<lines>
			<line number="1"  hits="1"  branch="false" />
			<line number="8"  hits="1"  branch="false" />
			<line number="10"  hits="63"  branch="false" />
			<line number="26"  hits="59"  branch="false" />
			<line number="45"  hits="64"  branch="false" />
			<line number="53"  hits="227"  branch="false" />
			<line number="71"  hits="60"  branch="false" />
			<line number="85"  hits="39"  branch="false" />
			<line number="103"  hits="3"  branch="false" />
			<line number="105"  hits="3"  branch="true"  condition-coverage="100% (2/2)" />
			<line number="106"  hits="1"  branch="false" />
			<line number="109"  hits="3"  branch="true"  condition-coverage="100% (2/2)" />
			<line number="110"  hits="1"  branch="false" />
			<line number="113"  hits="3"  branch="true"  condition-coverage="100% (2/2)" />
			<line number="114"  hits="1"  branch="false" />
			<line number="117"  hits="3"  branch="true"  condition-coverage="100% (2/2)" />
			<line number="118"  hits="1"  branch="false" />
			<line number="121"  hits="3"  branch="true"  condition-coverage="100% (2/2)" />
			<line number="122"  hits="1"  branch="false" />
			<line number="125"  hits="2"  branch="true"  condition-coverage="50% (1/2)" />
			<line number="126"  hits="2"  branch="false" />
			<line number="128"  hits="0"  branch="false" />
			<line number="152"  hits="24"  branch="false" />
			<line number="172"  hits="22"  branch="false" />
			<line number="192"  hits="55"  branch="false" />
			<line number="196"  hits="1"  branch="false" />
		</lines>
		</class>
		<class name="BlockDecoder.js"  filename="node_modules/fabric-client/lib/BlockDecoder.js"  line-rate="0.6747"  branch-rate="0.45740000000000003" >
		<methods>
			<method name="(anonymous_1)"  hits="3"  signature="()V" >
				<lines><line number="421"  hits="3" /></lines>
			</method>
			<method name="(anonymous_2)"  hits="4"  signature="()V" >
				<lines><line number="448"  hits="4" /></lines>
			</method>
			<method name="(anonymous_3)"  hits="0"  signature="()V" >
				<lines><line number="479"  hits="0" /></lines>
			</method>
			<method name="decodeBlockHeader"  hits="2"  signature="()V" >
				<lines><line number="492"  hits="2" /></lines>
			</method>
			<method name="decodeBlockData"  hits="6"  signature="()V" >
				<lines><line number="501"  hits="6" /></lines>
			</method>
			<method name="decodeBlockMetaData"  hits="6"  signature="()V" >
				<lines><line number="519"  hits="6" /></lines>
			</method>
			<method name="decodeTransactionFilter"  hits="6"  signature="()V" >
				<lines><line number="536"  hits="6" /></lines>
			</method>
			<method name="decodeLastConfigSequenceNumber"  hits="6"  signature="()V" >
				<lines><line number="545"  hits="6" /></lines>
			</method>
			<method name="decodeMetadataSignatures"  hits="6"  signature="()V" >
				<lines><line number="557"  hits="6" /></lines>
			</method>
			<method name="decodeMetadataValueSignatures"  hits="12"  signature="()V" >
				<lines><line number="566"  hits="12" /></lines>
			</method>
			<method name="decodeBlockDataEnvelope"  hits="6"  signature="()V" >
				<lines><line number="579"  hits="6" /></lines>
			</method>
			<method name="decodeEndorserTransaction"  hits="0"  signature="()V" >
				<lines><line number="603"  hits="0" /></lines>
			</method>
			<method name="decodeConfigEnvelope"  hits="6"  signature="()V" >
				<lines><line number="617"  hits="6" /></lines>
			</method>
			<method name="decodeConfig"  hits="6"  signature="()V" >
				<lines><line number="636"  hits="6" /></lines>
			</method>
			<method name="decodeConfigUpdateEnvelope"  hits="5"  signature="()V" >
				<lines><line number="644"  hits="5" /></lines>
			</method>
			<method name="decodeConfigUpdate"  hits="5"  signature="()V" >
				<lines><line number="659"  hits="5" /></lines>
			</method>
			<method name="decodeConfigGroups"  hits="77"  signature="()V" >
				<lines><line number="669"  hits="77" /></lines>
			</method>
			<method name="decodeConfigGroup"  hits="77"  signature="()V" >
				<lines><line number="680"  hits="77" /></lines>
			</method>
			<method name="decodeConfigValues"  hits="77"  signature="()V" >
				<lines><line number="691"  hits="77" /></lines>
			</method>
			<method name="decodeConfigValue"  hits="76"  signature="()V" >
				<lines><line number="702"  hits="76" /></lines>
			</method>
			<method name="decodeConfigPolicies"  hits="77"  signature="()V" >
				<lines><line number="788"  hits="77" /></lines>
			</method>
			<method name="decodeConfigPolicy"  hits="128"  signature="()V" >
				<lines><line number="800"  hits="128" /></lines>
			</method>
			<method name="decodeImplicitMetaPolicy"  hits="72"  signature="()V" >
				<lines><line number="828"  hits="72" /></lines>
			</method>
			<method name="decodeSignaturePolicyEnvelope"  hits="54"  signature="()V" >
				<lines><line number="836"  hits="54" /></lines>
			</method>
			<method name="decodeSignaturePolicy"  hits="108"  signature="()V" >
				<lines><line number="852"  hits="108" /></lines>
			</method>
			<method name="decodeMSPPrincipal"  hits="54"  signature="()V" >
				<lines><line number="875"  hits="54" /></lines>
			</method>
			<method name="decodeConfigSignature"  hits="30"  signature="()V" >
				<lines><line number="904"  hits="30" /></lines>
			</method>
			<method name="decodeSignatureHeader"  hits="41"  signature="()V" >
				<lines><line number="912"  hits="41" /></lines>
			</method>
			<method name="decodeIdentity"  hits="41"  signature="()V" >
				<lines><line number="922"  hits="41" /></lines>
			</method>
			<method name="decodeFabricMSPConfig"  hits="18"  signature="()V" >
				<lines><line number="937"  hits="18" /></lines>
			</method>
			<method name="decodeFabricOUIdentifier"  hits="18"  signature="()V" >
				<lines><line number="952"  hits="18" /></lines>
			</method>
			<method name="toPEMcerts"  hits="72"  signature="()V" >
				<lines><line number="969"  hits="72" /></lines>
			</method>
			<method name="decodeSigningIdentityInfo"  hits="18"  signature="()V" >
				<lines><line number="978"  hits="18" /></lines>
			</method>
			<method name="decodeKeyInfo"  hits="0"  signature="()V" >
				<lines><line number="989"  hits="0" /></lines>
			</method>
			<method name="decodeHeader"  hits="11"  signature="()V" >
				<lines><line number="1000"  hits="11" /></lines>
			</method>
			<method name="decodeChannelHeader"  hits="11"  signature="()V" >
				<lines><line number="1018"  hits="11" /></lines>
			</method>
			<method name="timeStampToDate"  hits="11"  signature="()V" >
				<lines><line number="1033"  hits="11" /></lines>
			</method>
			<method name="decodeChaincodeActionPayload"  hits="0"  signature="()V" >
				<lines><line number="1040"  hits="0" /></lines>
			</method>
			<method name="decodeChaincodeProposalPayload"  hits="0"  signature="()V" >
				<lines><line number="1049"  hits="0" /></lines>
			</method>
			<method name="decodeChaincodeEndorsedAction"  hits="0"  signature="()V" >
				<lines><line number="1057"  hits="0" /></lines>
			</method>
			<method name="decodeEndorsement"  hits="0"  signature="()V" >
				<lines><line number="1069"  hits="0" /></lines>
			</method>
			<method name="decodeProposalResponsePayload"  hits="0"  signature="()V" >
				<lines><line number="1077"  hits="0" /></lines>
			</method>
			<method name="decodeChaincodeAction"  hits="0"  signature="()V" >
				<lines><line number="1086"  hits="0" /></lines>
			</method>
			<method name="decodeChaincodeEvents"  hits="0"  signature="()V" >
				<lines><line number="1096"  hits="0" /></lines>
			</method>
			<method name="decodeReadWriteSets"  hits="0"  signature="()V" >
				<lines><line number="1106"  hits="0" /></lines>
			</method>
			<method name="decodeKVRWSet"  hits="0"  signature="()V" >
				<lines><line number="1129"  hits="0" /></lines>
			</method>
			<method name="decodeKVRead"  hits="0"  signature="()V" >
				<lines><line number="1162"  hits="0" /></lines>
			</method>
			<method name="decodeRangeQueryInfo"  hits="0"  signature="()V" >
				<lines><line number="1178"  hits="0" /></lines>
			</method>
			<method name="decodeKVWrite"  hits="0"  signature="()V" >
				<lines><line number="1205"  hits="0" /></lines>
			</method>
			<method name="decodeResponse"  hits="0"  signature="()V" >
				<lines><line number="1214"  hits="0" /></lines>
			</method>
			<method name="decodeVersion"  hits="346"  signature="()V" >
				<lines><line number="1226"  hits="346" /></lines>
			</method>
		</methods>
		<lines>
			<line number="19"  hits="2"  branch="false" />
			<line number="20"  hits="2"  branch="false" />
			<line number="21"  hits="2"  branch="false" />
			<line number="22"  hits="2"  branch="false" />
			<line number="23"  hits="2"  branch="false" />
			<line number="25"  hits="2"  branch="false" />
			<line number="26"  hits="2"  branch="false" />
			<line number="27"  hits="2"  branch="false" />
			<line number="28"  hits="2"  branch="false" />
			<line number="29"  hits="2"  branch="false" />
			<line number="30"  hits="2"  branch="false" />
			<line number="31"  hits="2"  branch="false" />
			<line number="32"  hits="2"  branch="false" />
			<line number="33"  hits="2"  branch="false" />
			<line number="34"  hits="2"  branch="false" />
			<line number="35"  hits="2"  branch="false" />
			<line number="36"  hits="2"  branch="false" />
			<line number="37"  hits="2"  branch="false" />
			<line number="38"  hits="2"  branch="false" />
			<line number="39"  hits="2"  branch="false" />
			<line number="40"  hits="2"  branch="false" />
			<line number="41"  hits="2"  branch="false" />
			<line number="42"  hits="2"  branch="false" />
			<line number="43"  hits="2"  branch="false" />
			<line number="44"  hits="2"  branch="false" />
			<line number="52"  hits="2"  branch="false" />
			<line number="422"  hits="3"  branch="true"  condition-coverage="100% (4/4)" />
			<line number="423"  hits="1"  branch="false" />
			<line number="425"  hits="2"  branch="false" />
			<line number="426"  hits="2"  branch="false" />
			<line number="427"  hits="2"  branch="false" />
			<line number="428"  hits="2"  branch="false" />
			<line number="429"  hits="2"  branch="false" />
			<line number="430"  hits="2"  branch="false" />
			<line number="433"  hits="0"  branch="true"  condition-coverage="0% (0/2)" />
			<line number="434"  hits="0"  branch="false" />
			<line number="437"  hits="2"  branch="false" />
			<line number="449"  hits="4"  branch="true"  condition-coverage="50% (1/2)" />
			<line number="450"  hits="0"  branch="false" />
			<line number="452"  hits="4"  branch="false" />
			<line number="453"  hits="4"  branch="false" />
			<line number="454"  hits="4"  branch="false" />
			<line number="459"  hits="4"  branch="false" />
			<line number="460"  hits="4"  branch="false" />
			<line number="463"  hits="0"  branch="true"  condition-coverage="0% (0/2)" />
			<line number="464"  hits="0"  branch="false" />
			<line number="467"  hits="4"  branch="false" />
			<line number="480"  hits="0"  branch="true"  condition-coverage="0% (0/2)" />
			<line number="481"  hits="0"  branch="false" />
			<line number="483"  hits="0"  branch="false" />
			<line number="484"  hits="0"  branch="false" />
			<line number="485"  hits="0"  branch="false" />
			<line number="486"  hits="0"  branch="false" />
			<line number="488"  hits="0"  branch="false" />
			<line number="492"  hits="1"  branch="false" />
			<line number="493"  hits="2"  branch="false" />
			<line number="494"  hits="2"  branch="false" />
			<line number="495"  hits="2"  branch="false" />
			<line number="496"  hits="2"  branch="false" />
			<line number="498"  hits="2"  branch="false" />
			<line number="501"  hits="1"  branch="false" />
			<line number="502"  hits="6"  branch="false" />
			<line number="503"  hits="6"  branch="false" />
			<line number="504"  hits="6"  branch="false" />
			<line number="505"  hits="6"  branch="false" />
			<line number="506"  hits="6"  branch="true"  condition-coverage="100% (2/2)" />
			<line number="507"  hits="4"  branch="false" />
			<line number="510"  hits="2"  branch="false" />
			<line number="512"  hits="6"  branch="false" />
			<line number="513"  hits="6"  branch="false" />
			<line number="516"  hits="6"  branch="false" />
			<line number="519"  hits="1"  branch="false" />
			<line number="520"  hits="6"  branch="false" />
			<line number="521"  hits="6"  branch="false" />
			<line number="522"  hits="6"  branch="true"  condition-coverage="75% (3/4)" />
			<line number="523"  hits="6"  branch="false" />
			<line number="524"  hits="6"  branch="false" />
			<line number="526"  hits="6"  branch="false" />
			<line number="527"  hits="6"  branch="false" />
			<line number="529"  hits="6"  branch="false" />
			<line number="530"  hits="6"  branch="false" />
			<line number="533"  hits="6"  branch="false" />
			<line number="536"  hits="1"  branch="false" />
			<line number="537"  hits="6"  branch="false" />
			<line number="538"  hits="6"  branch="false" />
			<line number="539"  hits="4"  branch="false" />
			<line number="540"  hits="4"  branch="false" />
			<line number="542"  hits="6"  branch="false" />
			<line number="545"  hits="1"  branch="false" />
			<line number="546"  hits="6"  branch="false" />
			<line number="547"  hits="6"  branch="false" />
			<line number="548"  hits="6"  branch="true"  condition-coverage="50% (1/2)" />
			<line number="549"  hits="6"  branch="false" />
			<line number="550"  hits="6"  branch="false" />
			<line number="551"  hits="6"  branch="false" />
			<line number="552"  hits="6"  branch="false" />
			<line number="554"  hits="6"  branch="false" />
			<line number="557"  hits="1"  branch="false" />
			<line number="558"  hits="6"  branch="false" />
			<line number="559"  hits="6"  branch="false" />
			<line number="560"  hits="6"  branch="false" />
			<line number="561"  hits="6"  branch="false" />
			<line number="563"  hits="6"  branch="false" />
			<line number="566"  hits="1"  branch="false" />
			<line number="567"  hits="12"  branch="false" />
			<line number="568"  hits="12"  branch="true"  condition-coverage="50% (1/2)" />
			<line number="569"  hits="0"  branch="false" />
			<line number="570"  hits="0"  branch="false" />
			<line number="571"  hits="0"  branch="false" />
			<line number="572"  hits="0"  branch="false" />
			<line number="573"  hits="0"  branch="false" />
			<line number="576"  hits="12"  branch="false" />
			<line number="579"  hits="1"  branch="false" />
			<line number="580"  hits="6"  branch="false" />
			<line number="581"  hits="6"  branch="false" />
			<line number="583"  hits="6"  branch="false" />
			<line number="584"  hits="6"  branch="false" />
			<line number="585"  hits="6"  branch="false" />
			<line number="587"  hits="6"  branch="true"  condition-coverage="50% (1/2)" />
			<line number="588"  hits="6"  branch="false" />
			<line number="593"  hits="0"  branch="true"  condition-coverage="0% (0/2)" />
			<line number="594"  hits="0"  branch="false" />
			<line number="597"  hits="0"  branch="false" />
			<line number="600"  hits="6"  branch="false" />
			<line number="603"  hits="1"  branch="false" />
			<line number="604"  hits="0"  branch="false" />
			<line number="605"  hits="0"  branch="false" />
			<line number="606"  hits="0"  branch="false" />
			<line number="607"  hits="0"  branch="true"  condition-coverage="0% (0/4)" />
			<line number="608"  hits="0"  branch="false" />
			<line number="609"  hits="0"  branch="false" />
			<line number="610"  hits="0"  branch="false" />
			<line number="611"  hits="0"  branch="false" />
			<line number="614"  hits="0"  branch="false" />
			<line number="617"  hits="1"  branch="false" />
			<line number="618"  hits="6"  branch="false" />
			<line number="619"  hits="6"  branch="false" />
			<line number="620"  hits="6"  branch="false" />
			<line number="622"  hits="6"  branch="false" />
			<line number="623"  hits="6"  branch="false" />
			<line number="624"  hits="6"  branch="false" />
			<line number="625"  hits="6"  branch="true"  condition-coverage="100% (2/2)" />
			<line number="626"  hits="5"  branch="false" />
			<line number="627"  hits="5"  branch="false" />
			<line number="628"  hits="5"  branch="false" />
			<line number="629"  hits="5"  branch="false" />
			<line number="630"  hits="5"  branch="false" />
			<line number="633"  hits="6"  branch="false" />
			<line number="636"  hits="1"  branch="false" />
			<line number="637"  hits="6"  branch="false" />
			<line number="638"  hits="6"  branch="false" />
			<line number="639"  hits="6"  branch="false" />
			<line number="641"  hits="6"  branch="false" />
			<line number="644"  hits="1"  branch="false" />
			<line number="645"  hits="5"  branch="false" />
			<line number="646"  hits="5"  branch="false" />
			<line number="647"  hits="5"  branch="false" />
			<line number="648"  hits="5"  branch="false" />
			<line number="649"  hits="5"  branch="false" />
			<line number="650"  hits="30"  branch="false" />
			<line number="651"  hits="30"  branch="false" />
			<line number="652"  hits="30"  branch="false" />
			<line number="654"  hits="5"  branch="false" />
			<line number="656"  hits="5"  branch="false" />
			<line number="659"  hits="1"  branch="false" />
			<line number="660"  hits="5"  branch="false" />
			<line number="661"  hits="5"  branch="false" />
			<line number="662"  hits="5"  branch="false" />
			<line number="663"  hits="5"  branch="false" />
			<line number="664"  hits="5"  branch="false" />
			<line number="666"  hits="5"  branch="false" />
			<line number="669"  hits="1"  branch="false" />
			<line number="670"  hits="77"  branch="false" />
			<line number="671"  hits="77"  branch="false" />
			<line number="672"  hits="77"  branch="false" />
			<line number="673"  hits="61"  branch="false" />
			<line number="674"  hits="61"  branch="false" />
			<line number="677"  hits="77"  branch="false" />
			<line number="680"  hits="1"  branch="false" />
			<line number="681"  hits="77"  branch="true"  condition-coverage="50% (1/2)" />
			<line number="682"  hits="77"  branch="false" />
			<line number="683"  hits="77"  branch="false" />
			<line number="684"  hits="77"  branch="false" />
			<line number="685"  hits="77"  branch="false" />
			<line number="686"  hits="77"  branch="false" />
			<line number="687"  hits="77"  branch="false" />
			<line number="688"  hits="77"  branch="false" />
			<line number="691"  hits="1"  branch="false" />
			<line number="692"  hits="77"  branch="false" />
			<line number="693"  hits="77"  branch="false" />
			<line number="694"  hits="77"  branch="false" />
			<line number="695"  hits="76"  branch="false" />
			<line number="696"  hits="76"  branch="false" />
			<line number="699"  hits="77"  branch="false" />
			<line number="702"  hits="1"  branch="false" />
			<line number="703"  hits="76"  branch="false" />
			<line number="704"  hits="76"  branch="false" />
			<line number="705"  hits="76"  branch="false" />
			<line number="706"  hits="76"  branch="false" />
			<line number="707"  hits="76"  branch="false" />
			<line number="708"  hits="76"  branch="true"  condition-coverage="76.92307692307693% (10/13)" />
			<line number="710"  hits="0"  branch="false" />
			<line number="711"  hits="0"  branch="false" />
			<line number="712"  hits="0"  branch="true"  condition-coverage="0% (0/4)" />
			<line number="713"  hits="0"  branch="false" />
			<line number="717"  hits="0"  branch="false" />
			<line number="719"  hits="0"  branch="false" />
			<line number="720"  hits="0"  branch="false" />
			<line number="722"  hits="18"  branch="false" />
			<line number="723"  hits="18"  branch="false" />
			<line number="724"  hits="18"  branch="true"  condition-coverage="50% (1/2)" />
			<line number="725"  hits="18"  branch="false" />
			<line number="727"  hits="18"  branch="false" />
			<line number="728"  hits="18"  branch="false" />
			<line number="729"  hits="18"  branch="false" />
			<line number="731"  hits="6"  branch="false" />
			<line number="732"  hits="6"  branch="false" />
			<line number="733"  hits="6"  branch="false" />
			<line number="735"  hits="6"  branch="false" />
			<line number="736"  hits="6"  branch="false" />
			<line number="737"  hits="6"  branch="false" />
			<line number="738"  hits="6"  branch="false" />
			<line number="739"  hits="6"  branch="false" />
			<line number="741"  hits="6"  branch="false" />
			<line number="742"  hits="6"  branch="false" />
			<line number="743"  hits="6"  branch="false" />
			<line number="745"  hits="6"  branch="false" />
			<line number="746"  hits="6"  branch="false" />
			<line number="747"  hits="6"  branch="false" />
			<line number="749"  hits="0"  branch="false" />
			<line number="750"  hits="0"  branch="false" />
			<line number="751"  hits="0"  branch="false" />
			<line number="753"  hits="15"  branch="false" />
			<line number="754"  hits="15"  branch="false" />
			<line number="755"  hits="15"  branch="false" />
			<line number="757"  hits="0"  branch="false" />
			<line number="758"  hits="0"  branch="false" />
			<line number="759"  hits="0"  branch="false" />
			<line number="760"  hits="0"  branch="true"  condition-coverage="0% (0/2)" />
			<line number="761"  hits="0"  branch="false" />
			<line number="763"  hits="0"  branch="false" />
			<line number="764"  hits="0"  branch="false" />
			<line number="766"  hits="6"  branch="false" />
			<line number="767"  hits="6"  branch="false" />
			<line number="768"  hits="6"  branch="false" />
			<line number="770"  hits="6"  branch="false" />
			<line number="771"  hits="6"  branch="false" />
			<line number="772"  hits="6"  branch="false" />
			<line number="774"  hits="6"  branch="false" />
			<line number="775"  hits="6"  branch="false" />
			<line number="776"  hits="6"  branch="false" />
			<line number="777"  hits="6"  branch="true"  condition-coverage="50% (1/2)" />
			<line number="778"  hits="6"  branch="false" />
			<line number="780"  hits="6"  branch="false" />
			<line number="781"  hits="6"  branch="false" />
			<line number="785"  hits="76"  branch="false" />
			<line number="788"  hits="1"  branch="false" />
			<line number="789"  hits="77"  branch="false" />
			<line number="790"  hits="77"  branch="false" />
			<line number="791"  hits="77"  branch="false" />
			<line number="792"  hits="126"  branch="false" />
			<line number="793"  hits="126"  branch="false" />
			<line number="796"  hits="77"  branch="false" />
			<line number="799"  hits="2"  branch="false" />
			<line number="800"  hits="1"  branch="false" />
			<line number="801"  hits="128"  branch="false" />
			<line number="802"  hits="128"  branch="false" />
			<line number="803"  hits="128"  branch="false" />
			<line number="804"  hits="128"  branch="false" />
			<line number="805"  hits="128"  branch="true"  condition-coverage="50% (1/2)" />
			<line number="806"  hits="128"  branch="false" />
			<line number="807"  hits="128"  branch="false" />
			<line number="808"  hits="128"  branch="true"  condition-coverage="100% (4/4)" />
			<line number="810"  hits="54"  branch="false" />
			<line number="811"  hits="54"  branch="false" />
			<line number="813"  hits="1"  branch="false" />
			<line number="814"  hits="1"  branch="false" />
			<line number="815"  hits="1"  branch="false" />
			<line number="817"  hits="72"  branch="false" />
			<line number="818"  hits="72"  branch="false" />
			<line number="820"  hits="1"  branch="false" />
			<line number="824"  hits="127"  branch="false" />
			<line number="827"  hits="2"  branch="false" />
			<line number="828"  hits="1"  branch="false" />
			<line number="829"  hits="72"  branch="false" />
			<line number="830"  hits="72"  branch="false" />
			<line number="831"  hits="72"  branch="false" />
			<line number="832"  hits="72"  branch="false" />
			<line number="833"  hits="72"  branch="false" />
			<line number="836"  hits="1"  branch="false" />
			<line number="837"  hits="54"  branch="false" />
			<line number="838"  hits="54"  branch="false" />
			<line number="839"  hits="54"  branch="false" />
			<line number="840"  hits="54"  branch="false" />
			<line number="841"  hits="54"  branch="false" />
			<line number="842"  hits="54"  branch="false" />
			<line number="843"  hits="54"  branch="true"  condition-coverage="50% (1/2)" />
			<line number="844"  hits="54"  branch="false" />
			<line number="845"  hits="54"  branch="false" />
			<line number="847"  hits="54"  branch="false" />
			<line number="849"  hits="54"  branch="false" />
			<line number="852"  hits="1"  branch="false" />
			<line number="853"  hits="108"  branch="false" />
			<line number="854"  hits="108"  branch="false" />
			<line number="855"  hits="108"  branch="true"  condition-coverage="100% (2/2)" />
			<line number="856"  hits="54"  branch="false" />
			<line number="857"  hits="54"  branch="false" />
			<line number="858"  hits="54"  branch="false" />
			<line number="859"  hits="54"  branch="false" />
			<line number="860"  hits="54"  branch="false" />
			<line number="861"  hits="54"  branch="false" />
			<line number="862"  hits="54"  branch="false" />
			<line number="865"  hits="54"  branch="true"  condition-coverage="50% (1/2)" />
			<line number="866"  hits="54"  branch="false" />
			<line number="869"  hits="0"  branch="false" />
			<line number="872"  hits="108"  branch="false" />
			<line number="875"  hits="1"  branch="false" />
			<line number="876"  hits="54"  branch="false" />
			<line number="877"  hits="54"  branch="false" />
			<line number="878"  hits="54"  branch="false" />
			<line number="879"  hits="54"  branch="true"  condition-coverage="33.33333333333333% (1/3)" />
			<line number="881"  hits="54"  branch="false" />
			<line number="882"  hits="54"  branch="false" />
			<line number="883"  hits="54"  branch="true"  condition-coverage="100% (2/2)" />
			<line number="884"  hits="42"  branch="false" />
			<line number="886"  hits="12"  branch="true"  condition-coverage="50% (1/2)" />
			<line number="887"  hits="12"  branch="false" />
			<line number="889"  hits="54"  branch="false" />
			<line number="891"  hits="0"  branch="false" />
			<line number="892"  hits="0"  branch="false" />
			<line number="893"  hits="0"  branch="false" />
			<line number="894"  hits="0"  branch="false" />
			<line number="895"  hits="0"  branch="false" />
			<line number="897"  hits="0"  branch="false" />
			<line number="898"  hits="0"  branch="false" />
			<line number="901"  hits="54"  branch="false" />
			<line number="904"  hits="1"  branch="false" />
			<line number="905"  hits="30"  branch="false" />
			<line number="906"  hits="30"  branch="false" />
			<line number="907"  hits="30"  branch="false" />
			<line number="909"  hits="30"  branch="false" />
			<line number="912"  hits="1"  branch="false" />
			<line number="914"  hits="41"  branch="false" />
			<line number="915"  hits="41"  branch="false" />
			<line number="916"  hits="41"  branch="false" />
			<line number="917"  hits="41"  branch="false" />
			<line number="919"  hits="41"  branch="false" />
			<line number="922"  hits="1"  branch="false" />
			<line number="924"  hits="41"  branch="false" />
			<line number="925"  hits="41"  branch="false" />
			<line number="926"  hits="41"  branch="false" />
			<line number="927"  hits="41"  branch="false" />
			<line number="928"  hits="41"  branch="false" />
			<line number="931"  hits="0"  branch="true"  condition-coverage="0% (0/2)" />
			<line number="934"  hits="41"  branch="false" />
			<line number="937"  hits="1"  branch="false" />
			<line number="938"  hits="18"  branch="false" />
			<line number="939"  hits="18"  branch="false" />
			<line number="941"  hits="18"  branch="false" />
			<line number="942"  hits="18"  branch="false" />
			<line number="943"  hits="18"  branch="false" />
			<line number="944"  hits="18"  branch="false" />
			<line number="945"  hits="18"  branch="false" />
			<line number="946"  hits="18"  branch="false" />
			<line number="947"  hits="18"  branch="false" />
			<line number="949"  hits="18"  branch="false" />
			<line number="952"  hits="1"  branch="false" />
			<line number="953"  hits="18"  branch="false" />
			<line number="954"  hits="18"  branch="true"  condition-coverage="50% (1/2)" />
			<line number="955"  hits="18"  branch="false" />
			<line number="956"  hits="0"  branch="false" />
			<line number="957"  hits="0"  branch="false" />
			<line number="958"  hits="0"  branch="false" />
			<line number="960"  hits="0"  branch="false" />
			<line number="962"  hits="0"  branch="false" />
			<line number="966"  hits="18"  branch="false" />
			<line number="969"  hits="1"  branch="false" />
			<line number="970"  hits="72"  branch="false" />
			<line number="971"  hits="72"  branch="false" />
			<line number="972"  hits="78"  branch="false" />
			<line number="975"  hits="72"  branch="false" />
			<line number="978"  hits="1"  branch="false" />
			<line number="979"  hits="18"  branch="false" />
			<line number="980"  hits="18"  branch="true"  condition-coverage="50% (1/2)" />
			<line number="981"  hits="0"  branch="false" />
			<line number="982"  hits="0"  branch="false" />
			<line number="983"  hits="0"  branch="false" />
			<line number="986"  hits="18"  branch="false" />
			<line number="989"  hits="1"  branch="false" />
			<line number="990"  hits="0"  branch="false" />
			<line number="991"  hits="0"  branch="true"  condition-coverage="0% (0/2)" />
			<line number="992"  hits="0"  branch="false" />
			<line number="993"  hits="0"  branch="false" />
			<line number="994"  hits="0"  branch="false" />
			<line number="997"  hits="0"  branch="false" />
			<line number="1000"  hits="1"  branch="false" />
			<line number="1001"  hits="11"  branch="false" />
			<line number="1002"  hits="11"  branch="false" />
			<line number="1003"  hits="11"  branch="false" />
			<line number="1005"  hits="11"  branch="false" />
			<line number="1008"  hits="2"  branch="false" />
			<line number="1018"  hits="1"  branch="false" />
			<line number="1019"  hits="11"  branch="false" />
			<line number="1020"  hits="11"  branch="false" />
			<line number="1021"  hits="11"  branch="false" />
			<line number="1022"  hits="11"  branch="false" />
			<line number="1023"  hits="11"  branch="false" />
			<line number="1024"  hits="11"  branch="false" />
			<line number="1025"  hits="11"  branch="false" />
			<line number="1026"  hits="11"  branch="false" />
			<line number="1028"  hits="11"  branch="false" />
			<line number="1030"  hits="11"  branch="false" />
			<line number="1033"  hits="1"  branch="false" />
			<line number="1034"  hits="11"  branch="false" />
			<line number="1035"  hits="11"  branch="false" />
			<line number="1037"  hits="11"  branch="false" />
			<line number="1040"  hits="1"  branch="false" />
			<line number="1041"  hits="0"  branch="false" />
			<line number="1042"  hits="0"  branch="false" />
			<line number="1043"  hits="0"  branch="false" />
			<line number="1044"  hits="0"  branch="false" />
			<line number="1046"  hits="0"  branch="false" />
			<line number="1049"  hits="1"  branch="false" />
			<line number="1050"  hits="0"  branch="false" />
			<line number="1051"  hits="0"  branch="false" />
			<line number="1052"  hits="0"  branch="false" />
			<line number="1055"  hits="0"  branch="false" />
			<line number="1057"  hits="1"  branch="false" />
			<line number="1058"  hits="0"  branch="false" />
			<line number="1059"  hits="0"  branch="false" />
			<line number="1060"  hits="0"  branch="false" />
			<line number="1061"  hits="0"  branch="false" />
			<line number="1062"  hits="0"  branch="false" />
			<line number="1063"  hits="0"  branch="false" />
			<line number="1066"  hits="0"  branch="false" />
			<line number="1069"  hits="1"  branch="false" />
			<line number="1070"  hits="0"  branch="false" />
			<line number="1071"  hits="0"  branch="false" />
			<line number="1072"  hits="0"  branch="false" />
			<line number="1074"  hits="0"  branch="false" />
			<line number="1077"  hits="1"  branch="false" />
			<line number="1078"  hits="0"  branch="false" />
			<line number="1079"  hits="0"  branch="false" />
			<line number="1080"  hits="0"  branch="false" />
			<line number="1081"  hits="0"  branch="false" />
			<line number="1083"  hits="0"  branch="false" />
			<line number="1086"  hits="1"  branch="false" />
			<line number="1087"  hits="0"  branch="false" />
			<line number="1088"  hits="0"  branch="false" />
			<line number="1089"  hits="0"  branch="false" />
			<line number="1090"  hits="0"  branch="false" />
			<line number="1091"  hits="0"  branch="false" />
			<line number="1093"  hits="0"  branch="false" />
			<line number="1096"  hits="1"  branch="false" />
			<line number="1097"  hits="0"  branch="false" />
			<line number="1098"  hits="0"  branch="false" />
			<line number="1099"  hits="0"  branch="false" />
			<line number="1100"  hits="0"  branch="false" />
			<line number="1101"  hits="0"  branch="false" />
			<line number="1102"  hits="0"  branch="false" />
			<line number="1103"  hits="0"  branch="false" />
			<line number="1106"  hits="1"  branch="false" />
			<line number="1107"  hits="0"  branch="false" />
			<line number="1108"  hits="0"  branch="false" />
			<line number="1109"  hits="0"  branch="false" />
			<line number="1110"  hits="0"  branch="true"  condition-coverage="0% (0/2)" />
			<line number="1111"  hits="0"  branch="false" />
			<line number="1112"  hits="0"  branch="false" />
			<line number="1113"  hits="0"  branch="false" />
			<line number="1114"  hits="0"  branch="false" />
			<line number="1115"  hits="0"  branch="false" />
			<line number="1116"  hits="0"  branch="false" />
			<line number="1117"  hits="0"  branch="false" />
			<line number="1118"  hits="0"  branch="false" />
			<line number="1123"  hits="0"  branch="false" />
			<line number="1126"  hits="0"  branch="false" />
			<line number="1129"  hits="1"  branch="false" />
			<line number="1130"  hits="0"  branch="false" />
			<line number="1131"  hits="0"  branch="false" />
			<line number="1134"  hits="0"  branch="false" />
			<line number="1135"  hits="0"  branch="false" />
			<line number="1136"  hits="0"  branch="false" />
			<line number="1139"  hits="0"  branch="false" />
			<line number="1140"  hits="0"  branch="false" />
			<line number="1141"  hits="0"  branch="false" />
			<line number="1142"  hits="0"  branch="false" />
			<line number="1146"  hits="0"  branch="false" />
			<line number="1147"  hits="0"  branch="false" />
			<line number="1148"  hits="0"  branch="false" />
			<line number="1149"  hits="0"  branch="false" />
			<line number="1153"  hits="0"  branch="false" />
			<line number="1154"  hits="0"  branch="false" />
			<line number="1155"  hits="0"  branch="false" />
			<line number="1156"  hits="0"  branch="false" />
			<line number="1159"  hits="0"  branch="false" />
			<line number="1162"  hits="1"  branch="false" />
			<line number="1163"  hits="0"  branch="false" />
			<line number="1164"  hits="0"  branch="false" />
			<line number="1165"  hits="0"  branch="false" />
			<line number="1166"  hits="0"  branch="true"  condition-coverage="0% (0/2)" />
			<line number="1167"  hits="0"  branch="false" />
			<line number="1168"  hits="0"  branch="false" />
			<line number="1169"  hits="0"  branch="false" />
			<line number="1172"  hits="0"  branch="false" />
			<line number="1175"  hits="0"  branch="false" />
			<line number="1178"  hits="1"  branch="false" />
			<line number="1179"  hits="0"  branch="false" />
			<line number="1180"  hits="0"  branch="false" />
			<line number="1181"  hits="0"  branch="false" />
			<line number="1182"  hits="0"  branch="false" />
			<line number="1184"  hits="0"  branch="false" />
			<line number="1186"  hits="0"  branch="false" />
			<line number="1187"  hits="0"  branch="true"  condition-coverage="0% (0/2)" />
			<line number="1188"  hits="0"  branch="false" />
			<line number="1189"  hits="0"  branch="false" />
			<line number="1190"  hits="0"  branch="false" />
			<line number="1194"  hits="0"  branch="false" />
			<line number="1195"  hits="0"  branch="true"  condition-coverage="0% (0/2)" />
			<line number="1196"  hits="0"  branch="false" />
			<line number="1197"  hits="0"  branch="false" />
			<line number="1198"  hits="0"  branch="false" />
			<line number="1199"  hits="0"  branch="false" />
			<line number="1202"  hits="0"  branch="false" />
			<line number="1205"  hits="1"  branch="false" />
			<line number="1206"  hits="0"  branch="false" />
			<line number="1207"  hits="0"  branch="false" />
			<line number="1208"  hits="0"  branch="false" />
			<line number="1209"  hits="0"  branch="false" />
			<line number="1211"  hits="0"  branch="false" />
			<line number="1214"  hits="1"  branch="false" />
			<line number="1215"  hits="0"  branch="true"  condition-coverage="0% (0/2)" />
			<line number="1216"  hits="0"  branch="false" />
			<line number="1217"  hits="0"  branch="false" />
			<line number="1218"  hits="0"  branch="false" />
			<line number="1219"  hits="0"  branch="false" />
			<line number="1221"  hits="0"  branch="false" />
			<line number="1226"  hits="1"  branch="false" />
			<line number="1227"  hits="346"  branch="false" />
			<line number="1228"  hits="346"  branch="false" />
			<line number="1230"  hits="346"  branch="false" />
			<line number="1233"  hits="2"  branch="false" />
		</lines>
		</class>
		<class name="Channel.js"  filename="node_modules/fabric-client/lib/Channel.js"  line-rate="0.8147"  branch-rate="0.6584" >
		<methods>
			<method name="(anonymous_1)"  hits="49"  signature="()V" >
				<lines><line number="78"  hits="49" /></lines>
			</method>
			<method name="(anonymous_2)"  hits="10"  signature="()V" >
				<lines><line number="115"  hits="10" /></lines>
			</method>
			<method name="(anonymous_3)"  hits="10"  signature="()V" >
				<lines><line number="124"  hits="10" /></lines>
			</method>
			<method name="(anonymous_4)"  hits="0"  signature="()V" >
				<lines><line number="131"  hits="0" /></lines>
			</method>
			<method name="(anonymous_5)"  hits="2"  signature="()V" >
				<lines><line number="142"  hits="2" /></lines>
			</method>
			<method name="(anonymous_6)"  hits="2"  signature="()V" >
				<lines><line number="151"  hits="2" /></lines>
			</method>
			<method name="(anonymous_7)"  hits="1"  signature="()V" >
				<lines><line number="176"  hits="1" /></lines>
			</method>
			<method name="(anonymous_8)"  hits="23"  signature="()V" >
				<lines><line number="184"  hits="23" /></lines>
			</method>
			<method name="(anonymous_9)"  hits="46"  signature="()V" >
				<lines><line number="194"  hits="46" /></lines>
			</method>
			<method name="(anonymous_10)"  hits="3"  signature="()V" >
				<lines><line number="212"  hits="3" /></lines>
			</method>
			<method name="(anonymous_11)"  hits="36"  signature="()V" >
				<lines><line number="227"  hits="36" /></lines>
			</method>
			<method name="(anonymous_12)"  hits="31"  signature="()V" >
				<lines><line number="241"  hits="31" /></lines>
			</method>
			<method name="(anonymous_13)"  hits="1"  signature="()V" >
				<lines><line number="259"  hits="1" /></lines>
			</method>
			<method name="(anonymous_14)"  hits="30"  signature="()V" >
				<lines><line number="273"  hits="30" /></lines>
			</method>
			<method name="(anonymous_15)"  hits="6"  signature="()V" >
				<lines><line number="286"  hits="6" /></lines>
			</method>
			<method name="(anonymous_16)"  hits="7"  signature="()V" >
				<lines><line number="369"  hits="7" /></lines>
			</method>
			<method name="(anonymous_17)"  hits="4"  signature="()V" >
				<lines><line number="429"  hits="4" /></lines>
			</method>
			<method name="(anonymous_18)"  hits="0"  signature="()V" >
				<lines><line number="433"  hits="0" /></lines>
			</method>
			<method name="(anonymous_19)"  hits="10"  signature="()V" >
				<lines><line number="447"  hits="10" /></lines>
			</method>
			<method name="(anonymous_20)"  hits="10"  signature="()V" >
				<lines><line number="497"  hits="10" /></lines>
			</method>
			<method name="(anonymous_21)"  hits="10"  signature="()V" >
				<lines><line number="562"  hits="10" /></lines>
			</method>
			<method name="(anonymous_22)"  hits="0"  signature="()V" >
				<lines><line number="584"  hits="0" /></lines>
			</method>
			<method name="(anonymous_23)"  hits="1"  signature="()V" >
				<lines><line number="597"  hits="1" /></lines>
			</method>
			<method name="(anonymous_24)"  hits="1"  signature="()V" >
				<lines><line number="610"  hits="1" /></lines>
			</method>
			<method name="(anonymous_25)"  hits="11"  signature="()V" >
				<lines><line number="643"  hits="11" /></lines>
			</method>
			<method name="(anonymous_26)"  hits="2"  signature="()V" >
				<lines><line number="671"  hits="2" /></lines>
			</method>
			<method name="(anonymous_27)"  hits="1"  signature="()V" >
				<lines><line number="690"  hits="1" /></lines>
			</method>
			<method name="(anonymous_28)"  hits="1"  signature="()V" >
				<lines><line number="713"  hits="1" /></lines>
			</method>
			<method name="(anonymous_29)"  hits="14"  signature="()V" >
				<lines><line number="720"  hits="14" /></lines>
			</method>
			<method name="(anonymous_30)"  hits="5"  signature="()V" >
				<lines><line number="743"  hits="5" /></lines>
			</method>
			<method name="(anonymous_31)"  hits="1"  signature="()V" >
				<lines><line number="766"  hits="1" /></lines>
			</method>
			<method name="(anonymous_32)"  hits="1"  signature="()V" >
				<lines><line number="790"  hits="1" /></lines>
			</method>
			<method name="(anonymous_33)"  hits="8"  signature="()V" >
				<lines><line number="805"  hits="8" /></lines>
			</method>
			<method name="(anonymous_34)"  hits="3"  signature="()V" >
				<lines><line number="830"  hits="3" /></lines>
			</method>
			<method name="(anonymous_35)"  hits="2"  signature="()V" >
				<lines><line number="854"  hits="2" /></lines>
			</method>
			<method name="(anonymous_36)"  hits="3"  signature="()V" >
				<lines><line number="869"  hits="3" /></lines>
			</method>
			<method name="(anonymous_37)"  hits="1"  signature="()V" >
				<lines><line number="894"  hits="1" /></lines>
			</method>
			<method name="(anonymous_38)"  hits="1"  signature="()V" >
				<lines><line number="917"  hits="1" /></lines>
			</method>
			<method name="(anonymous_39)"  hits="2"  signature="()V" >
				<lines><line number="930"  hits="2" /></lines>
			</method>
			<method name="(anonymous_40)"  hits="1"  signature="()V" >
				<lines><line number="949"  hits="1" /></lines>
			</method>
			<method name="(anonymous_41)"  hits="0"  signature="()V" >
				<lines><line number="976"  hits="0" /></lines>
			</method>
			<method name="(anonymous_42)"  hits="7"  signature="()V" >
				<lines><line number="1035"  hits="7" /></lines>
			</method>
			<method name="(anonymous_43)"  hits="5"  signature="()V" >
				<lines><line number="1062"  hits="5" /></lines>
			</method>
			<method name="(anonymous_44)"  hits="12"  signature="()V" >
				<lines><line number="1069"  hits="12" /></lines>
			</method>
			<method name="(anonymous_45)"  hits="8"  signature="()V" >
				<lines><line number="1153"  hits="8" /></lines>
			</method>
			<method name="(anonymous_46)"  hits="24"  signature="()V" >
				<lines><line number="1173"  hits="24" /></lines>
			</method>
			<method name="(anonymous_47)"  hits="25"  signature="()V" >
				<lines><line number="1194"  hits="25" /></lines>
			</method>
			<method name="(anonymous_48)"  hits="18"  signature="()V" >
				<lines><line number="1258"  hits="18" /></lines>
			</method>
			<method name="(anonymous_49)"  hits="0"  signature="()V" >
				<lines><line number="1262"  hits="0" /></lines>
			</method>
			<method name="(anonymous_50)"  hits="10"  signature="()V" >
				<lines><line number="1284"  hits="10" /></lines>
			</method>
			<method name="(anonymous_51)"  hits="8"  signature="()V" >
				<lines><line number="1399"  hits="8" /></lines>
			</method>
			<method name="(anonymous_52)"  hits="4"  signature="()V" >
				<lines><line number="1419"  hits="4" /></lines>
			</method>
			<method name="(anonymous_53)"  hits="3"  signature="()V" >
				<lines><line number="1443"  hits="3" /></lines>
			</method>
			<method name="(anonymous_54)"  hits="4"  signature="()V" >
				<lines><line number="1467"  hits="4" /></lines>
			</method>
			<method name="(anonymous_55)"  hits="4"  signature="()V" >
				<lines><line number="1532"  hits="4" /></lines>
			</method>
			<method name="(anonymous_56)"  hits="22"  signature="()V" >
				<lines><line number="1560"  hits="22" /></lines>
			</method>
			<method name="(anonymous_57)"  hits="11"  signature="()V" >
				<lines><line number="1567"  hits="11" /></lines>
			</method>
			<method name="_getProposalResponseResults"  hits="1"  signature="()V" >
				<lines><line number="1584"  hits="1" /></lines>
			</method>
			<method name="_combineMSPs"  hits="0"  signature="()V" >
				<lines><line number="1597"  hits="0" /></lines>
			</method>
			<method name="_arrayToMap"  hits="0"  signature="()V" >
				<lines><line number="1607"  hits="0" /></lines>
			</method>
			<method name="loadConfigGroup"  hits="75"  signature="()V" >
				<lines><line number="1629"  hits="75" /></lines>
			</method>
			<method name="loadConfigValue"  hits="123"  signature="()V" >
				<lines><line number="1726"  hits="123" /></lines>
			</method>
			<method name="loadConfigPolicy"  hits="209"  signature="()V" >
				<lines><line number="1821"  hits="209" /></lines>
			</method>
			<method name="loadPolicy"  hits="210"  signature="()V" >
				<lines><line number="1830"  hits="210" /></lines>
			</method>
			<method name="decodeSignaturePolicy"  hits="0"  signature="()V" >
				<lines><line number="1852"  hits="0" /></lines>
			</method>
		</methods>
		<lines>
			<line number="19"  hits="1"  branch="false" />
			<line number="20"  hits="1"  branch="false" />
			<line number="21"  hits="1"  branch="false" />
			<line number="22"  hits="1"  branch="false" />
			<line number="23"  hits="1"  branch="false" />
			<line number="24"  hits="1"  branch="false" />
			<line number="25"  hits="1"  branch="false" />
			<line number="26"  hits="1"  branch="false" />
			<line number="27"  hits="1"  branch="false" />
			<line number="28"  hits="1"  branch="false" />
			<line number="29"  hits="1"  branch="false" />
			<line number="30"  hits="1"  branch="false" />
			<line number="31"  hits="1"  branch="false" />
			<line number="32"  hits="1"  branch="false" />
			<line number="33"  hits="1"  branch="false" />
			<line number="34"  hits="1"  branch="false" />
			<line number="35"  hits="1"  branch="false" />
			<line number="36"  hits="1"  branch="false" />
			<line number="38"  hits="1"  branch="false" />
			<line number="39"  hits="1"  branch="false" />
			<line number="40"  hits="1"  branch="false" />
			<line number="41"  hits="1"  branch="false" />
			<line number="42"  hits="1"  branch="false" />
			<line number="43"  hits="1"  branch="false" />
			<line number="44"  hits="1"  branch="false" />
			<line number="45"  hits="1"  branch="false" />
			<line number="46"  hits="1"  branch="false" />
			<line number="47"  hits="1"  branch="false" />
			<line number="48"  hits="1"  branch="false" />
			<line number="49"  hits="1"  branch="false" />
			<line number="50"  hits="1"  branch="false" />
			<line number="51"  hits="1"  branch="false" />
			<line number="52"  hits="1"  branch="false" />
			<line number="53"  hits="1"  branch="false" />
			<line number="55"  hits="1"  branch="false" />
			<line number="56"  hits="1"  branch="false" />
			<line number="70"  hits="1"  branch="false" />
			<line number="80"  hits="49"  branch="true"  condition-coverage="100% (4/4)" />
			<line number="81"  hits="1"  branch="false" />
			<line number="82"  hits="1"  branch="false" />
			<line number="85"  hits="48"  branch="true"  condition-coverage="100% (4/4)" />
			<line number="86"  hits="1"  branch="false" />
			<line number="87"  hits="1"  branch="false" />
			<line number="90"  hits="47"  branch="false" />
			<line number="92"  hits="47"  branch="false" />
			<line number="93"  hits="47"  branch="false" />
			<line number="94"  hits="47"  branch="false" />
			<line number="95"  hits="47"  branch="false" />
			<line number="97"  hits="47"  branch="false" />
			<line number="99"  hits="47"  branch="false" />
			<line number="102"  hits="47"  branch="false" />
			<line number="116"  hits="10"  branch="true"  condition-coverage="50% (1/2)" />
			<line number="117"  hits="0"  branch="false" />
			<line number="118"  hits="0"  branch="false" />
			<line number="121"  hits="10"  branch="false" />
			<line number="122"  hits="10"  branch="false" />
			<line number="125"  hits="10"  branch="false" />
			<line number="126"  hits="10"  branch="false" />
			<line number="127"  hits="10"  branch="false" />
			<line number="132"  hits="0"  branch="true"  condition-coverage="0% (0/2)" />
			<line number="133"  hits="0"  branch="false" />
			<line number="143"  hits="2"  branch="false" />
			<line number="152"  hits="2"  branch="false" />
			<line number="153"  hits="2"  branch="false" />
			<line number="154"  hits="2"  branch="false" />
			<line number="155"  hits="2"  branch="true"  condition-coverage="50% (1/2)" />
			<line number="156"  hits="2"  branch="false" />
			<line number="157"  hits="2"  branch="false" />
			<line number="158"  hits="3"  branch="false" />
			<line number="159"  hits="3"  branch="false" />
			<line number="160"  hits="3"  branch="false" />
			<line number="161"  hits="3"  branch="false" />
			<line number="164"  hits="2"  branch="false" />
			<line number="165"  hits="2"  branch="false" />
			<line number="177"  hits="1"  branch="false" />
			<line number="185"  hits="23"  branch="false" />
			<line number="195"  hits="46"  branch="false" />
			<line number="196"  hits="46"  branch="false" />
			<line number="197"  hits="15"  branch="true"  condition-coverage="100% (2/2)" />
			<line number="198"  hits="1"  branch="false" />
			<line number="199"  hits="1"  branch="false" />
			<line number="200"  hits="1"  branch="false" />
			<line number="201"  hits="1"  branch="false" />
			<line number="202"  hits="1"  branch="false" />
			<line number="205"  hits="45"  branch="false" />
			<line number="213"  hits="3"  branch="false" />
			<line number="214"  hits="3"  branch="false" />
			<line number="215"  hits="3"  branch="true"  condition-coverage="50% (1/2)" />
			<line number="216"  hits="3"  branch="false" />
			<line number="217"  hits="3"  branch="false" />
			<line number="218"  hits="3"  branch="false" />
			<line number="228"  hits="36"  branch="false" />
			<line number="229"  hits="36"  branch="false" />
			<line number="242"  hits="31"  branch="false" />
			<line number="243"  hits="31"  branch="false" />
			<line number="244"  hits="2"  branch="true"  condition-coverage="100% (2/2)" />
			<line number="245"  hits="1"  branch="false" />
			<line number="246"  hits="1"  branch="false" />
			<line number="247"  hits="1"  branch="false" />
			<line number="248"  hits="1"  branch="false" />
			<line number="249"  hits="1"  branch="false" />
			<line number="252"  hits="30"  branch="false" />
			<line number="260"  hits="1"  branch="false" />
			<line number="261"  hits="1"  branch="false" />
			<line number="262"  hits="1"  branch="true"  condition-coverage="50% (1/2)" />
			<line number="263"  hits="1"  branch="false" />
			<line number="264"  hits="1"  branch="false" />
			<line number="265"  hits="1"  branch="false" />
			<line number="274"  hits="30"  branch="false" />
			<line number="287"  hits="6"  branch="false" />
			<line number="288"  hits="6"  branch="false" />
			<line number="291"  hits="6"  branch="true"  condition-coverage="100% (2/2)" />
			<line number="292"  hits="1"  branch="false" />
			<line number="295"  hits="5"  branch="true"  condition-coverage="100% (2/2)" />
			<line number="296"  hits="1"  branch="false" />
			<line number="299"  hits="6"  branch="true"  condition-coverage="100% (2/2)" />
			<line number="300"  hits="2"  branch="false" />
			<line number="301"  hits="2"  branch="false" />
			<line number="304"  hits="4"  branch="false" />
			<line number="305"  hits="4"  branch="false" />
			<line number="306"  hits="4"  branch="false" />
			<line number="308"  hits="4"  branch="false" />
			<line number="313"  hits="4"  branch="false" />
			<line number="314"  hits="4"  branch="false" />
			<line number="315"  hits="4"  branch="false" />
			<line number="316"  hits="4"  branch="false" />
			<line number="319"  hits="4"  branch="false" />
			<line number="320"  hits="4"  branch="false" />
			<line number="321"  hits="4"  branch="false" />
			<line number="322"  hits="4"  branch="false" />
			<line number="325"  hits="4"  branch="false" />
			<line number="326"  hits="4"  branch="false" />
			<line number="327"  hits="4"  branch="false" />
			<line number="328"  hits="4"  branch="false" />
			<line number="331"  hits="4"  branch="false" />
			<line number="338"  hits="4"  branch="false" />
			<line number="339"  hits="4"  branch="false" />
			<line number="340"  hits="4"  branch="false" />
			<line number="341"  hits="4"  branch="false" />
			<line number="342"  hits="4"  branch="false" />
			<line number="344"  hits="4"  branch="false" />
			<line number="345"  hits="4"  branch="false" />
			<line number="348"  hits="4"  branch="false" />
			<line number="353"  hits="4"  branch="false" />
			<line number="370"  hits="7"  branch="false" />
			<line number="371"  hits="7"  branch="false" />
			<line number="375"  hits="7"  branch="true"  condition-coverage="100% (2/2)" />
			<line number="376"  hits="1"  branch="false" />
			<line number="380"  hits="6"  branch="true"  condition-coverage="100% (2/2)" />
			<line number="381"  hits="1"  branch="false" />
			<line number="385"  hits="5"  branch="true"  condition-coverage="100% (2/2)" />
			<line number="386"  hits="1"  branch="false" />
			<line number="389"  hits="4"  branch="true"  condition-coverage="50% (1/2)" />
			<line number="390"  hits="0"  branch="false" />
			<line number="393"  hits="7"  branch="true"  condition-coverage="100% (2/2)" />
			<line number="394"  hits="3"  branch="false" />
			<line number="395"  hits="3"  branch="false" />
			<line number="398"  hits="4"  branch="false" />
			<line number="399"  hits="4"  branch="false" />
			<line number="400"  hits="4"  branch="false" />
			<line number="401"  hits="4"  branch="false" />
			<line number="402"  hits="4"  branch="false" />
			<line number="403"  hits="4"  branch="false" />
			<line number="405"  hits="4"  branch="false" />
			<line number="407"  hits="4"  branch="false" />
			<line number="408"  hits="4"  branch="false" />
			<line number="410"  hits="4"  branch="false" />
			<line number="411"  hits="4"  branch="false" />
			<line number="412"  hits="4"  branch="false" />
			<line number="413"  hits="4"  branch="false" />
			<line number="415"  hits="4"  branch="false" />
			<line number="423"  hits="4"  branch="false" />
			<line number="424"  hits="4"  branch="false" />
			<line number="425"  hits="4"  branch="false" />
			<line number="427"  hits="4"  branch="false" />
			<line number="430"  hits="4"  branch="false" />
			<line number="434"  hits="0"  branch="true"  condition-coverage="0% (0/2)" />
			<line number="435"  hits="0"  branch="false" />
			<line number="448"  hits="10"  branch="false" />
			<line number="450"  hits="10"  branch="false" />
			<line number="451"  hits="10"  branch="false" />
			<line number="452"  hits="10"  branch="false" />
			<line number="454"  hits="10"  branch="false" />
			<line number="455"  hits="10"  branch="false" />
			<line number="458"  hits="10"  branch="false" />
			<line number="459"  hits="10"  branch="false" />
			<line number="460"  hits="10"  branch="false" />
			<line number="462"  hits="10"  branch="false" />
			<line number="463"  hits="10"  branch="false" />
			<line number="464"  hits="10"  branch="false" />
			<line number="467"  hits="10"  branch="false" />
			<line number="468"  hits="10"  branch="false" />
			<line number="469"  hits="10"  branch="false" />
			<line number="470"  hits="10"  branch="false" />
			<line number="473"  hits="10"  branch="false" />
			<line number="480"  hits="10"  branch="false" />
			<line number="481"  hits="10"  branch="false" />
			<line number="482"  hits="10"  branch="false" />
			<line number="483"  hits="10"  branch="false" />
			<line number="484"  hits="10"  branch="false" />
			<line number="486"  hits="10"  branch="false" />
			<line number="487"  hits="10"  branch="false" />
			<line number="490"  hits="10"  branch="false" />
			<line number="495"  hits="10"  branch="false" />
			<line number="498"  hits="10"  branch="false" />
			<line number="500"  hits="10"  branch="true"  condition-coverage="50% (1/2)" />
			<line number="501"  hits="10"  branch="false" />
			<line number="504"  hits="0"  branch="false" />
			<line number="505"  hits="0"  branch="false" />
			<line number="508"  hits="10"  branch="false" />
			<line number="510"  hits="10"  branch="false" />
			<line number="511"  hits="10"  branch="false" />
			<line number="512"  hits="10"  branch="false" />
			<line number="514"  hits="10"  branch="false" />
			<line number="518"  hits="10"  branch="false" />
			<line number="519"  hits="10"  branch="false" />
			<line number="520"  hits="10"  branch="false" />
			<line number="521"  hits="10"  branch="false" />
			<line number="524"  hits="10"  branch="false" />
			<line number="525"  hits="10"  branch="false" />
			<line number="526"  hits="10"  branch="false" />
			<line number="527"  hits="10"  branch="false" />
			<line number="530"  hits="10"  branch="false" />
			<line number="531"  hits="10"  branch="false" />
[...]
			</method>
			<method name="(anonymous_6)"  hits="0"  signature="()V" >
				<lines><line number="95"  hits="0" /></lines>
			</method>
		</methods>
		<lines>
			<line number="19"  hits="1"  branch="false" />
			<line number="21"  hits="1"  branch="false" />
			<line number="32"  hits="1"  branch="false" />
			<line number="35"  hits="0"  branch="true"  condition-coverage="0% (0/4)" />
			<line number="36"  hits="0"  branch="false" />
			<line number="37"  hits="0"  branch="true"  condition-coverage="0% (0/4)" />
			<line number="38"  hits="0"  branch="false" />
			<line number="39"  hits="0"  branch="true"  condition-coverage="0% (0/2)" />
			<line number="40"  hits="0"  branch="false" />
			<line number="41"  hits="0"  branch="true"  condition-coverage="0% (0/6)" />
			<line number="43"  hits="0"  branch="false" />
			<line number="44"  hits="0"  branch="true"  condition-coverage="0% (0/5)" />
			<line number="45"  hits="0"  branch="false" />
			<line number="47"  hits="0"  branch="true"  condition-coverage="0% (0/5)" />
			<line number="48"  hits="0"  branch="false" />
			<line number="50"  hits="0"  branch="true"  condition-coverage="0% (0/2)" />
			<line number="51"  hits="0"  branch="false" />
			<line number="52"  hits="0"  branch="true"  condition-coverage="0% (0/4)" />
			<line number="55"  hits="0"  branch="false" />
			<line number="60"  hits="0"  branch="false" />
			<line number="61"  hits="0"  branch="false" />
			<line number="67"  hits="0"  branch="true"  condition-coverage="0% (0/4)" />
			<line number="68"  hits="0"  branch="false" />
			<line number="69"  hits="0"  branch="false" />
			<line number="73"  hits="0"  branch="false" />
			<line number="74"  hits="0"  branch="false" />
			<line number="75"  hits="0"  branch="false" />
			<line number="80"  hits="0"  branch="false" />
			<line number="84"  hits="0"  branch="false" />
			<line number="88"  hits="0"  branch="false" />
			<line number="92"  hits="0"  branch="true"  condition-coverage="0% (0/2)" />
			<line number="96"  hits="0"  branch="true"  condition-coverage="0% (0/2)" />
			<line number="97"  hits="0"  branch="false" />
			<line number="99"  hits="0"  branch="false" />
			<line number="103"  hits="1"  branch="false" />
		</lines>
		</class>
	</classes>
	</package>
	<package name="fabric-client.lib.msp"  line-rate="0.7914"  branch-rate="0.7164" >
	<classes>
		<class name="identity.js"  filename="node_modules/fabric-client/lib/msp/identity.js"  line-rate="0.9"  branch-rate="0.76" >
		<methods>
			<method name="(anonymous_1)"  hits="142"  signature="()V" >
				<lines><line number="25"  hits="142" /></lines>
			</method>
			<method name="(anonymous_2)"  hits="176"  signature="()V" >
				<lines><line number="51"  hits="176" /></lines>
			</method>
			<method name="(anonymous_3)"  hits="0"  signature="()V" >
				<lines><line number="62"  hits="0" /></lines>
			</method>
			<method name="(anonymous_4)"  hits="0"  signature="()V" >
				<lines><line number="80"  hits="0" /></lines>
			</method>
			<method name="(anonymous_5)"  hits="1"  signature="()V" >
				<lines><line number="90"  hits="1" /></lines>
			</method>
			<method name="(anonymous_6)"  hits="0"  signature="()V" >
				<lines><line number="98"  hits="0" /></lines>
			</method>
			<method name="(anonymous_7)"  hits="174"  signature="()V" >
				<lines><line number="106"  hits="174" /></lines>
			</method>
			<method name="(anonymous_8)"  hits="67"  signature="()V" >
				<lines><line number="125"  hits="67" /></lines>
			</method>
			<method name="(anonymous_9)"  hits="1"  signature="()V" >
				<lines><line number="141"  hits="1" /></lines>
			</method>
			<method name="(anonymous_10)"  hits="104"  signature="()V" >
				<lines><line number="161"  hits="104" /></lines>
			</method>
			<method name="(anonymous_11)"  hits="69"  signature="()V" >
				<lines><line number="182"  hits="69" /></lines>
			</method>
			<method name="(anonymous_12)"  hits="105"  signature="()V" >
				<lines><line number="199"  hits="105" /></lines>
			</method>
			<method name="(anonymous_13)"  hits="1"  signature="()V" >
				<lines><line number="216"  hits="1" /></lines>
			</method>
		</methods>
		<lines>
			<line number="3"  hits="1"  branch="false" />
			<line number="5"  hits="1"  branch="false" />
			<line number="17"  hits="1"  branch="false" />
			<line number="27"  hits="142"  branch="true"  condition-coverage="100% (2/2)" />
			<line number="28"  hits="2"  branch="false" />
			<line number="30"  hits="140"  branch="true"  condition-coverage="100% (2/2)" />
			<line number="31"  hits="2"  branch="false" />
			<line number="33"  hits="138"  branch="true"  condition-coverage="100% (2/2)" />
			<line number="34"  hits="2"  branch="false" />
			<line number="36"  hits="136"  branch="true"  condition-coverage="50% (1/2)" />
			<line number="37"  hits="0"  branch="false" />
			<line number="39"  hits="136"  branch="false" />
			<line number="40"  hits="136"  branch="false" />
			<line number="41"  hits="136"  branch="false" />
			<line number="42"  hits="136"  branch="false" />
			<line number="52"  hits="176"  branch="false" />
			<line number="63"  hits="0"  branch="false" />
			<line number="81"  hits="0"  branch="false" />
			<line number="91"  hits="1"  branch="false" />
			<line number="99"  hits="0"  branch="false" />
			<line number="107"  hits="174"  branch="false" />
			<line number="108"  hits="174"  branch="false" />
			<line number="109"  hits="174"  branch="false" />
			<line number="110"  hits="174"  branch="false" />
			<line number="119"  hits="1"  branch="false" />
			<line number="126"  hits="67"  branch="true"  condition-coverage="100% (2/2)" />
			<line number="127"  hits="1"  branch="false" />
			<line number="129"  hits="66"  branch="true"  condition-coverage="100% (2/2)" />
			<line number="130"  hits="1"  branch="false" />
			<line number="132"  hits="65"  branch="false" />
			<line number="133"  hits="65"  branch="false" />
			<line number="142"  hits="1"  branch="false" />
			<line number="162"  hits="104"  branch="false" />
			<line number="172"  hits="1"  branch="false" />
			<line number="183"  hits="69"  branch="false" />
			<line number="185"  hits="66"  branch="true"  condition-coverage="100% (2/2)" />
			<line number="186"  hits="1"  branch="false" />
			<line number="188"  hits="65"  branch="false" />
			<line number="201"  hits="105"  branch="false" />
			<line number="202"  hits="105"  branch="true"  condition-coverage="100% (4/4)" />
			<line number="203"  hits="1"  branch="true"  condition-coverage="50% (1/2)" />
			<line number="204"  hits="1"  branch="false" />
			<line number="207"  hits="0"  branch="false" />
			<line number="209"  hits="104"  branch="false" />
			<line number="212"  hits="104"  branch="false" />
			<line number="213"  hits="104"  branch="false" />
			<line number="217"  hits="1"  branch="true"  condition-coverage="20% (1/5)" />
			<line number="225"  hits="1"  branch="false" />
			<line number="226"  hits="1"  branch="false" />
			<line number="227"  hits="1"  branch="false" />
		</lines>
		</class>
		<class name="msp-manager.js"  filename="node_modules/fabric-client/lib/msp/msp-manager.js"  line-rate="0.7736"  branch-rate="0.7273000000000001" >
		<methods>
			<method name="(anonymous_1)"  hits="50"  signature="()V" >
				<lines><line number="42"  hits="50" /></lines>
			</method>
			<method name="(anonymous_2)"  hits="17"  signature="()V" >
				<lines><line number="55"  hits="17" /></lines>
			</method>
			<method name="(anonymous_3)"  hits="0"  signature="()V" >
				<lines><line number="123"  hits="0" /></lines>
			</method>
			<method name="(anonymous_4)"  hits="25"  signature="()V" >
				<lines><line number="134"  hits="25" /></lines>
			</method>
			<method name="(anonymous_5)"  hits="1"  signature="()V" >
				<lines><line number="141"  hits="1" /></lines>
			</method>
			<method name="(anonymous_6)"  hits="1"  signature="()V" >
				<lines><line number="151"  hits="1" /></lines>
			</method>
		</methods>
		<lines>
			<line number="19"  hits="1"  branch="false" />
			<line number="20"  hits="1"  branch="false" />
			<line number="21"  hits="1"  branch="false" />
			<line number="23"  hits="1"  branch="false" />
			<line number="24"  hits="1"  branch="false" />
			<line number="25"  hits="1"  branch="false" />
			<line number="26"  hits="1"  branch="false" />
			<line number="28"  hits="1"  branch="false" />
			<line number="29"  hits="1"  branch="false" />
			<line number="31"  hits="1"  branch="false" />
			<line number="32"  hits="1"  branch="false" />
			<line number="41"  hits="1"  branch="false" />
			<line number="43"  hits="50"  branch="false" />
			<line number="56"  hits="17"  branch="false" />
			<line number="57"  hits="17"  branch="false" />
			<line number="58"  hits="17"  branch="true"  condition-coverage="100% (4/4)" />
			<line number="59"  hits="1"  branch="false" />
			<line number="61"  hits="16"  branch="false" />
			<line number="62"  hits="38"  branch="true"  condition-coverage="100% (4/4)" />
			<line number="63"  hits="1"  branch="false" />
			<line number="65"  hits="37"  branch="true"  condition-coverage="100% (4/4)" />
			<line number="66"  hits="2"  branch="false" />
			<line number="68"  hits="35"  branch="false" />
			<line number="70"  hits="35"  branch="true"  condition-coverage="50% (1/2)" />
			<line number="71"  hits="0"  branch="false" />
			<line number="76"  hits="35"  branch="true"  condition-coverage="50% (1/2)" />
			<line number="77"  hits="0"  branch="false" />
			<line number="81"  hits="35"  branch="false" />
			<line number="82"  hits="35"  branch="false" />
			<line number="85"  hits="35"  branch="false" />
			<line number="86"  hits="35"  branch="false" />
			<line number="87"  hits="35"  branch="true"  condition-coverage="50% (1/2)" />
			<line number="88"  hits="0"  branch="false" />
			<line number="89"  hits="0"  branch="false" />
			<line number="90"  hits="0"  branch="false" />
			<line number="91"  hits="0"  branch="false" />
			<line number="94"  hits="35"  branch="false" />
			<line number="102"  hits="35"  branch="false" />
			<line number="104"  hits="35"  branch="false" />
			<line number="124"  hits="0"  branch="true"  condition-coverage="0% (0/2)" />
			<line number="125"  hits="0"  branch="false" />
			<line number="126"  hits="0"  branch="false" />
			<line number="127"  hits="0"  branch="false" />
			<line number="128"  hits="0"  branch="false" />
			<line number="135"  hits="25"  branch="false" />
			<line number="142"  hits="1"  branch="false" />
			<line number="152"  hits="1"  branch="false" />
			<line number="153"  hits="1"  branch="false" />
			<line number="154"  hits="1"  branch="false" />
			<line number="156"  hits="1"  branch="true"  condition-coverage="50% (1/2)" />
			<line number="157"  hits="0"  branch="false" />
			<line number="159"  hits="1"  branch="false" />
			<line number="163"  hits="1"  branch="false" />
		</lines>
		</class>
		<class name="msp.js"  filename="node_modules/fabric-client/lib/msp/msp.js"  line-rate="0.7167"  branch-rate="0.65" >
		<methods>
			<method name="(anonymous_1)"  hits="43"  signature="()V" >
				<lines><line number="37"  hits="43" /></lines>
			</method>
			<method name="(anonymous_2)"  hits="47"  signature="()V" >
				<lines><line number="68"  hits="47" /></lines>
			</method>
			<method name="(anonymous_3)"  hits="2"  signature="()V" >
				<lines><line number="76"  hits="2" /></lines>
			</method>
			<method name="(anonymous_4)"  hits="0"  signature="()V" >
				<lines><line number="84"  hits="0" /></lines>
			</method>
			<method name="(anonymous_5)"  hits="0"  signature="()V" >
				<lines><line number="93"  hits="0" /></lines>
			</method>
			<method name="(anonymous_6)"  hits="0"  signature="()V" >
				<lines><line number="101"  hits="0" /></lines>
			</method>
			<method name="(anonymous_7)"  hits="0"  signature="()V" >
				<lines><line number="108"  hits="0" /></lines>
			</method>
			<method name="(anonymous_8)"  hits="3"  signature="()V" >
				<lines><line number="137"  hits="3" /></lines>
			</method>
			<method name="(anonymous_9)"  hits="0"  signature="()V" >
				<lines><line number="166"  hits="0" /></lines>
			</method>
		</methods>
		<lines>
			<line number="3"  hits="1"  branch="false" />
			<line number="4"  hits="1"  branch="false" />
			<line number="5"  hits="1"  branch="false" />
			<line number="6"  hits="1"  branch="false" />
			<line number="7"  hits="1"  branch="false" />
			<line number="8"  hits="1"  branch="false" />
			<line number="10"  hits="1"  branch="false" />
			<line number="11"  hits="1"  branch="false" />
			<line number="12"  hits="1"  branch="false" />
			<line number="22"  hits="1"  branch="false" />
			<line number="38"  hits="43"  branch="false" />
			<line number="39"  hits="43"  branch="true"  condition-coverage="100% (2/2)" />
			<line number="40"  hits="1"  branch="false" />
			<line number="42"  hits="42"  branch="true"  condition-coverage="100% (2/2)" />
			<line number="43"  hits="1"  branch="false" />
			<line number="45"  hits="41"  branch="true"  condition-coverage="100% (2/2)" />
			<line number="46"  hits="1"  branch="false" />
			<line number="48"  hits="40"  branch="true"  condition-coverage="100% (2/2)" />
			<line number="50"  hits="1"  branch="true"  condition-coverage="50% (1/2)" />
			<line number="51"  hits="1"  branch="false" />
			<line number="55"  hits="39"  branch="false" />
			<line number="56"  hits="39"  branch="false" />
			<line number="57"  hits="39"  branch="false" />
			<line number="58"  hits="39"  branch="false" />
			<line number="59"  hits="39"  branch="false" />
			<line number="60"  hits="39"  branch="false" />
			<line number="61"  hits="39"  branch="false" />
			<line number="69"  hits="47"  branch="false" />
			<line number="77"  hits="2"  branch="false" />
			<line number="85"  hits="0"  branch="false" />
			<line number="94"  hits="0"  branch="false" />
			<line number="102"  hits="0"  branch="false" />
			<line number="109"  hits="0"  branch="false" />
			<line number="110"  hits="0"  branch="false" />
			<line number="111"  hits="0"  branch="false" />
			<line number="112"  hits="0"  branch="false" />
			<line number="113"  hits="0"  branch="false" />
			<line number="114"  hits="0"  branch="true"  condition-coverage="0% (0/2)" />
			<line number="115"  hits="0"  branch="false" />
			<line number="117"  hits="0"  branch="true"  condition-coverage="0% (0/2)" />
			<line number="118"  hits="0"  branch="false" />
			<line number="120"  hits="0"  branch="true"  condition-coverage="0% (0/2)" />
			<line number="122"  hits="0"  branch="false" />
			<line number="124"  hits="0"  branch="false" />
			<line number="125"  hits="0"  branch="false" />
			<line number="138"  hits="3"  branch="false" />
			<line number="139"  hits="3"  branch="false" />
			<line number="142"  hits="3"  branch="true"  condition-coverage="100% (2/2)" />
			<line number="143"  hits="1"  branch="false" />
			<line number="145"  hits="3"  branch="false" />
			<line number="146"  hits="3"  branch="false" />
			<line number="147"  hits="3"  branch="false" />
			<line number="148"  hits="3"  branch="true"  condition-coverage="100% (2/2)" />
			<line number="149"  hits="1"  branch="false" />
			<line number="150"  hits="1"  branch="false" />
			<line number="151"  hits="1"  branch="false" />
			<line number="154"  hits="2"  branch="false" />
			<line number="156"  hits="2"  branch="false" />
			<line number="167"  hits="0"  branch="false" />
			<line number="172"  hits="1"  branch="false" />
		</lines>
		</class>
	</classes>
	</package>
	<package name="fabric-client.lib.packager"  line-rate="0.8966"  branch-rate="0.75" >
	<classes>
		<class name="Car.js"  filename="node_modules/fabric-client/lib/packager/Car.js"  line-rate="0.6"  branch-rate="1" >
		<methods>
			<method name="(anonymous_1)"  hits="0"  signature="()V" >
				<lines><line number="21"  hits="0" /></lines>
			</method>
		</methods>
		<lines>
			<line number="17"  hits="1"  branch="false" />
			<line number="19"  hits="1"  branch="false" />
			<line number="21"  hits="1"  branch="false" />
			<line number="22"  hits="0"  branch="false" />
			<line number="23"  hits="0"  branch="false" />
		</lines>
		</class>
		<class name="Golang.js"  filename="node_modules/fabric-client/lib/packager/Golang.js"  line-rate="0.9245"  branch-rate="0.75" >
		<methods>
			<method name="(anonymous_1)"  hits="11"  signature="()V" >
				<lines><line number="44"  hits="11" /></lines>
			</method>
			<method name="isSource"  hits="14"  signature="()V" >
				<lines><line number="77"  hits="14" /></lines>
			</method>
			<method name="findSource"  hits="11"  signature="()V" >
				<lines><line number="89"  hits="11" /></lines>
			</method>
			<method name="packEntry"  hits="13"  signature="()V" >
				<lines><line number="119"  hits="13" /></lines>
			</method>
			<method name="generateTarGz"  hits="11"  signature="()V" >
				<lines><line number="151"  hits="11" /></lines>
			</method>
		</methods>
		<lines>
			<line number="17"  hits="1"  branch="false" />
			<line number="18"  hits="1"  branch="false" />
			<line number="19"  hits="1"  branch="false" />
			<line number="20"  hits="1"  branch="false" />
			<line number="21"  hits="1"  branch="false" />
			<line number="22"  hits="1"  branch="false" />
			<line number="23"  hits="1"  branch="false" />
			<line number="24"  hits="1"  branch="false" />
			<line number="26"  hits="1"  branch="false" />
			<line number="31"  hits="1"  branch="false" />
			<line number="44"  hits="1"  branch="false" />
			<line number="45"  hits="11"  branch="false" />
			<line number="48"  hits="11"  branch="false" />
			<line number="51"  hits="11"  branch="false" />
			<line number="58"  hits="11"  branch="false" />
			<line number="60"  hits="11"  branch="false" />
			<line number="62"  hits="11"  branch="false" />
			<line number="65"  hits="11"  branch="false" />
			<line number="77"  hits="1"  branch="false" />
			<line number="78"  hits="14"  branch="false" />
			<line number="89"  hits="1"  branch="false" />
			<line number="90"  hits="11"  branch="false" />
			<line number="91"  hits="11"  branch="false" />
			<line number="92"  hits="11"  branch="false" />
			<line number="95"  hits="25"  branch="true"  condition-coverage="100% (4/4)" />
			<line number="97"  hits="13"  branch="false" />
			<line number="102"  hits="13"  branch="false" />
			<line number="103"  hits="13"  branch="false" />
			<line number="108"  hits="11"  branch="false" />
			<line number="119"  hits="1"  branch="false" />
			<line number="120"  hits="13"  branch="false" />
			<line number="122"  hits="13"  branch="false" />
			<line number="123"  hits="13"  branch="true"  condition-coverage="50% (1/2)" />
			<line number="124"  hits="0"  branch="false" />
			<line number="127"  hits="13"  branch="false" />
			<line number="128"  hits="13"  branch="false" />
			<line number="136"  hits="13"  branch="false" />
			<line number="137"  hits="13"  branch="true"  condition-coverage="50% (1/2)" />
			<line number="138"  hits="0"  branch="false" />
			<line number="140"  hits="13"  branch="false" />
			<line number="151"  hits="1"  branch="false" />
			<line number="152"  hits="11"  branch="false" />
			<line number="153"  hits="11"  branch="false" />
			<line number="156"  hits="11"  branch="false" />
			<line number="160"  hits="11"  branch="false" />
			<line number="163"  hits="0"  branch="false" />
			<line number="169"  hits="11"  branch="false" />
			<line number="170"  hits="11"  branch="false" />
			<line number="171"  hits="13"  branch="false" />
			<line number="172"  hits="13"  branch="false" />
			<line number="178"  hits="11"  branch="false" />
			<line number="180"  hits="11"  branch="false" />
			<line number="183"  hits="0"  branch="false" />
		</lines>
		</class>
	</classes>
	</package>
</packages>
</coverage>
