{
"/home/mahendra/dev/projects/hyperledger/fabric-sdk-node/node_modules/fabric-client/lib/BlockDecoder.js":{"path":"/home/mahendra/dev/projects/hyperledger/fabric-sdk-node/node_modules/fabric-client/lib/BlockDecoder.js","s":{"1":2,"2":2,"3":2,"4":2,"5":2,"6":2,"7":2,"8":2,"9":2,"10":2,"11":2,"12":2,"13":2,"14":2,"15":2,"16":2,"17":2,"18":2,"19":2,"20":2,"21":2,"22":2,"23":2,"24":2,"25":2,"26":2,"27":3,"28":1,"29":2,"30":2,"31":2,"32":2,"33":2,"34":2,"35":0,"36":0,"37":2,"38":4,"39":0,"40":4,"41":4,"42":4,"43":4,"44":4,"45":0,"46":0,"47":4,"48":0,"49":0,"50":0,"51":0,"52":0,"53":0,"54":0,"55":1,"56":2,"57":2,"58":2,"59":2,"60":2,"61":1,"62":6,"63":6,"64":6,"65":6,"66":6,"67":4,"68":2,"69":6,"70":6,"71":6,"72":1,"73":6,"74":6,"75":6,"76":6,"77":6,"78":6,"79":6,"80":6,"81":6,"82":6,"83":1,"84":6,"85":6,"86":4,"87":4,"88":6,"89":1,"90":6,"91":6,"92":6,"93":6,"94":6,"95":6,"96":6,"97":6,"98":1,"99":6,"100":6,"101":6,"102":6,"103":6,"104":1,"105":12,"106":12,"107":12,"108":0,"109":0,"110":0,"111":0,"112":0,"113":12,"114":1,"115":6,"116":6,"117":6,"118":6,"119":6,"120":6,"121":6,"122":0,"123":0,"124":0,"125":6,"126":1,"127":0,"128":0,"129":0,"130":0,"131":0,"132":0,"133":0,"134":0,"135":0,"136":0,"137":1,"138":6,"139":6,"140":6,"141":6,"142":6,"143":6,"144":6,"145":5,"146":5,"147":5,"148":5,"149":5,"150":6,"151":1,"152":6,"153":6,"154":6,"155":6,"156":1,"157":5,"158":5,"159":5,"160":5,"161":5,"162":30,"163":30,"164":30,"165":5,"166":5,"167":1,"168":5,"169":5,"170":5,"171":5,"172":5,"173":5,"174":1,"175":77,"176":77,"177":77,"178":61,"179":61,"180":77,"181":1,"182":77,"183":0,"184":77,"185":77,"186":77,"187":77,"188":77,"189":77,"190":77,"191":1,"192":77,"193":77,"194":77,"195":76,"196":76,"197":77,"198":1,"199":76,"200":76,"201":76,"202":76,"203":76,"204":76,"205":0,"206":0,"207":0,"208":0,"209":0,"210":0,"211":0,"212":0,"213":18,"214":18,"215":18,"216":18,"217":18,"218":18,"219":18,"220":6,"221":6,"222":6,"223":6,"224":6,"225":6,"226":6,"227":6,"228":6,"229":6,"230":6,"231":6,"232":6,"233":6,"234":0,"235":0,"236":0,"237":15,"238":15,"239":15,"240":0,"241":0,"242":0,"243":0,"244":0,"245":0,"246":0,"247":0,"248":6,"249":6,"250":6,"251":6,"252":6,"253":6,"254":6,"255":6,"256":6,"257":6,"258":6,"259":6,"260":6,"261":6,"262":76,"263":1,"264":77,"265":77,"266":77,"267":126,"268":126,"269":77,"270":2,"271":1,"272":128,"273":128,"274":128,"275":128,"276":128,"277":128,"278":128,"279":128,"280":54,"281":54,"282":1,"283":1,"284":1,"285":72,"286":72,"287":1,"288":127,"289":2,"290":1,"291":72,"292":72,"293":72,"294":72,"295":72,"296":1,"297":54,"298":54,"299":54,"300":54,"301":54,"302":54,"303":54,"304":54,"305":54,"306":54,"307":54,"308":54,"309":1,"310":108,"311":108,"312":108,"313":54,"314":54,"315":54,"316":54,"317":54,"318":54,"319":54,"320":54,"321":54,"322":0,"323":108,"324":1,"325":54,"326":54,"327":54,"328":54,"329":54,"330":54,"331":54,"332":42,"333":12,"334":12,"335":54,"336":0,"337":0,"338":0,"339":0,"340":0,"341":0,"342":0,"343":54,"344":1,"345":30,"346":30,"347":30,"348":30,"349":1,"350":41,"351":41,"352":41,"353":41,"354":41,"355":1,"356":41,"357":41,"358":41,"359":41,"360":41,"361":0,"362":41,"363":1,"364":18,"365":18,"366":18,"367":18,"368":18,"369":18,"370":18,"371":18,"372":18,"373":18,"374":1,"375":18,"376":18,"377":18,"378":0,"379":0,"380":0,"381":0,"382":0,"383":18,"384":1,"385":72,"386":72,"387":78,"388":72,"389":1,"390":18,"391":18,"392":0,"393":0,"394":0,"395":18,"396":1,"397":0,"398":0,"399":0,"400":0,"401":0,"402":0,"403":1,"404":11,"405":11,"406":11,"407":11,"408":2,"409":1,"410":11,"411":11,"412":11,"413":11,"414":11,"415":11,"416":11,"417":11,"418":11,"419":11,"420":1,"421":11,"422":11,"423":11,"424":1,"425":0,"426":0,"427":0,"428":0,"429":0,"430":1,"431":0,"432":0,"433":0,"434":0,"435":1,"436":0,"437":0,"438":0,"439":0,"440":0,"441":0,"442":0,"443":1,"444":0,"445":0,"446":0,"447":0,"448":1,"449":0,"450":0,"451":0,"452":0,"453":0,"454":1,"455":0,"456":0,"457":0,"458":0,"459":0,"460":0,"461":1,"462":0,"463":0,"464":0,"465":0,"466":0,"467":0,"468":0,"469":1,"470":0,"471":0,"472":0,"473":0,"474":0,"475":0,"476":0,"477":0,"478":0,"479":0,"480":0,"481":0,"482":0,"483":0,"484":1,"485":0,"486":0,"487":0,"488":0,"489":0,"490":0,"491":0,"492":0,"493":0,"494":0,"495":0,"496":0,"497":0,"498":0,"499":0,"500":0,"501":0,"502":0,"503":1,"504":0,"505":0,"506":0,"507":0,"508":0,"509":0,"510":0,"511":0,"512":0,"513":1,"514":0,"515":0,"516":0,"517":0,"518":0,"519":0,"520":0,"521":0,"522":0,"523":0,"524":0,"525":0,"526":0,"527":0,"528":0,"529":0,"530":0,"531":1,"532":0,"533":0,"534":0,"535":0,"536":0,"537":1,"538":0,"539":0,"540":0,"541":0,"542":0,"543":0,"544":0,"545":1,"546":346,"547":346,"548":346,"549":2},"b":{"1":[1,2],"2":[3,3],"3":[0,0],"4":[0,4],"5":[0,0],"6":[0,0],"7":[4,2],"8":[6,0],"9":[6,6],"10":[6,0],"11":[12,0],"12":[6,0],"13":[0,0],"14":[0,0],"15":[0,0],"16":[5,1],"17":[0,77],"18":[0,18,6,6,6,6,0,15,0,6,6,6,1],"19":[0,0],"20":[0,0],"21":[18,0],"22":[0,0],"23":[6,0],"24":[128,0],"25":[54,1,72,1],"26":[54,0],"27":[54,54],"28":[54,0],"29":[54,0,0],"30":[42,12],"31":[12,0],"32":[0,0],"33":[18,0],"34":[0,18],"35":[0,0],"36":[0,0],"37":[0,0],"38":[0,0],"39":[0,0],"40":[0,0]},"f":{"1":3,"2":4,"3":0,"4":2,"5":6,"6":6,"7":6,"8":6,"9":6,"10":12,"11":6,"12":0,"13":6,"14":6,"15":5,"16":5,"17":77,"18":77,"19":77,"20":76,"21":77,"22":128,"23":72,"24":54,"25":108,"26":54,"27":30,"28":41,"29":41,"30":18,"31":18,"32":72,"33":18,"34":0,"35":11,"36":11,"37":11,"38":0,"39":0,"40":0,"41":0,"42":0,"43":0,"44":0,"45":0,"46":0,"47":0,"48":0,"49":0,"50":0,"51":346},"fnMap":{"1":{"name":"(anonymous_1)","line":421,"loc":{"start":{"line":421,"column":14},"end":{"line":421,"column":28}}},"2":{"name":"(anonymous_2)","line":448,"loc":{"start":{"line":448,"column":19},"end":{"line":448,"column":33}}},"3":{"name":"(anonymous_3)","line":479,"loc":{"start":{"line":479,"column":25},"end":{"line":479,"column":55}}},"4":{"name":"decodeBlockHeader","line":492,"loc":{"start":{"line":492,"column":0},"end":{"line":492,"column":47}}},"5":{"name":"decodeBlockData","line":501,"loc":{"start":{"line":501,"column":0},"end":{"line":501,"column":54}}},"6":{"name":"decodeBlockMetaData","line":519,"loc":{"start":{"line":519,"column":0},"end":{"line":519,"column":51}}},"7":{"name":"decodeTransactionFilter","line":536,"loc":{"start":{"line":536,"column":0},"end":{"line":536,"column":49}}},"8":{"name":"decodeLastConfigSequenceNumber","line":545,"loc":{"start":{"line":545,"column":0},"end":{"line":545,"column":56}}},"9":{"name":"decodeMetadataSignatures","line":557,"loc":{"start":{"line":557,"column":0},"end":{"line":557,"column":50}}},"10":{"name":"decodeMetadataValueSignatures","line":566,"loc":{"start":{"line":566,"column":0},"end":{"line":566,"column":62}}},"11":{"name":"decodeBlockDataEnvelope","line":579,"loc":{"start":{"line":579,"column":0},"end":{"line":579,"column":49}}},"12":{"name":"decodeEndorserTransaction","line":603,"loc":{"start":{"line":603,"column":0},"end":{"line":603,"column":48}}},"13":{"name":"decodeConfigEnvelope","line":617,"loc":{"start":{"line":617,"column":0},"end":{"line":617,"column":53}}},"14":{"name":"decodeConfig","line":636,"loc":{"start":{"line":636,"column":0},"end":{"line":636,"column":36}}},"15":{"name":"decodeConfigUpdateEnvelope","line":644,"loc":{"start":{"line":644,"column":0},"end":{"line":644,"column":66}}},"16":{"name":"decodeConfigUpdate","line":659,"loc":{"start":{"line":659,"column":0},"end":{"line":659,"column":49}}},"17":{"name":"decodeConfigGroups","line":669,"loc":{"start":{"line":669,"column":0},"end":{"line":669,"column":46}}},"18":{"name":"decodeConfigGroup","line":680,"loc":{"start":{"line":680,"column":0},"end":{"line":680,"column":47}}},"19":{"name":"decodeConfigValues","line":691,"loc":{"start":{"line":691,"column":0},"end":{"line":691,"column":46}}},"20":{"name":"decodeConfigValue","line":702,"loc":{"start":{"line":702,"column":0},"end":{"line":702,"column":47}}},"21":{"name":"decodeConfigPolicies","line":788,"loc":{"start":{"line":788,"column":0},"end":{"line":788,"column":49}}},"22":{"name":"decodeConfigPolicy","line":800,"loc":{"start":{"line":800,"column":0},"end":{"line":800,"column":49}}},"23":{"name":"decodeImplicitMetaPolicy","line":828,"loc":{"start":{"line":828,"column":0},"end":{"line":828,"column":62}}},"24":{"name":"decodeSignaturePolicyEnvelope","line":836,"loc":{"start":{"line":836,"column":0},"end":{"line":836,"column":72}}},"25":{"name":"decodeSignaturePolicy","line":852,"loc":{"start":{"line":852,"column":0},"end":{"line":852,"column":55}}},"26":{"name":"decodeMSPPrincipal","line":875,"loc":{"start":{"line":875,"column":0},"end":{"line":875,"column":49}}},"27":{"name":"decodeConfigSignature","line":904,"loc":{"start":{"line":904,"column":0},"end":{"line":904,"column":54}}},"28":{"name":"decodeSignatureHeader","line":912,"loc":{"start":{"line":912,"column":0},"end":{"line":912,"column":55}}},"29":{"name":"decodeIdentity","line":922,"loc":{"start":{"line":922,"column":0},"end":{"line":922,"column":34}}},"30":{"name":"decodeFabricMSPConfig","line":937,"loc":{"start":{"line":937,"column":0},"end":{"line":937,"column":49}}},"31":{"name":"decodeFabricOUIdentifier","line":952,"loc":{"start":{"line":952,"column":0},"end":{"line":952,"column":74}}},"32":{"name":"toPEMcerts","line":969,"loc":{"start":{"line":969,"column":0},"end":{"line":969,"column":37}}},"33":{"name":"decodeSigningIdentityInfo","line":978,"loc":{"start":{"line":978,"column":0},"end":{"line":978,"column":64}}},"34":{"name":"decodeKeyInfo","line":989,"loc":{"start":{"line":989,"column":0},"end":{"line":989,"column":39}}},"35":{"name":"decodeHeader","line":1000,"loc":{"start":{"line":1000,"column":0},"end":{"line":1000,"column":36}}},"36":{"name":"decodeChannelHeader","line":1018,"loc":{"start":{"line":1018,"column":0},"end":{"line":1018,"column":42}}},"37":{"name":"timeStampToDate","line":1033,"loc":{"start":{"line":1033,"column":0},"end":{"line":1033,"column":37}}},"38":{"name":"decodeChaincodeActionPayload","line":1040,"loc":{"start":{"line":1040,"column":0},"end":{"line":1040,"column":53}}},"39":{"name":"decodeChaincodeProposalPayload","line":1049,"loc":{"start":{"line":1049,"column":0},"end":{"line":1049,"column":74}}},"40":{"name":"decodeChaincodeEndorsedAction","line":1057,"loc":{"start":{"line":1057,"column":0},"end":{"line":1057,"column":72}}},"41":{"name":"decodeEndorsement","line":1069,"loc":{"start":{"line":1069,"column":0},"end":{"line":1069,"column":46}}},"42":{"name":"decodeProposalResponsePayload","line":1077,"loc":{"start":{"line":1077,"column":0},"end":{"line":1077,"column":72}}},"43":{"name":"decodeChaincodeAction","line":1086,"loc":{"start":{"line":1086,"column":0},"end":{"line":1086,"column":45}}},"44":{"name":"decodeChaincodeEvents","line":1096,"loc":{"start":{"line":1096,"column":0},"end":{"line":1096,"column":44}}},"45":{"name":"decodeReadWriteSets","line":1106,"loc":{"start":{"line":1106,"column":0},"end":{"line":1106,"column":44}}},"46":{"name":"decodeKVRWSet","line":1129,"loc":{"start":{"line":1129,"column":0},"end":{"line":1129,"column":33}}},"47":{"name":"decodeKVRead","line":1162,"loc":{"start":{"line":1162,"column":0},"end":{"line":1162,"column":37}}},"48":{"name":"decodeRangeQueryInfo","line":1178,"loc":{"start":{"line":1178,"column":0},"end":{"line":1178,"column":54}}},"49":{"name":"decodeKVWrite","line":1205,"loc":{"start":{"line":1205,"column":0},"end":{"line":1205,"column":39}}},"50":{"name":"decodeResponse","line":1214,"loc":{"start":{"line":1214,"column":0},"end":{"line":1214,"column":40}}},"51":{"name":"decodeVersion","line":1226,"loc":{"start":{"line":1226,"column":0},"end":{"line":1226,"column":37}}}},"statementMap":{"1":{"start":{"line":19,"column":0},"end":{"line":19,"column":27}},"2":{"start":{"line":20,"column":0},"end":{"line":20,"column":27}},"3":{"start":{"line":21,"column":0},"end":{"line":21,"column":27}},"4":{"start":{"line":22,"column":0},"end":{"line":22,"column":34}},"5":{"start":{"line":23,"column":0},"end":{"line":23,"column":48}},"6":{"start":{"line":25,"column":0},"end":{"line":25,"column":76}},"7":{"start":{"line":26,"column":0},"end":{"line":26,"column":87}},"8":{"start":{"line":27,"column":0},"end":{"line":27,"column":81}},"9":{"start":{"line":28,"column":0},"end":{"line":28,"column":81}},"10":{"start":{"line":29,"column":0},"end":{"line":29,"column":90}},"11":{"start":{"line":30,"column":0},"end":{"line":30,"column":75}},"12":{"start":{"line":31,"column":0},"end":{"line":31,"column":95}},"13":{"start":{"line":32,"column":0},"end":{"line":32,"column":82}},"14":{"start":{"line":33,"column":0},"end":{"line":33,"column":79}},"15":{"start":{"line":34,"column":0},"end":{"line":34,"column":83}},"16":{"start":{"line":35,"column":0},"end":{"line":35,"column":83}},"17":{"start":{"line":36,"column":0},"end":{"line":36,"column":79}},"18":{"start":{"line":37,"column":0},"end":{"line":37,"column":99}},"19":{"start":{"line":38,"column":0},"end":{"line":38,"column":102}},"20":{"start":{"line":39,"column":0},"end":{"line":39,"column":73}},"21":{"start":{"line":40,"column":0},"end":{"line":40,"column":80}},"22":{"start":{"line":41,"column":0},"end":{"line":41,"column":103}},"23":{"start":{"line":42,"column":0},"end":{"line":42,"column":89}},"24":{"start":{"line":43,"column":0},"end":{"line":43,"column":92}},"25":{"start":{"line":44,"column":0},"end":{"line":44,"column":108}},"26":{"start":{"line":52,"column":0},"end":{"line":490,"column":2}},"27":{"start":{"line":422,"column":2},"end":{"line":424,"column":3}},"28":{"start":{"line":423,"column":3},"end":{"line":423,"column":60}},"29":{"start":{"line":425,"column":2},"end":{"line":425,"column":17}},"30":{"start":{"line":426,"column":2},"end":{"line":435,"column":3}},"31":{"start":{"line":427,"column":3},"end":{"line":427,"column":60}},"32":{"start":{"line":428,"column":3},"end":{"line":428,"column":61}},"33":{"start":{"line":429,"column":3},"end":{"line":429,"column":55}},"34":{"start":{"line":430,"column":3},"end":{"line":430,"column":67}},"35":{"start":{"line":433,"column":3},"end":{"line":433,"column":67}},"36":{"start":{"line":434,"column":3},"end":{"line":434,"column":15}},"37":{"start":{"line":437,"column":2},"end":{"line":437,"column":15}},"38":{"start":{"line":449,"column":2},"end":{"line":451,"column":3}},"39":{"start":{"line":450,"column":3},"end":{"line":450,"column":63}},"40":{"start":{"line":452,"column":2},"end":{"line":452,"column":17}},"41":{"start":{"line":453,"column":2},"end":{"line":465,"column":3}},"42":{"start":{"line":454,"column":3},"end":{"line":458,"column":5}},"43":{"start":{"line":459,"column":3},"end":{"line":459,"column":56}},"44":{"start":{"line":460,"column":3},"end":{"line":460,"column":62}},"45":{"start":{"line":463,"column":3},"end":{"line":463,"column":67}},"46":{"start":{"line":464,"column":3},"end":{"line":464,"column":15}},"47":{"start":{"line":467,"column":2},"end":{"line":467,"column":15}},"48":{"start":{"line":480,"column":2},"end":{"line":482,"column":3}},"49":{"start":{"line":481,"column":3},"end":{"line":481,"column":70}},"50":{"start":{"line":483,"column":2},"end":{"line":483,"column":33}},"51":{"start":{"line":484,"column":2},"end":{"line":484,"column":105}},"52":{"start":{"line":485,"column":2},"end":{"line":485,"column":89}},"53":{"start":{"line":486,"column":2},"end":{"line":487,"column":83}},"54":{"start":{"line":488,"column":2},"end":{"line":488,"column":31}},"55":{"start":{"line":492,"column":0},"end":{"line":499,"column":1}},"56":{"start":{"line":493,"column":1},"end":{"line":493,"column":23}},"57":{"start":{"line":494,"column":1},"end":{"line":494,"column":54}},"58":{"start":{"line":495,"column":1},"end":{"line":495,"column":94}},"59":{"start":{"line":496,"column":1},"end":{"line":496,"column":86}},"60":{"start":{"line":498,"column":1},"end":{"line":498,"column":21}},"61":{"start":{"line":501,"column":0},"end":{"line":517,"column":1}},"62":{"start":{"line":502,"column":1},"end":{"line":502,"column":15}},"63":{"start":{"line":503,"column":1},"end":{"line":503,"column":16}},"64":{"start":{"line":504,"column":1},"end":{"line":514,"column":2}},"65":{"start":{"line":505,"column":2},"end":{"line":505,"column":28}},"66":{"start":{"line":506,"column":2},"end":{"line":511,"column":3}},"67":{"start":{"line":507,"column":3},"end":{"line":507,"column":75}},"68":{"start":{"line":510,"column":3},"end":{"line":510,"column":86}},"69":{"start":{"line":512,"column":2},"end":{"line":512,"column":57}},"70":{"start":{"line":513,"column":2},"end":{"line":513,"column":27}},"71":{"start":{"line":516,"column":1},"end":{"line":516,"column":13}},"72":{"start":{"line":519,"column":0},"end":{"line":534,"column":1}},"73":{"start":{"line":520,"column":1},"end":{"line":520,"column":19}},"74":{"start":{"line":521,"column":1},"end":{"line":521,"column":24}},"75":{"start":{"line":522,"column":1},"end":{"line":531,"column":2}},"76":{"start":{"line":523,"column":2},"end":{"line":523,"column":78}},"77":{"start":{"line":524,"column":2},"end":{"line":524,"column":37}},"78":{"start":{"line":526,"column":2},"end":{"line":526,"column":85}},"79":{"start":{"line":527,"column":2},"end":{"line":527,"column":38}},"80":{"start":{"line":529,"column":2},"end":{"line":529,"column":85}},"81":{"start":{"line":530,"column":2},"end":{"line":530,"column":45}},"82":{"start":{"line":533,"column":1},"end":{"line":533,"column":17}},"83":{"start":{"line":536,"column":0},"end":{"line":543,"column":1}},"84":{"start":{"line":537,"column":1},"end":{"line":537,"column":29}},"85":{"start":{"line":538,"column":1},"end":{"line":541,"column":2}},"86":{"start":{"line":539,"column":2},"end":{"line":539,"column":42}},"87":{"start":{"line":540,"column":2},"end":{"line":540,"column":33}},"88":{"start":{"line":542,"column":1},"end":{"line":542,"column":27}},"89":{"start":{"line":545,"column":0},"end":{"line":555,"column":1}},"90":{"start":{"line":546,"column":1},"end":{"line":546,"column":22}},"91":{"start":{"line":547,"column":1},"end":{"line":547,"column":24}},"92":{"start":{"line":548,"column":1},"end":{"line":553,"column":2}},"93":{"start":{"line":549,"column":2},"end":{"line":549,"column":68}},"94":{"start":{"line":550,"column":2},"end":{"line":550,"column":84}},"95":{"start":{"line":551,"column":2},"end":{"line":551,"column":57}},"96":{"start":{"line":552,"column":2},"end":{"line":552,"column":84}},"97":{"start":{"line":554,"column":1},"end":{"line":554,"column":20}},"98":{"start":{"line":557,"column":0},"end":{"line":564,"column":1}},"99":{"start":{"line":558,"column":1},"end":{"line":558,"column":19}},"100":{"start":{"line":559,"column":1},"end":{"line":559,"column":67}},"101":{"start":{"line":560,"column":1},"end":{"line":560,"column":66}},"102":{"start":{"line":561,"column":1},"end":{"line":561,"column":80}},"103":{"start":{"line":563,"column":1},"end":{"line":563,"column":17}},"104":{"start":{"line":566,"column":0},"end":{"line":577,"column":1}},"105":{"start":{"line":567,"column":1},"end":{"line":567,"column":21}},"106":{"start":{"line":568,"column":1},"end":{"line":574,"column":2}},"107":{"start":{"line":568,"column":27},"end":{"line":574,"column":2}},"108":{"start":{"line":569,"column":2},"end":{"line":569,"column":30}},"109":{"start":{"line":570,"column":2},"end":{"line":570,"column":108}},"110":{"start":{"line":571,"column":2},"end":{"line":571,"column":109}},"111":{"start":{"line":572,"column":2},"end":{"line":572,"column":84}},"112":{"start":{"line":573,"column":2},"end":{"line":573,"column":38}},"113":{"start":{"line":576,"column":1},"end":{"line":576,"column":19}},"114":{"start":{"line":579,"column":0},"end":{"line":601,"column":1}},"115":{"start":{"line":580,"column":1},"end":{"line":580,"column":19}},"116":{"start":{"line":581,"column":1},"end":{"line":581,"column":63}},"117":{"start":{"line":583,"column":1},"end":{"line":583,"column":23}},"118":{"start":{"line":584,"column":1},"end":{"line":584,"column":89}},"119":{"start":{"line":585,"column":1},"end":{"line":585,"column":67}},"120":{"start":{"line":587,"column":1},"end":{"line":598,"column":2}},"121":{"start":{"line":588,"column":2},"end":{"line":588,"column":83}},"122":{"start":{"line":593,"column":6},"end":{"line":598,"column":2}},"123":{"start":{"line":594,"column":2},"end":{"line":594,"column":88}},"124":{"start":{"line":597,"column":2},"end":{"line":597,"column":85}},"125":{"start":{"line":600,"column":1},"end":{"line":600,"column":17}},"126":{"start":{"line":603,"column":0},"end":{"line":615,"column":1}},"127":{"start":{"line":604,"column":1},"end":{"line":604,"column":15}},"128":{"start":{"line":605,"column":1},"end":{"line":605,"column":63}},"129":{"start":{"line":606,"column":1},"end":{"line":606,"column":19}},"130":{"start":{"line":607,"column":1},"end":{"line":612,"column":2}},"131":{"start":{"line":607,"column":40},"end":{"line":612,"column":2}},"132":{"start":{"line":608,"column":2},"end":{"line":608,"column":18}},"133":{"start":{"line":609,"column":2},"end":{"line":609,"column":71}},"134":{"start":{"line":610,"column":2},"end":{"line":610,"column":80}},"135":{"start":{"line":611,"column":2},"end":{"line":611,"column":28}},"136":{"start":{"line":614,"column":1},"end":{"line":614,"column":13}},"137":{"start":{"line":617,"column":0},"end":{"line":634,"column":1}},"138":{"start":{"line":618,"column":1},"end":{"line":618,"column":26}},"139":{"start":{"line":619,"column":1},"end":{"line":619,"column":89}},"140":{"start":{"line":620,"column":1},"end":{"line":620,"column":74}},"141":{"start":{"line":622,"column":1},"end":{"line":622,"column":98}},"142":{"start":{"line":623,"column":1},"end":{"line":623,"column":34}},"143":{"start":{"line":624,"column":1},"end":{"line":624,"column":63}},"144":{"start":{"line":625,"column":1},"end":{"line":631,"column":2}},"145":{"start":{"line":626,"column":2},"end":{"line":626,"column":43}},"146":{"start":{"line":627,"column":2},"end":{"line":627,"column":93}},"147":{"start":{"line":628,"column":2},"end":{"line":628,"column":87}},"148":{"start":{"line":629,"column":2},"end":{"line":629,"column":108}},"149":{"start":{"line":630,"column":2},"end":{"line":630,"column":86}},"150":{"start":{"line":633,"column":1},"end":{"line":633,"column":24}},"151":{"start":{"line":636,"column":0},"end":{"line":642,"column":1}},"152":{"start":{"line":637,"column":1},"end":{"line":637,"column":17}},"153":{"start":{"line":638,"column":1},"end":{"line":638,"column":46}},"154":{"start":{"line":639,"column":1},"end":{"line":639,"column":74}},"155":{"start":{"line":641,"column":1},"end":{"line":641,"column":15}},"156":{"start":{"line":644,"column":0},"end":{"line":657,"column":1}},"157":{"start":{"line":645,"column":1},"end":{"line":645,"column":33}},"158":{"start":{"line":646,"column":1},"end":{"line":646,"column":109}},"159":{"start":{"line":647,"column":1},"end":{"line":647,"column":118}},"160":{"start":{"line":648,"column":1},"end":{"line":648,"column":21}},"161":{"start":{"line":649,"column":1},"end":{"line":653,"column":2}},"162":{"start":{"line":650,"column":2},"end":{"line":650,"column":73}},"163":{"start":{"line":651,"column":2},"end":{"line":651,"column":70}},"164":{"start":{"line":652,"column":2},"end":{"line":652,"column":36}},"165":{"start":{"line":654,"column":1},"end":{"line":654,"column":48}},"166":{"start":{"line":656,"column":1},"end":{"line":656,"column":31}},"167":{"start":{"line":659,"column":0},"end":{"line":667,"column":1}},"168":{"start":{"line":660,"column":1},"end":{"line":660,"column":24}},"169":{"start":{"line":661,"column":1},"end":{"line":661,"column":83}},"170":{"start":{"line":662,"column":1},"end":{"line":662,"column":63}},"171":{"start":{"line":663,"column":1},"end":{"line":663,"column":78}},"172":{"start":{"line":664,"column":1},"end":{"line":664,"column":80}},"173":{"start":{"line":666,"column":1},"end":{"line":666,"column":22}},"174":{"start":{"line":669,"column":0},"end":{"line":678,"column":1}},"175":{"start":{"line":670,"column":1},"end":{"line":670,"column":24}},"176":{"start":{"line":671,"column":1},"end":{"line":671,"column":46}},"177":{"start":{"line":672,"column":1},"end":{"line":675,"column":2}},"178":{"start":{"line":673,"column":2},"end":{"line":673,"column":20}},"179":{"start":{"line":674,"column":2},"end":{"line":674,"column":74}},"180":{"start":{"line":677,"column":1},"end":{"line":677,"column":22}},"181":{"start":{"line":680,"column":0},"end":{"line":689,"column":1}},"182":{"start":{"line":681,"column":1},"end":{"line":681,"column":37}},"183":{"start":{"line":681,"column":25},"end":{"line":681,"column":37}},"184":{"start":{"line":682,"column":1},"end":{"line":682,"column":23}},"185":{"start":{"line":683,"column":1},"end":{"line":683,"column":71}},"186":{"start":{"line":684,"column":1},"end":{"line":684,"column":74}},"187":{"start":{"line":685,"column":1},"end":{"line":685,"column":74}},"188":{"start":{"line":686,"column":1},"end":{"line":686,"column":80}},"189":{"start":{"line":687,"column":1},"end":{"line":687,"column":61}},"190":{"start":{"line":688,"column":1},"end":{"line":688,"column":21}},"191":{"start":{"line":691,"column":0},"end":{"line":700,"column":1}},"192":{"start":{"line":692,"column":1},"end":{"line":692,"column":24}},"193":{"start":{"line":693,"column":1},"end":{"line":693,"column":46}},"194":{"start":{"line":694,"column":1},"end":{"line":697,"column":2}},"195":{"start":{"line":695,"column":2},"end":{"line":695,"column":20}},"196":{"start":{"line":696,"column":2},"end":{"line":696,"column":68}},"197":{"start":{"line":699,"column":1},"end":{"line":699,"column":22}},"198":{"start":{"line":702,"column":0},"end":{"line":786,"column":1}},"199":{"start":{"line":703,"column":1},"end":{"line":703,"column":23}},"200":{"start":{"line":704,"column":1},"end":{"line":704,"column":67}},"201":{"start":{"line":705,"column":1},"end":{"line":705,"column":77}},"202":{"start":{"line":706,"column":1},"end":{"line":706,"column":67}},"203":{"start":{"line":707,"column":1},"end":{"line":707,"column":25}},"204":{"start":{"line":708,"column":1},"end":{"line":784,"column":2}},"205":{"start":{"line":710,"column":2},"end":{"line":710,"column":24}},"206":{"start":{"line":711,"column":2},"end":{"line":711,"column":102}},"207":{"start":{"line":712,"column":2},"end":{"line":718,"column":3}},"208":{"start":{"line":712,"column":60},"end":{"line":718,"column":3}},"209":{"start":{"line":713,"column":3},"end":{"line":716,"column":5}},"210":{"start":{"line":717,"column":3},"end":{"line":717,"column":34}},"211":{"start":{"line":719,"column":2},"end":{"line":719,"column":49}},"212":{"start":{"line":720,"column":2},"end":{"line":720,"column":8}},"213":{"start":{"line":722,"column":2},"end":{"line":722,"column":22}},"214":{"start":{"line":723,"column":2},"end":{"line":723,"column":90}},"215":{"start":{"line":724,"column":2},"end":{"line":726,"column":3}},"216":{"start":{"line":725,"column":3},"end":{"line":725,"column":68}},"217":{"start":{"line":727,"column":2},"end":{"line":727,"column":50}},"218":{"start":{"line":728,"column":2},"end":{"line":728,"column":41}},"219":{"start":{"line":729,"column":2},"end":{"line":729,"column":8}},"220":{"start":{"line":731,"column":2},"end":{"line":731,"column":109}},"221":{"start":{"line":732,"column":2},"end":{"line":732,"column":59}},"222":{"start":{"line":733,"column":2},"end":{"line":733,"column":8}},"223":{"start":{"line":735,"column":2},"end":{"line":735,"column":101}},"224":{"start":{"line":736,"column":2},"end":{"line":736,"column":77}},"225":{"start":{"line":737,"column":2},"end":{"line":737,"column":79}},"226":{"start":{"line":738,"column":2},"end":{"line":738,"column":81}},"227":{"start":{"line":739,"column":2},"end":{"line":739,"column":8}},"228":{"start":{"line":741,"column":2},"end":{"line":741,"column":107}},"229":{"start":{"line":742,"column":2},"end":{"line":742,"column":64}},"230":{"start":{"line":743,"column":2},"end":{"line":743,"column":8}},"231":{"start":{"line":745,"column":2},"end":{"line":745,"column":121}},"232":{"start":{"line":746,"column":2},"end":{"line":746,"column":74}},"233":{"start":{"line":747,"column":2},"end":{"line":747,"column":8}},"234":{"start":{"line":749,"column":2},"end":{"line":749,"column":111}},"235":{"start":{"line":750,"column":2},"end":{"line":750,"column":64}},"236":{"start":{"line":751,"column":2},"end":{"line":751,"column":8}},"237":{"start":{"line":753,"column":2},"end":{"line":753,"column":100}},"238":{"start":{"line":754,"column":2},"end":{"line":754,"column":54}},"239":{"start":{"line":755,"column":2},"end":{"line":755,"column":8}},"240":{"start":{"line":757,"column":2},"end":{"line":757,"column":133}},"241":{"start":{"line":758,"column":2},"end":{"line":758,"column":17}},"242":{"start":{"line":759,"column":2},"end":{"line":759,"column":65}},"243":{"start":{"line":760,"column":2},"end":{"line":762,"column":3}},"244":{"start":{"line":760,"column":18},"end":{"line":762,"column":3}},"245":{"start":{"line":761,"column":3},"end":{"line":761,"column":30}},"246":{"start":{"line":763,"column":2},"end":{"line":763,"column":35}},"247":{"start":{"line":764,"column":2},"end":{"line":764,"column":8}},"248":{"start":{"line":766,"column":2},"end":{"line":766,"column":114}},"249":{"start":{"line":767,"column":2},"end":{"line":767,"column":62}},"250":{"start":{"line":768,"column":2},"end":{"line":768,"column":8}},"251":{"start":{"line":770,"column":2},"end":{"line":770,"column":133}},"252":{"start":{"line":771,"column":2},"end":{"line":771,"column":74}},"253":{"start":{"line":772,"column":2},"end":{"line":772,"column":8}},"254":{"start":{"line":774,"column":2},"end":{"line":774,"column":108}},"255":{"start":{"line":775,"column":2},"end":{"line":775,"column":21}},"256":{"start":{"line":776,"column":2},"end":{"line":776,"column":57}},"257":{"start":{"line":777,"column":2},"end":{"line":779,"column":3}},"258":{"start":{"line":777,"column":22},"end":{"line":779,"column":3}},"259":{"start":{"line":778,"column":3},"end":{"line":778,"column":38}},"260":{"start":{"line":780,"column":2},"end":{"line":780,"column":43}},"261":{"start":{"line":781,"column":2},"end":{"line":781,"column":8}},"262":{"start":{"line":785,"column":1},"end":{"line":785,"column":21}},"263":{"start":{"line":788,"column":0},"end":{"line":797,"column":1}},"264":{"start":{"line":789,"column":1},"end":{"line":789,"column":26}},"265":{"start":{"line":790,"column":1},"end":{"line":790,"column":47}},"266":{"start":{"line":791,"column":1},"end":{"line":794,"column":2}},"267":{"start":{"line":792,"column":2},"end":{"line":792,"column":20}},"268":{"start":{"line":793,"column":2},"end":{"line":793,"column":72}},"269":{"start":{"line":796,"column":1},"end":{"line":796,"column":24}},"270":{"start":{"line":799,"column":0},"end":{"line":799,"column":71}},"271":{"start":{"line":800,"column":0},"end":{"line":825,"column":1}},"272":{"start":{"line":801,"column":1},"end":{"line":801,"column":24}},"273":{"start":{"line":802,"column":1},"end":{"line":802,"column":79}},"274":{"start":{"line":803,"column":1},"end":{"line":803,"column":69}},"275":{"start":{"line":804,"column":1},"end":{"line":804,"column":27}},"276":{"start":{"line":805,"column":1},"end":{"line":822,"column":2}},"277":{"start":{"line":806,"column":2},"end":{"line":806,"column":87}},"278":{"start":{"line":807,"column":2},"end":{"line":807,"column":87}},"279":{"start":{"line":808,"column":2},"end":{"line":821,"column":3}},"280":{"start":{"line":810,"column":3},"end":{"line":810,"column":104}},"281":{"start":{"line":811,"column":3},"end":{"line":811,"column":9}},"282":{"start":{"line":813,"column":3},"end":{"line":813,"column":89}},"283":{"start":{"line":814,"column":3},"end":{"line":814,"column":113}},"284":{"start":{"line":815,"column":3},"end":{"line":815,"column":9}},"285":{"start":{"line":817,"column":3},"end":{"line":817,"column":99}},"286":{"start":{"line":818,"column":3},"end":{"line":818,"column":9}},"287":{"start":{"line":820,"column":3},"end":{"line":820,"column":42}},"288":{"start":{"line":824,"column":1},"end":{"line":824,"column":22}},"289":{"start":{"line":827,"column":0},"end":{"line":827,"column":55}},"290":{"start":{"line":828,"column":0},"end":{"line":834,"column":1}},"291":{"start":{"line":829,"column":1},"end":{"line":829,"column":31}},"292":{"start":{"line":830,"column":1},"end":{"line":830,"column":103}},"293":{"start":{"line":831,"column":1},"end":{"line":831,"column":77}},"294":{"start":{"line":832,"column":1},"end":{"line":832,"column":91}},"295":{"start":{"line":833,"column":1},"end":{"line":833,"column":29}},"296":{"start":{"line":836,"column":0},"end":{"line":850,"column":1}},"297":{"start":{"line":837,"column":1},"end":{"line":837,"column":36}},"298":{"start":{"line":838,"column":1},"end":{"line":838,"column":118}},"299":{"start":{"line":839,"column":1},"end":{"line":839,"column":97}},"300":{"start":{"line":840,"column":1},"end":{"line":840,"column":103}},"301":{"start":{"line":841,"column":1},"end":{"line":841,"column":21}},"302":{"start":{"line":842,"column":1},"end":{"line":842,"column":72}},"303":{"start":{"line":843,"column":1},"end":{"line":846,"column":2}},"304":{"start":{"line":843,"column":22},"end":{"line":846,"column":2}},"305":{"start":{"line":844,"column":2},"end":{"line":844,"column":62}},"306":{"start":{"line":845,"column":2},"end":{"line":845,"column":33}},"307":{"start":{"line":847,"column":1},"end":{"line":847,"column":51}},"308":{"start":{"line":849,"column":1},"end":{"line":849,"column":34}},"309":{"start":{"line":852,"column":0},"end":{"line":873,"column":1}},"310":{"start":{"line":853,"column":1},"end":{"line":853,"column":27}},"311":{"start":{"line":854,"column":1},"end":{"line":854,"column":53}},"312":{"start":{"line":855,"column":1},"end":{"line":870,"column":2}},"313":{"start":{"line":856,"column":2},"end":{"line":856,"column":33}},"314":{"start":{"line":857,"column":2},"end":{"line":857,"column":71}},"315":{"start":{"line":858,"column":2},"end":{"line":858,"column":42}},"316":{"start":{"line":859,"column":2},"end":{"line":863,"column":3}},"317":{"start":{"line":860,"column":3},"end":{"line":860,"column":66}},"318":{"start":{"line":861,"column":3},"end":{"line":861,"column":52}},"319":{"start":{"line":862,"column":3},"end":{"line":862,"column":51}},"320":{"start":{"line":865,"column":6},"end":{"line":870,"column":2}},"321":{"start":{"line":866,"column":2},"end":{"line":866,"column":68}},"322":{"start":{"line":869,"column":2},"end":{"line":869,"column":51}},"323":{"start":{"line":872,"column":1},"end":{"line":872,"column":25}},"324":{"start":{"line":875,"column":0},"end":{"line":902,"column":1}},"325":{"start":{"line":876,"column":1},"end":{"line":876,"column":24}},"326":{"start":{"line":877,"column":1},"end":{"line":877,"column":91}},"327":{"start":{"line":878,"column":1},"end":{"line":878,"column":28}},"328":{"start":{"line":879,"column":1},"end":{"line":899,"column":2}},"329":{"start":{"line":881,"column":2},"end":{"line":881,"column":83}},"330":{"start":{"line":882,"column":2},"end":{"line":882,"column":68}},"331":{"start":{"line":883,"column":2},"end":{"line":888,"column":3}},"332":{"start":{"line":884,"column":3},"end":{"line":884,"column":33}},"333":{"start":{"line":886,"column":7},"end":{"line":888,"column":3}},"334":{"start":{"line":887,"column":3},"end":{"line":887,"column":32}},"335":{"start":{"line":889,"column":2},"end":{"line":889,"column":8}},"336":{"start":{"line":891,"column":2},"end":{"line":891,"column":92}},"337":{"start":{"line":892,"column":2},"end":{"line":892,"column":68}},"338":{"start":{"line":893,"column":2},"end":{"line":893,"column":99}},"339":{"start":{"line":894,"column":2},"end":{"line":894,"column":93}},"340":{"start":{"line":895,"column":2},"end":{"line":895,"column":8}},"341":{"start":{"line":897,"column":2},"end":{"line":897,"column":69}},"342":{"start":{"line":898,"column":2},"end":{"line":898,"column":8}},"343":{"start":{"line":901,"column":1},"end":{"line":901,"column":22}},"344":{"start":{"line":904,"column":0},"end":{"line":910,"column":1}},"345":{"start":{"line":905,"column":1},"end":{"line":905,"column":27}},"346":{"start":{"line":906,"column":1},"end":{"line":906,"column":114}},"347":{"start":{"line":907,"column":1},"end":{"line":907,"column":77}},"348":{"start":{"line":909,"column":1},"end":{"line":909,"column":25}},"349":{"start":{"line":912,"column":0},"end":{"line":920,"column":1}},"350":{"start":{"line":914,"column":1},"end":{"line":914,"column":27}},"351":{"start":{"line":915,"column":1},"end":{"line":915,"column":90}},"352":{"start":{"line":916,"column":1},"end":{"line":916,"column":91}},"353":{"start":{"line":917,"column":1},"end":{"line":917,"column":71}},"354":{"start":{"line":919,"column":1},"end":{"line":919,"column":25}},"355":{"start":{"line":922,"column":0},"end":{"line":935,"column":1}},"356":{"start":{"line":924,"column":1},"end":{"line":924,"column":19}},"357":{"start":{"line":925,"column":1},"end":{"line":932,"column":2}},"358":{"start":{"line":926,"column":2},"end":{"line":926,"column":74}},"359":{"start":{"line":927,"column":2},"end":{"line":927,"column":45}},"360":{"start":{"line":928,"column":2},"end":{"line":928,"column":71}},"361":{"start":{"line":931,"column":2},"end":{"line":931,"column":81}},"362":{"start":{"line":934,"column":1},"end":{"line":934,"column":17}},"363":{"start":{"line":937,"column":0},"end":{"line":950,"column":1}},"364":{"start":{"line":938,"column":1},"end":{"line":938,"column":21}},"365":{"start":{"line":939,"column":1},"end":{"line":939,"column":81}},"366":{"start":{"line":941,"column":1},"end":{"line":941,"column":46}},"367":{"start":{"line":942,"column":1},"end":{"line":942,"column":69}},"368":{"start":{"line":943,"column":1},"end":{"line":943,"column":85}},"369":{"start":{"line":944,"column":1},"end":{"line":944,"column":62}},"370":{"start":{"line":945,"column":1},"end":{"line":945,"column":79}},"371":{"start":{"line":946,"column":1},"end":{"line":946,"column":96}},"372":{"start":{"line":947,"column":1},"end":{"line":947,"column":124}},"373":{"start":{"line":949,"column":1},"end":{"line":949,"column":19}},"374":{"start":{"line":952,"column":0},"end":{"line":967,"column":1}},"375":{"start":{"line":953,"column":1},"end":{"line":953,"column":43}},"376":{"start":{"line":954,"column":1},"end":{"line":964,"column":2}},"377":{"start":{"line":955,"column":2},"end":{"line":963,"column":3}},"378":{"start":{"line":956,"column":3},"end":{"line":956,"column":89}},"379":{"start":{"line":957,"column":3},"end":{"line":957,"column":44}},"380":{"start":{"line":958,"column":3},"end":{"line":959,"column":81}},"381":{"start":{"line":960,"column":3},"end":{"line":961,"column":76}},"382":{"start":{"line":962,"column":3},"end":{"line":962,"column":74}},"383":{"start":{"line":966,"column":1},"end":{"line":966,"column":41}},"384":{"start":{"line":969,"column":0},"end":{"line":976,"column":1}},"385":{"start":{"line":970,"column":1},"end":{"line":970,"column":27}},"386":{"start":{"line":971,"column":1},"end":{"line":973,"column":2}},"387":{"start":{"line":972,"column":2},"end":{"line":972,"column":66}},"388":{"start":{"line":975,"column":1},"end":{"line":975,"column":25}},"389":{"start":{"line":978,"column":0},"end":{"line":987,"column":1}},"390":{"start":{"line":979,"column":1},"end":{"line":979,"column":32}},"391":{"start":{"line":980,"column":1},"end":{"line":984,"column":2}},"392":{"start":{"line":981,"column":2},"end":{"line":981,"column":108}},"393":{"start":{"line":982,"column":2},"end":{"line":982,"column":108}},"394":{"start":{"line":983,"column":2},"end":{"line":983,"column":103}},"395":{"start":{"line":986,"column":1},"end":{"line":986,"column":36}},"396":{"start":{"line":989,"column":0},"end":{"line":998,"column":1}},"397":{"start":{"line":990,"column":1},"end":{"line":990,"column":19}},"398":{"start":{"line":991,"column":1},"end":{"line":995,"column":2}},"399":{"start":{"line":992,"column":2},"end":{"line":992,"column":70}},"400":{"start":{"line":993,"column":2},"end":{"line":993,"column":62}},"401":{"start":{"line":994,"column":2},"end":{"line":994,"column":36}},"402":{"start":{"line":997,"column":1},"end":{"line":997,"column":17}},"403":{"start":{"line":1000,"column":0},"end":{"line":1006,"column":1}},"404":{"start":{"line":1001,"column":1},"end":{"line":1001,"column":17}},"405":{"start":{"line":1002,"column":1},"end":{"line":1002,"column":89}},"406":{"start":{"line":1003,"column":1},"end":{"line":1003,"column":95}},"407":{"start":{"line":1005,"column":1},"end":{"line":1005,"column":15}},"408":{"start":{"line":1008,"column":0},"end":{"line":1016,"column":2}},"409":{"start":{"line":1018,"column":0},"end":{"line":1031,"column":1}},"410":{"start":{"line":1019,"column":1},"end":{"line":1019,"column":25}},"411":{"start":{"line":1020,"column":1},"end":{"line":1020,"column":76}},"412":{"start":{"line":1021,"column":1},"end":{"line":1021,"column":66}},"413":{"start":{"line":1022,"column":1},"end":{"line":1022,"column":72}},"414":{"start":{"line":1023,"column":1},"end":{"line":1023,"column":92}},"415":{"start":{"line":1024,"column":1},"end":{"line":1024,"column":65}},"416":{"start":{"line":1025,"column":1},"end":{"line":1025,"column":55}},"417":{"start":{"line":1026,"column":1},"end":{"line":1026,"column":64}},"418":{"start":{"line":1028,"column":1},"end":{"line":1028,"column":75}},"419":{"start":{"line":1030,"column":1},"end":{"line":1030,"column":23}},"420":{"start":{"line":1033,"column":0},"end":{"line":1038,"column":1}},"421":{"start":{"line":1034,"column":1},"end":{"line":1034,"column":69}},"422":{"start":{"line":1035,"column":1},"end":{"line":1035,"column":29}},"423":{"start":{"line":1037,"column":1},"end":{"line":1037,"column":13}},"424":{"start":{"line":1040,"column":0},"end":{"line":1047,"column":1}},"425":{"start":{"line":1041,"column":1},"end":{"line":1041,"column":18}},"426":{"start":{"line":1042,"column":1},"end":{"line":1042,"column":95}},"427":{"start":{"line":1043,"column":1},"end":{"line":1043,"column":131}},"428":{"start":{"line":1044,"column":1},"end":{"line":1044,"column":92}},"429":{"start":{"line":1046,"column":1},"end":{"line":1046,"column":16}},"430":{"start":{"line":1049,"column":0},"end":{"line":1056,"column":1}},"431":{"start":{"line":1050,"column":1},"end":{"line":1050,"column":37}},"432":{"start":{"line":1051,"column":1},"end":{"line":1051,"column":121}},"433":{"start":{"line":1052,"column":1},"end":{"line":1052,"column":102}},"434":{"start":{"line":1055,"column":1},"end":{"line":1055,"column":35}},"435":{"start":{"line":1057,"column":0},"end":{"line":1067,"column":1}},"436":{"start":{"line":1058,"column":1},"end":{"line":1058,"column":17}},"437":{"start":{"line":1059,"column":1},"end":{"line":1059,"column":128}},"438":{"start":{"line":1060,"column":1},"end":{"line":1060,"column":26}},"439":{"start":{"line":1061,"column":1},"end":{"line":1064,"column":2}},"440":{"start":{"line":1062,"column":2},"end":{"line":1062,"column":87}},"441":{"start":{"line":1063,"column":2},"end":{"line":1063,"column":40}},"442":{"start":{"line":1066,"column":1},"end":{"line":1066,"column":15}},"443":{"start":{"line":1069,"column":0},"end":{"line":1075,"column":1}},"444":{"start":{"line":1070,"column":1},"end":{"line":1070,"column":22}},"445":{"start":{"line":1071,"column":1},"end":{"line":1071,"column":72}},"446":{"start":{"line":1072,"column":1},"end":{"line":1072,"column":69}},"447":{"start":{"line":1074,"column":1},"end":{"line":1074,"column":20}},"448":{"start":{"line":1077,"column":0},"end":{"line":1084,"column":1}},"449":{"start":{"line":1078,"column":1},"end":{"line":1078,"column":36}},"450":{"start":{"line":1079,"column":1},"end":{"line":1079,"column":118}},"451":{"start":{"line":1080,"column":1},"end":{"line":1080,"column":120}},"452":{"start":{"line":1081,"column":1},"end":{"line":1081,"column":109}},"453":{"start":{"line":1083,"column":1},"end":{"line":1083,"column":34}},"454":{"start":{"line":1086,"column":0},"end":{"line":1094,"column":1}},"455":{"start":{"line":1087,"column":1},"end":{"line":1087,"column":27}},"456":{"start":{"line":1088,"column":1},"end":{"line":1088,"column":82}},"457":{"start":{"line":1089,"column":1},"end":{"line":1089,"column":85}},"458":{"start":{"line":1090,"column":1},"end":{"line":1090,"column":85}},"459":{"start":{"line":1091,"column":1},"end":{"line":1091,"column":82}},"460":{"start":{"line":1093,"column":1},"end":{"line":1093,"column":25}},"461":{"start":{"line":1096,"column":0},"end":{"line":1104,"column":1}},"462":{"start":{"line":1097,"column":1},"end":{"line":1097,"column":17}},"463":{"start":{"line":1098,"column":1},"end":{"line":1098,"column":69}},"464":{"start":{"line":1099,"column":1},"end":{"line":1099,"column":53}},"465":{"start":{"line":1100,"column":1},"end":{"line":1100,"column":39}},"466":{"start":{"line":1101,"column":1},"end":{"line":1101,"column":49}},"467":{"start":{"line":1102,"column":1},"end":{"line":1102,"column":55}},"468":{"start":{"line":1103,"column":1},"end":{"line":1103,"column":15}},"469":{"start":{"line":1106,"column":0},"end":{"line":1127,"column":1}},"470":{"start":{"line":1107,"column":1},"end":{"line":1107,"column":80}},"471":{"start":{"line":1108,"column":1},"end":{"line":1108,"column":28}},"472":{"start":{"line":1109,"column":1},"end":{"line":1109,"column":71}},"473":{"start":{"line":1110,"column":1},"end":{"line":1124,"column":2}},"474":{"start":{"line":1111,"column":2},"end":{"line":1111,"column":34}},"475":{"start":{"line":1112,"column":2},"end":{"line":1112,"column":60}},"476":{"start":{"line":1113,"column":2},"end":{"line":1119,"column":3}},"477":{"start":{"line":1114,"column":3},"end":{"line":1114,"column":22}},"478":{"start":{"line":1115,"column":3},"end":{"line":1115,"column":43}},"479":{"start":{"line":1116,"column":3},"end":{"line":1116,"column":56}},"480":{"start":{"line":1117,"column":3},"end":{"line":1117,"column":63}},"481":{"start":{"line":1118,"column":3},"end":{"line":1118,"column":46}},"482":{"start":{"line":1123,"column":2},"end":{"line":1123,"column":68}},"483":{"start":{"line":1126,"column":1},"end":{"line":1126,"column":26}},"484":{"start":{"line":1129,"column":0},"end":{"line":1160,"column":1}},"485":{"start":{"line":1130,"column":1},"end":{"line":1130,"column":63}},"486":{"start":{"line":1131,"column":1},"end":{"line":1131,"column":20}},"487":{"start":{"line":1134,"column":1},"end":{"line":1134,"column":22}},"488":{"start":{"line":1135,"column":1},"end":{"line":1135,"column":35}},"489":{"start":{"line":1136,"column":1},"end":{"line":1136,"column":23}},"490":{"start":{"line":1139,"column":1},"end":{"line":1139,"column":29}},"491":{"start":{"line":1140,"column":1},"end":{"line":1140,"column":46}},"492":{"start":{"line":1141,"column":1},"end":{"line":1143,"column":2}},"493":{"start":{"line":1142,"column":2},"end":{"line":1142,"column":43}},"494":{"start":{"line":1146,"column":1},"end":{"line":1146,"column":55}},"495":{"start":{"line":1147,"column":1},"end":{"line":1147,"column":70}},"496":{"start":{"line":1148,"column":1},"end":{"line":1150,"column":2}},"497":{"start":{"line":1149,"column":2},"end":{"line":1149,"column":77}},"498":{"start":{"line":1153,"column":1},"end":{"line":1153,"column":31}},"499":{"start":{"line":1154,"column":1},"end":{"line":1154,"column":48}},"500":{"start":{"line":1155,"column":1},"end":{"line":1157,"column":2}},"501":{"start":{"line":1156,"column":2},"end":{"line":1156,"column":46}},"502":{"start":{"line":1159,"column":1},"end":{"line":1159,"column":18}},"503":{"start":{"line":1162,"column":0},"end":{"line":1176,"column":1}},"504":{"start":{"line":1163,"column":1},"end":{"line":1163,"column":18}},"505":{"start":{"line":1164,"column":1},"end":{"line":1164,"column":38}},"506":{"start":{"line":1165,"column":1},"end":{"line":1165,"column":48}},"507":{"start":{"line":1166,"column":1},"end":{"line":1173,"column":2}},"508":{"start":{"line":1167,"column":2},"end":{"line":1167,"column":23}},"509":{"start":{"line":1168,"column":2},"end":{"line":1168,"column":58}},"510":{"start":{"line":1169,"column":2},"end":{"line":1169,"column":52}},"511":{"start":{"line":1172,"column":2},"end":{"line":1172,"column":25}},"512":{"start":{"line":1175,"column":1},"end":{"line":1175,"column":16}},"513":{"start":{"line":1178,"column":0},"end":{"line":1203,"column":1}},"514":{"start":{"line":1179,"column":1},"end":{"line":1179,"column":27}},"515":{"start":{"line":1180,"column":1},"end":{"line":1180,"column":67}},"516":{"start":{"line":1181,"column":1},"end":{"line":1181,"column":63}},"517":{"start":{"line":1182,"column":1},"end":{"line":1182,"column":75}},"518":{"start":{"line":1184,"column":1},"end":{"line":1184,"column":34}},"519":{"start":{"line":1186,"column":1},"end":{"line":1186,"column":60}},"520":{"start":{"line":1187,"column":1},"end":{"line":1192,"column":2}},"521":{"start":{"line":1188,"column":2},"end":{"line":1188,"column":44}},"522":{"start":{"line":1189,"column":2},"end":{"line":1191,"column":3}},"523":{"start":{"line":1190,"column":3},"end":{"line":1190,"column":74}},"524":{"start":{"line":1194,"column":1},"end":{"line":1194,"column":79}},"525":{"start":{"line":1195,"column":1},"end":{"line":1200,"column":2}},"526":{"start":{"line":1196,"column":2},"end":{"line":1196,"column":44}},"527":{"start":{"line":1197,"column":2},"end":{"line":1197,"column":93}},"528":{"start":{"line":1198,"column":2},"end":{"line":1198,"column":91}},"529":{"start":{"line":1199,"column":2},"end":{"line":1199,"column":95}},"530":{"start":{"line":1202,"column":1},"end":{"line":1202,"column":25}},"531":{"start":{"line":1205,"column":0},"end":{"line":1212,"column":1}},"532":{"start":{"line":1206,"column":1},"end":{"line":1206,"column":19}},"533":{"start":{"line":1207,"column":1},"end":{"line":1207,"column":40}},"534":{"start":{"line":1208,"column":1},"end":{"line":1208,"column":51}},"535":{"start":{"line":1209,"column":1},"end":{"line":1209,"column":66}},"536":{"start":{"line":1211,"column":1},"end":{"line":1211,"column":17}},"537":{"start":{"line":1214,"column":0},"end":{"line":1222,"column":1}},"538":{"start":{"line":1215,"column":1},"end":{"line":1215,"column":33}},"539":{"start":{"line":1215,"column":21},"end":{"line":1215,"column":33}},"540":{"start":{"line":1216,"column":1},"end":{"line":1216,"column":19}},"541":{"start":{"line":1217,"column":1},"end":{"line":1217,"column":46}},"542":{"start":{"line":1218,"column":1},"end":{"line":1218,"column":48}},"543":{"start":{"line":1219,"column":1},"end":{"line":1219,"column":70}},"544":{"start":{"line":1221,"column":1},"end":{"line":1221,"column":17}},"545":{"start":{"line":1226,"column":0},"end":{"line":1231,"column":1}},"546":{"start":{"line":1227,"column":1},"end":{"line":1227,"column":46}},"547":{"start":{"line":1228,"column":1},"end":{"line":1228,"column":51}},"548":{"start":{"line":1230,"column":1},"end":{"line":1230,"column":20}},"549":{"start":{"line":1233,"column":0},"end":{"line":1233,"column":30}}},"branchMap":{"1":{"line":422,"type":"if","locations":[{"start":{"line":422,"column":2},"end":{"line":422,"column":2}},{"start":{"line":422,"column":2},"end":{"line":422,"column":2}}]},"2":{"line":422,"type":"binary-expr","locations":[{"start":{"line":422,"column":5},"end":{"line":422,"column":17}},{"start":{"line":422,"column":21},"end":{"line":422,"column":53}}]},"3":{"line":433,"type":"cond-expr","locations":[{"start":{"line":433,"column":46},"end":{"line":433,"column":57}},{"start":{"line":433,"column":60},"end":{"line":433,"column":65}}]},"4":{"line":449,"type":"if","locations":[{"start":{"line":449,"column":2},"end":{"line":449,"column":2}},{"start":{"line":449,"column":2},"end":{"line":449,"column":2}}]},"5":{"line":463,"type":"cond-expr","locations":[{"start":{"line":463,"column":46},"end":{"line":463,"column":57}},{"start":{"line":463,"column":60},"end":{"line":463,"column":65}}]},"6":{"line":480,"type":"if","locations":[{"start":{"line":480,"column":2},"end":{"line":480,"column":2}},{"start":{"line":480,"column":2},"end":{"line":480,"column":2}}]},"7":{"line":506,"type":"if","locations":[{"start":{"line":506,"column":2},"end":{"line":506,"column":2}},{"start":{"line":506,"column":2},"end":{"line":506,"column":2}}]},"8":{"line":522,"type":"if","locations":[{"start":{"line":522,"column":1},"end":{"line":522,"column":1}},{"start":{"line":522,"column":1},"end":{"line":522,"column":1}}]},"9":{"line":522,"type":"binary-expr","locations":[{"start":{"line":522,"column":4},"end":{"line":522,"column":24}},{"start":{"line":522,"column":28},"end":{"line":522,"column":57}}]},"10":{"line":548,"type":"if","locations":[{"start":{"line":548,"column":1},"end":{"line":548,"column":1}},{"start":{"line":548,"column":1},"end":{"line":548,"column":1}}]},"11":{"line":568,"type":"if","locations":[{"start":{"line":568,"column":1},"end":{"line":568,"column":1}},{"start":{"line":568,"column":1},"end":{"line":568,"column":1}}]},"12":{"line":587,"type":"if","locations":[{"start":{"line":587,"column":1},"end":{"line":587,"column":1}},{"start":{"line":587,"column":1},"end":{"line":587,"column":1}}]},"13":{"line":593,"type":"if","locations":[{"start":{"line":593,"column":6},"end":{"line":593,"column":6}},{"start":{"line":593,"column":6},"end":{"line":593,"column":6}}]},"14":{"line":607,"type":"if","locations":[{"start":{"line":607,"column":1},"end":{"line":607,"column":1}},{"start":{"line":607,"column":1},"end":{"line":607,"column":1}}]},"15":{"line":607,"type":"binary-expr","locations":[{"start":{"line":607,"column":4},"end":{"line":607,"column":15}},{"start":{"line":607,"column":19},"end":{"line":607,"column":38}}]},"16":{"line":625,"type":"if","locations":[{"start":{"line":625,"column":1},"end":{"line":625,"column":1}},{"start":{"line":625,"column":1},"end":{"line":625,"column":1}}]},"17":{"line":681,"type":"if","locations":[{"start":{"line":681,"column":1},"end":{"line":681,"column":1}},{"start":{"line":681,"column":1},"end":{"line":681,"column":1}}]},"18":{"line":708,"type":"switch","locations":[{"start":{"line":709,"column":1},"end":{"line":720,"column":8}},{"start":{"line":721,"column":1},"end":{"line":729,"column":8}},{"start":{"line":730,"column":1},"end":{"line":733,"column":8}},{"start":{"line":734,"column":1},"end":{"line":739,"column":8}},{"start":{"line":740,"column":1},"end":{"line":743,"column":8}},{"start":{"line":744,"column":1},"end":{"line":747,"column":8}},{"start":{"line":748,"column":1},"end":{"line":751,"column":8}},{"start":{"line":752,"column":1},"end":{"line":755,"column":8}},{"start":{"line":756,"column":1},"end":{"line":764,"column":8}},{"start":{"line":765,"column":1},"end":{"line":768,"column":8}},{"start":{"line":769,"column":1},"end":{"line":772,"column":8}},{"start":{"line":773,"column":1},"end":{"line":781,"column":8}},{"start":{"line":782,"column":1},"end":{"line":782,"column":9}}]},"19":{"line":712,"type":"if","locations":[{"start":{"line":712,"column":2},"end":{"line":712,"column":2}},{"start":{"line":712,"column":2},"end":{"line":712,"column":2}}]},"20":{"line":712,"type":"binary-expr","locations":[{"start":{"line":712,"column":5},"end":{"line":712,"column":23}},{"start":{"line":712,"column":27},"end":{"line":712,"column":58}}]},"21":{"line":724,"type":"if","locations":[{"start":{"line":724,"column":2},"end":{"line":724,"column":2}},{"start":{"line":724,"column":2},"end":{"line":724,"column":2}}]},"22":{"line":760,"type":"if","locations":[{"start":{"line":760,"column":2},"end":{"line":760,"column":2}},{"start":{"line":760,"column":2},"end":{"line":760,"column":2}}]},"23":{"line":777,"type":"if","locations":[{"start":{"line":777,"column":2},"end":{"line":777,"column":2}},{"start":{"line":777,"column":2},"end":{"line":777,"column":2}}]},"24":{"line":805,"type":"if","locations":[{"start":{"line":805,"column":1},"end":{"line":805,"column":1}},{"start":{"line":805,"column":1},"end":{"line":805,"column":1}}]},"25":{"line":808,"type":"switch","locations":[{"start":{"line":809,"column":2},"end":{"line":811,"column":9}},{"start":{"line":812,"column":2},"end":{"line":815,"column":9}},{"start":{"line":816,"column":2},"end":{"line":818,"column":9}},{"start":{"line":819,"column":2},"end":{"line":820,"column":42}}]},"26":{"line":843,"type":"if","locations":[{"start":{"line":843,"column":1},"end":{"line":843,"column":1}},{"start":{"line":843,"column":1},"end":{"line":843,"column":1}}]},"27":{"line":855,"type":"if","locations":[{"start":{"line":855,"column":1},"end":{"line":855,"column":1}},{"start":{"line":855,"column":1},"end":{"line":855,"column":1}}]},"28":{"line":865,"type":"if","locations":[{"start":{"line":865,"column":6},"end":{"line":865,"column":6}},{"start":{"line":865,"column":6},"end":{"line":865,"column":6}}]},"29":{"line":879,"type":"switch","locations":[{"start":{"line":880,"column":1},"end":{"line":889,"column":8}},{"start":{"line":890,"column":1},"end":{"line":895,"column":8}},{"start":{"line":896,"column":1},"end":{"line":898,"column":8}}]},"30":{"line":883,"type":"if","locations":[{"start":{"line":883,"column":2},"end":{"line":883,"column":2}},{"start":{"line":883,"column":2},"end":{"line":883,"column":2}}]},"31":{"line":886,"type":"if","locations":[{"start":{"line":886,"column":7},"end":{"line":886,"column":7}},{"start":{"line":886,"column":7},"end":{"line":886,"column":7}}]},"32":{"line":931,"type":"cond-expr","locations":[{"start":{"line":931,"column":64},"end":{"line":931,"column":73}},{"start":{"line":931,"column":76},"end":{"line":931,"column":79}}]},"33":{"line":954,"type":"if","locations":[{"start":{"line":954,"column":1},"end":{"line":954,"column":1}},{"start":{"line":954,"column":1},"end":{"line":954,"column":1}}]},"34":{"line":980,"type":"if","locations":[{"start":{"line":980,"column":1},"end":{"line":980,"column":1}},{"start":{"line":980,"column":1},"end":{"line":980,"column":1}}]},"35":{"line":991,"type":"if","locations":[{"start":{"line":991,"column":1},"end":{"line":991,"column":1}},{"start":{"line":991,"column":1},"end":{"line":991,"column":1}}]},"36":{"line":1110,"type":"if","locations":[{"start":{"line":1110,"column":1},"end":{"line":1110,"column":1}},{"start":{"line":1110,"column":1},"end":{"line":1110,"column":1}}]},"37":{"line":1166,"type":"if","locations":[{"start":{"line":1166,"column":1},"end":{"line":1166,"column":1}},{"start":{"line":1166,"column":1},"end":{"line":1166,"column":1}}]},"38":{"line":1187,"type":"if","locations":[{"start":{"line":1187,"column":1},"end":{"line":1187,"column":1}},{"start":{"line":1187,"column":1},"end":{"line":1187,"column":1}}]},"39":{"line":1195,"type":"if","locations":[{"start":{"line":1195,"column":1},"end":{"line":1195,"column":1}},{"start":{"line":1195,"column":1},"end":{"line":1195,"column":1}}]},"40":{"line":1215,"type":"if","locations":[{"start":{"line":1215,"column":1},"end":{"line":1215,"column":1}},{"start":{"line":1215,"column":1},"end":{"line":1215,"column":1}}]}},"l":{"19":2,"20":2,"21":2,"22":2,"23":2,"25":2,"26":2,"27":2,"28":2,"29":2,"30":2,"31":2,"32":2,"33":2,"34":2,"35":2,"36":2,"37":2,"38":2,"39":2,"40":2,"41":2,"42":2,"43":2,"44":2,"52":2,"422":3,"423":1,"425":2,"426":2,"427":2,"428":2,"429":2,"430":2,"433":0,"434":0,"437":2,"449":4,"450":0,"452":4,"453":4,"454":4,"459":4,"460":4,"463":0,"464":0,"467":4,"480":0,"481":0,"483":0,"484":0,"485":0,"486":0,"488":0,"492":1,"493":2,"494":2,"495":2,"496":2,"498":2,"501":1,"502":6,"503":6,"504":6,"505":6,"506":6,"507":4,"510":2,"512":6,"513":6,"516":6,"519":1,"520":6,"521":6,"522":6,"523":6,"524":6,"526":6,"527":6,"529":6,"530":6,"533":6,"536":1,"537":6,"538":6,"539":4,"540":4,"542":6,"545":1,"546":6,"547":6,"548":6,"549":6,"550":6,"551":6,"552":6,"554":6,"557":1,"558":6,"559":6,"560":6,"561":6,"563":6,"566":1,"567":12,"568":12,"569":0,"570":0,"571":0,"572":0,"573":0,"576":12,"579":1,"580":6,"581":6,"583":6,"584":6,"585":6,"587":6,"588":6,"593":0,"594":0,"597":0,"600":6,"603":1,"604":0,"605":0,"606":0,"607":0,"608":0,"609":0,"610":0,"611":0,"614":0,"617":1,"618":6,"619":6,"620":6,"622":6,"623":6,"624":6,"625":6,"626":5,"627":5,"628":5,"629":5,"630":5,"633":6,"636":1,"637":6,"638":6,"639":6,"641":6,"644":1,"645":5,"646":5,"647":5,"648":5,"649":5,"650":30,"651":30,"652":30,"654":5,"656":5,"659":1,"660":5,"661":5,"662":5,"663":5,"664":5,"666":5,"669":1,"670":77,"671":77,"672":77,"673":61,"674":61,"677":77,"680":1,"681":77,"682":77,"683":77,"684":77,"685":77,"686":77,"687":77,"688":77,"691":1,"692":77,"693":77,"694":77,"695":76,"696":76,"699":77,"702":1,"703":76,"704":76,"705":76,"706":76,"707":76,"708":76,"710":0,"711":0,"712":0,"713":0,"717":0,"719":0,"720":0,"722":18,"723":18,"724":18,"725":18,"727":18,"728":18,"729":18,"731":6,"732":6,"733":6,"735":6,"736":6,"737":6,"738":6,"739":6,"741":6,"742":6,"743":6,"745":6,"746":6,"747":6,"749":0,"750":0,"751":0,"753":15,"754":15,"755":15,"757":0,"758":0,"759":0,"760":0,"761":0,"763":0,"764":0,"766":6,"767":6,"768":6,"770":6,"771":6,"772":6,"774":6,"775":6,"776":6,"777":6,"778":6,"780":6,"781":6,"785":76,"788":1,"789":77,"790":77,"791":77,"792":126,"793":126,"796":77,"799":2,"800":1,"801":128,"802":128,"803":128,"804":128,"805":128,"806":128,"807":128,"808":128,"810":54,"811":54,"813":1,"814":1,"815":1,"817":72,"818":72,"820":1,"824":127,"827":2,"828":1,"829":72,"830":72,"831":72,"832":72,"833":72,"836":1,"837":54,"838":54,"839":54,"840":54,"841":54,"842":54,"843":54,"844":54,"845":54,"847":54,"849":54,"852":1,"853":108,"854":108,"855":108,"856":54,"857":54,"858":54,"859":54,"860":54,"861":54,"862":54,"865":54,"866":54,"869":0,"872":108,"875":1,"876":54,"877":54,"878":54,"879":54,"881":54,"882":54,"883":54,"884":42,"886":12,"887":12,"889":54,"891":0,"892":0,"893":0,"894":0,"895":0,"897":0,"898":0,"901":54,"904":1,"905":30,"906":30,"907":30,"909":30,"912":1,"914":41,"915":41,"916":41,"917":41,"919":41,"922":1,"924":41,"925":41,"926":41,"927":41,"928":41,"931":0,"934":41,"937":1,"938":18,"939":18,"941":18,"942":18,"943":18,"944":18,"945":18,"946":18,"947":18,"949":18,"952":1,"953":18,"954":18,"955":18,"956":0,"957":0,"958":0,"960":0,"962":0,"966":18,"969":1,"970":72,"971":72,"972":78,"975":72,"978":1,"979":18,"980":18,"981":0,"982":0,"983":0,"986":18,"989":1,"990":0,"991":0,"992":0,"993":0,"994":0,"997":0,"1000":1,"1001":11,"1002":11,"1003":11,"1005":11,"1008":2,"1018":1,"1019":11,"1020":11,"1021":11,"1022":11,"1023":11,"1024":11,"1025":11,"1026":11,"1028":11,"1030":11,"1033":1,"1034":11,"1035":11,"1037":11,"1040":1,"1041":0,"1042":0,"1043":0,"1044":0,"1046":0,"1049":1,"1050":0,"1051":0,"1052":0,"1055":0,"1057":1,"1058":0,"1059":0,"1060":0,"1061":0,"1062":0,"1063":0,"1066":0,"1069":1,"1070":0,"1071":0,"1072":0,"1074":0,"1077":1,"1078":0,"1079":0,"1080":0,"1081":0,"1083":0,"1086":1,"1087":0,"1088":0,"1089":0,"1090":0,"1091":0,"1093":0,"1096":1,"1097":0,"1098":0,"1099":0,"1100":0,"1101":0,"1102":0,"1103":0,"1106":1,"1107":0,"1108":0,"1109":0,"1110":0,"1111":0,"1112":0,"1113":0,"1114":0,"1115":0,"1116":0,"1117":0,"1118":0,"1123":0,"1126":0,"1129":1,"1130":0,"1131":0,"1134":0,"1135":0,"1136":0,"1139":0,"1140":0,"1141":0,"1142":0,"1146":0,"1147":0,"1148":0,"1149":0,"1153":0,"1154":0,"1155":0,"1156":0,"1159":0,"1162":1,"1163":0,"1164":0,"1165":0,"1166":0,"1167":0,"1168":0,"1169":0,"1172":0,"1175":0,"1178":1,"1179":0,"1180":0,"1181":0,"1182":0,"1184":0,"1186":0,"1187":0,"1188":0,"1189":0,"1190":0,"1194":0,"1195":0,"1196":0,"1197":0,"1198":0,"1199":0,"1202":0,"1205":1,"1206":0,"1207":0,"1208":0,"1209":0,"1211":0,"1214":1,"1215":0,"1216":0,"1217":0,"1218":0,"1219":0,"1221":0,"1226":1,"1227":346,"1228":346,"1230":346,"1233":2}},
"/home/mahendra/dev/projects/hyperledger/fabric-sdk-node/node_modules/fabric-client/lib/utils.js":{"path":"/home/mahendra/dev/projects/hyperledger/fabric-sdk-node/node_modules/fabric-client/lib/utils.js","s":{"1":2,"2":2,"3":2,"4":2,"5":2,"6":2,"7":2,"8":2,"9":2,"10":128,"11":128,"12":128,"13":0,"14":128,"15":128,"16":128,"17":2,"18":126,"19":128,"20":2,"21":126,"22":128,"23":0,"24":128,"25":128,"26":128,"27":0,"28":128,"29":128,"30":128,"31":2,"32":56,"33":56,"34":56,"35":56,"36":56,"37":2,"38":2,"39":166,"40":5,"41":5,"42":0,"43":166,"44":1,"45":166,"46":166,"47":166,"48":664,"49":664,"50":664,"51":6956,"52":6956,"53":6956,"54":166,"55":166,"56":161,"57":5,"58":5,"59":5,"60":5,"61":5,"62":5,"63":5,"64":0,"65":4,"66":0,"67":4,"68":5,"69":0,"70":5,"71":5,"72":4,"73":5,"74":2,"75":3,"76":4,"77":4,"78":4,"79":4,"80":1,"81":1,"82":1,"83":1,"84":0,"85":0,"86":0,"87":0,"88":2,"89":24,"90":24,"91":2,"92":73,"93":73,"94":2,"95":1383,"96":1383,"97":2,"98":1480,"99":1445,"100":35,"101":35,"102":34,"103":1,"104":35,"105":2,"106":2,"107":1,"108":1,"109":0,"110":1,"111":2,"112":1,"113":2,"114":1,"115":2,"116":0,"117":0,"118":0,"119":0,"120":0,"121":0,"122":0,"123":2,"124":0,"125":0,"126":0,"127":0,"128":0,"129":0,"130":0,"131":0,"132":0,"133":2,"134":0,"135":0,"136":0,"137":2,"138":0,"139":0,"140":0,"141":0,"142":0,"143":2,"144":80,"145":0,"146":0,"147":80,"148":80,"149":80,"150":2,"151":56,"152":56,"153":56,"154":168,"155":112,"156":2,"157":0,"158":0,"159":0,"160":0,"161":0,"162":2,"163":0,"164":0,"165":0,"166":0,"167":0,"168":2,"169":61,"170":2,"171":113,"172":113,"173":113,"174":55,"175":1,"176":54,"177":54,"178":113,"179":58,"180":113,"181":113,"182":2,"183":111,"184":111,"185":113,"186":113,"187":113,"188":139,"189":139,"190":139,"191":139,"192":65,"193":65,"194":65,"195":65,"196":65,"197":0,"198":74,"199":74,"200":2,"201":113,"202":2,"203":56,"204":56,"205":56,"206":56,"207":55,"208":55,"209":192,"210":192,"211":192,"212":4,"213":192,"214":56},"b":{"1":[0,128],"2":[128,5],"3":[1,127],"4":[2,126],"5":[128,5,2,2],"6":[2,126],"7":[128,5,2,2],"8":[0,128],"9":[128,5,0,0],"10":[0,128],"11":[123,5],"12":[5,0],"13":[6956,0],"14":[161,5],"15":[166,165],"16":[5,0],"17":[5,0],"18":[0,4],"19":[0,5],"20":[5,0],"21":[4,1],"22":[2,3],"23":[1,0],"24":[1445,35],"25":[1480,1479],"26":[34,1],"27":[0,1],"28":[0,0],"29":[0,0],"30":[0,0],"31":[0,80],"32":[0,0],"33":[112,56],"34":[168,112],"35":[0,0],"36":[0,0],"37":[0,0],"38":[55,58],"39":[113,56],"40":[1,54],"41":[58,55],"42":[113,56],"43":[2,111],"44":[113,56],"45":[65,74],"46":[55,1],"47":[4,188]},"f":{"1":128,"2":56,"3":56,"4":166,"5":5,"6":1,"7":166,"8":664,"9":664,"10":6956,"11":24,"12":73,"13":1383,"14":1480,"15":1,"16":1,"17":1,"18":0,"19":0,"20":0,"21":0,"22":80,"23":56,"24":168,"25":0,"26":0,"27":0,"28":0,"29":61,"30":113,"31":139,"32":113,"33":56},"fnMap":{"1":{"name":"(anonymous_1)","line":48,"loc":{"start":{"line":48,"column":32},"end":{"line":48,"column":50}}},"2":{"name":"(anonymous_2)","line":98,"loc":{"start":{"line":98,"column":34},"end":{"line":98,"column":52}}},"3":{"name":"(anonymous_3)","line":101,"loc":{"start":{"line":101,"column":20},"end":{"line":101,"column":46}}},"4":{"name":"(anonymous_4)","line":125,"loc":{"start":{"line":125,"column":27},"end":{"line":125,"column":42}}},"5":{"name":"(anonymous_5)","line":126,"loc":{"start":{"line":126,"column":18},"end":{"line":126,"column":35}}},"6":{"name":"(anonymous_6)","line":136,"loc":{"start":{"line":136,"column":24},"end":{"line":136,"column":35}}},"7":{"name":"(anonymous_7)","line":144,"loc":{"start":{"line":144,"column":24},"end":{"line":144,"column":56}}},"8":{"name":"(anonymous_8)","line":147,"loc":{"start":{"line":147,"column":45},"end":{"line":147,"column":62}}},"9":{"name":"(anonymous_9)","line":150,"loc":{"start":{"line":150,"column":21},"end":{"line":150,"column":54}}},"10":{"name":"(anonymous_10)","line":151,"loc":{"start":{"line":151,"column":11},"end":{"line":151,"column":22}}},"11":{"name":"(anonymous_11)","line":235,"loc":{"start":{"line":235,"column":31},"end":{"line":235,"column":46}}},"12":{"name":"(anonymous_12)","line":243,"loc":{"start":{"line":243,"column":34},"end":{"line":243,"column":56}}},"13":{"name":"(anonymous_13)","line":251,"loc":{"start":{"line":251,"column":34},"end":{"line":251,"column":64}}},"14":{"name":"(anonymous_14)","line":259,"loc":{"start":{"line":259,"column":27},"end":{"line":259,"column":38}}},"15":{"name":"(anonymous_15)","line":279,"loc":{"start":{"line":279,"column":31},"end":{"line":279,"column":51}}},"16":{"name":"(anonymous_16)","line":292,"loc":{"start":{"line":292,"column":31},"end":{"line":292,"column":57}}},"17":{"name":"(anonymous_17)","line":299,"loc":{"start":{"line":299,"column":34},"end":{"line":299,"column":54}}},"18":{"name":"(anonymous_18)","line":307,"loc":{"start":{"line":307,"column":29},"end":{"line":307,"column":43}}},"19":{"name":"(anonymous_19)","line":321,"loc":{"start":{"line":321,"column":29},"end":{"line":321,"column":45}}},"20":{"name":"(anonymous_20)","line":337,"loc":{"start":{"line":337,"column":28},"end":{"line":337,"column":45}}},"21":{"name":"(anonymous_21)","line":344,"loc":{"start":{"line":344,"column":31},"end":{"line":344,"column":48}}},"22":{"name":"(anonymous_22)","line":355,"loc":{"start":{"line":355,"column":26},"end":{"line":355,"column":43}}},"23":{"name":"(anonymous_23)","line":370,"loc":{"start":{"line":370,"column":33},"end":{"line":370,"column":49}}},"24":{"name":"(anonymous_24)","line":374,"loc":{"start":{"line":374,"column":2},"end":{"line":374,"column":14}}},"25":{"name":"(anonymous_25)","line":380,"loc":{"start":{"line":380,"column":30},"end":{"line":380,"column":54}}},"26":{"name":"(anonymous_26)","line":392,"loc":{"start":{"line":392,"column":26},"end":{"line":392,"column":41}}},"27":{"name":"(anonymous_27)","line":393,"loc":{"start":{"line":393,"column":20},"end":{"line":393,"column":46}}},"28":{"name":"(anonymous_28)","line":394,"loc":{"start":{"line":394,"column":20},"end":{"line":394,"column":40}}},"29":{"name":"(anonymous_29)","line":404,"loc":{"start":{"line":404,"column":40},"end":{"line":404,"column":51}}},"30":{"name":"(anonymous_30)","line":408,"loc":{"start":{"line":408,"column":21},"end":{"line":408,"column":50}}},"31":{"name":"(anonymous_31)","line":443,"loc":{"start":{"line":443,"column":21},"end":{"line":443,"column":32}}},"32":{"name":"(anonymous_32)","line":468,"loc":{"start":{"line":468,"column":35},"end":{"line":468,"column":64}}},"33":{"name":"(anonymous_33)","line":482,"loc":{"start":{"line":482,"column":42},"end":{"line":482,"column":88}}}},"statementMap":{"1":{"start":{"line":19,"column":0},"end":{"line":19,"column":27}},"2":{"start":{"line":20,"column":0},"end":{"line":20,"column":33}},"3":{"start":{"line":21,"column":0},"end":{"line":21,"column":29}},"4":{"start":{"line":22,"column":0},"end":{"line":22,"column":31}},"5":{"start":{"line":23,"column":0},"end":{"line":23,"column":27}},"6":{"start":{"line":24,"column":0},"end":{"line":24,"column":23}},"7":{"start":{"line":25,"column":0},"end":{"line":25,"column":36}},"8":{"start":{"line":31,"column":0},"end":{"line":31,"column":43}},"9":{"start":{"line":48,"column":0},"end":{"line":95,"column":2}},"10":{"start":{"line":49,"column":1},"end":{"line":49,"column":55}},"11":{"start":{"line":51,"column":1},"end":{"line":51,"column":20}},"12":{"start":{"line":52,"column":1},"end":{"line":56,"column":2}},"13":{"start":{"line":53,"column":2},"end":{"line":53,"column":29}},"14":{"start":{"line":55,"column":2},"end":{"line":55,"column":47}},"15":{"start":{"line":58,"column":1},"end":{"line":58,"column":110}},"16":{"start":{"line":67,"column":1},"end":{"line":70,"column":52}},"17":{"start":{"line":68,"column":2},"end":{"line":68,"column":28}},"18":{"start":{"line":70,"column":2},"end":{"line":70,"column":52}},"19":{"start":{"line":72,"column":1},"end":{"line":75,"column":19}},"20":{"start":{"line":73,"column":2},"end":{"line":73,"column":46}},"21":{"start":{"line":75,"column":2},"end":{"line":75,"column":19}},"22":{"start":{"line":77,"column":1},"end":{"line":80,"column":18}},"23":{"start":{"line":78,"column":2},"end":{"line":78,"column":40}},"24":{"start":{"line":80,"column":2},"end":{"line":80,"column":18}},"25":{"start":{"line":83,"column":1},"end":{"line":83,"column":28}},"26":{"start":{"line":85,"column":1},"end":{"line":86,"column":108}},"27":{"start":{"line":86,"column":2},"end":{"line":86,"column":108}},"28":{"start":{"line":88,"column":1},"end":{"line":88,"column":35}},"29":{"start":{"line":91,"column":1},"end":{"line":91,"column":58}},"30":{"start":{"line":94,"column":1},"end":{"line":94,"column":49}},"31":{"start":{"line":98,"column":0},"end":{"line":106,"column":2}},"32":{"start":{"line":100,"column":1},"end":{"line":100,"column":17}},"33":{"start":{"line":101,"column":1},"end":{"line":105,"column":4}},"34":{"start":{"line":102,"column":2},"end":{"line":102,"column":56}},"35":{"start":{"line":103,"column":2},"end":{"line":103,"column":30}},"36":{"start":{"line":104,"column":2},"end":{"line":104,"column":37}},"37":{"start":{"line":108,"column":0},"end":{"line":108,"column":58}},"38":{"start":{"line":125,"column":0},"end":{"line":230,"column":2}},"39":{"start":{"line":126,"column":1},"end":{"line":134,"column":3}},"40":{"start":{"line":127,"column":2},"end":{"line":133,"column":3}},"41":{"start":{"line":128,"column":3},"end":{"line":128,"column":30}},"42":{"start":{"line":130,"column":3},"end":{"line":132,"column":5}},"43":{"start":{"line":136,"column":1},"end":{"line":142,"column":3}},"44":{"start":{"line":137,"column":2},"end":{"line":141,"column":5}},"45":{"start":{"line":144,"column":1},"end":{"line":162,"column":3}},"46":{"start":{"line":145,"column":2},"end":{"line":145,"column":49}},"47":{"start":{"line":147,"column":2},"end":{"line":159,"column":5}},"48":{"start":{"line":148,"column":3},"end":{"line":148,"column":37}},"49":{"start":{"line":150,"column":3},"end":{"line":158,"column":35}},"50":{"start":{"line":151,"column":4},"end":{"line":157,"column":6}},"51":{"start":{"line":152,"column":5},"end":{"line":154,"column":6}},"52":{"start":{"line":153,"column":6},"end":{"line":153,"column":61}},"53":{"start":{"line":156,"column":5},"end":{"line":156,"column":33}},"54":{"start":{"line":161,"column":2},"end":{"line":161,"column":16}},"55":{"start":{"line":164,"column":1},"end":{"line":166,"column":2}},"56":{"start":{"line":165,"column":2},"end":{"line":165,"column":51}},"57":{"start":{"line":169,"column":1},"end":{"line":169,"column":74}},"58":{"start":{"line":171,"column":1},"end":{"line":171,"column":18}},"59":{"start":{"line":172,"column":1},"end":{"line":224,"column":2}},"60":{"start":{"line":173,"column":2},"end":{"line":223,"column":3}},"61":{"start":{"line":174,"column":3},"end":{"line":174,"column":21}},"62":{"start":{"line":175,"column":3},"end":{"line":180,"column":4}},"63":{"start":{"line":176,"column":4},"end":{"line":176,"column":44}},"64":{"start":{"line":179,"column":4},"end":{"line":179,"column":32}},"65":{"start":{"line":181,"column":3},"end":{"line":210,"column":4}},"66":{"start":{"line":182,"column":4},"end":{"line":182,"column":113}},"67":{"start":{"line":184,"column":4},"end":{"line":209,"column":5}},"68":{"start":{"line":185,"column":5},"end":{"line":187,"column":6}},"69":{"start":{"line":186,"column":6},"end":{"line":186,"column":15}},"70":{"start":{"line":189,"column":5},"end":{"line":208,"column":6}},"71":{"start":{"line":190,"column":6},"end":{"line":192,"column":7}},"72":{"start":{"line":191,"column":7},"end":{"line":191,"column":31}},"73":{"start":{"line":194,"column":6},"end":{"line":207,"column":7}},"74":{"start":{"line":195,"column":7},"end":{"line":199,"column":11}},"75":{"start":{"line":201,"column":7},"end":{"line":206,"column":11}},"76":{"start":{"line":212,"column":3},"end":{"line":212,"column":44}},"77":{"start":{"line":213,"column":3},"end":{"line":213,"column":89}},"78":{"start":{"line":214,"column":3},"end":{"line":214,"column":22}},"79":{"start":{"line":215,"column":3},"end":{"line":215,"column":41}},"80":{"start":{"line":219,"column":3},"end":{"line":219,"column":35}},"81":{"start":{"line":220,"column":3},"end":{"line":220,"column":22}},"82":{"start":{"line":221,"column":3},"end":{"line":221,"column":171}},"83":{"start":{"line":222,"column":3},"end":{"line":222,"column":41}},"84":{"start":{"line":226,"column":1},"end":{"line":226,"column":33}},"85":{"start":{"line":227,"column":1},"end":{"line":227,"column":20}},"86":{"start":{"line":228,"column":1},"end":{"line":228,"column":76}},"87":{"start":{"line":229,"column":1},"end":{"line":229,"column":39}},"88":{"start":{"line":235,"column":0},"end":{"line":238,"column":2}},"89":{"start":{"line":236,"column":1},"end":{"line":236,"column":31}},"90":{"start":{"line":237,"column":1},"end":{"line":237,"column":19}},"91":{"start":{"line":243,"column":0},"end":{"line":246,"column":2}},"92":{"start":{"line":244,"column":1},"end":{"line":244,"column":31}},"93":{"start":{"line":245,"column":1},"end":{"line":245,"column":25}},"94":{"start":{"line":251,"column":0},"end":{"line":254,"column":2}},"95":{"start":{"line":252,"column":1},"end":{"line":252,"column":31}},"96":{"start":{"line":253,"column":1},"end":{"line":253,"column":40}},"97":{"start":{"line":259,"column":0},"end":{"line":271,"column":2}},"98":{"start":{"line":260,"column":1},"end":{"line":262,"column":2}},"99":{"start":{"line":261,"column":2},"end":{"line":261,"column":27}},"100":{"start":{"line":263,"column":1},"end":{"line":263,"column":27}},"101":{"start":{"line":264,"column":1},"end":{"line":268,"column":2}},"102":{"start":{"line":265,"column":2},"end":{"line":265,"column":29}},"103":{"start":{"line":267,"column":2},"end":{"line":267,"column":34}},"104":{"start":{"line":270,"column":1},"end":{"line":270,"column":15}},"105":{"start":{"line":274,"column":0},"end":{"line":274,"column":21}},"106":{"start":{"line":279,"column":0},"end":{"line":287,"column":2}},"107":{"start":{"line":280,"column":1},"end":{"line":280,"column":35}},"108":{"start":{"line":281,"column":1},"end":{"line":284,"column":2}},"109":{"start":{"line":283,"column":2},"end":{"line":283,"column":102}},"110":{"start":{"line":286,"column":1},"end":{"line":286,"column":13}},"111":{"start":{"line":292,"column":0},"end":{"line":294,"column":2}},"112":{"start":{"line":293,"column":1},"end":{"line":293,"column":31}},"113":{"start":{"line":299,"column":0},"end":{"line":301,"column":2}},"114":{"start":{"line":300,"column":1},"end":{"line":300,"column":31}},"115":{"start":{"line":307,"column":0},"end":{"line":319,"column":2}},"116":{"start":{"line":308,"column":1},"end":{"line":310,"column":9}},"117":{"start":{"line":311,"column":1},"end":{"line":317,"column":2}},"118":{"start":{"line":312,"column":2},"end":{"line":314,"column":3}},"119":{"start":{"line":313,"column":3},"end":{"line":313,"column":20}},"120":{"start":{"line":315,"column":2},"end":{"line":315,"column":23}},"121":{"start":{"line":316,"column":2},"end":{"line":316,"column":12}},"122":{"start":{"line":318,"column":1},"end":{"line":318,"column":12}},"123":{"start":{"line":321,"column":0},"end":{"line":335,"column":2}},"124":{"start":{"line":322,"column":1},"end":{"line":323,"column":13}},"125":{"start":{"line":324,"column":1},"end":{"line":330,"column":2}},"126":{"start":{"line":325,"column":2},"end":{"line":325,"column":28}},"127":{"start":{"line":326,"column":2},"end":{"line":329,"column":3}},"128":{"start":{"line":327,"column":3},"end":{"line":327,"column":17}},"129":{"start":{"line":328,"column":3},"end":{"line":328,"column":11}},"130":{"start":{"line":331,"column":1},"end":{"line":333,"column":2}},"131":{"start":{"line":332,"column":2},"end":{"line":332,"column":52}},"132":{"start":{"line":334,"column":1},"end":{"line":334,"column":12}},"133":{"start":{"line":337,"column":0},"end":{"line":341,"column":2}},"134":{"start":{"line":338,"column":1},"end":{"line":338,"column":30}},"135":{"start":{"line":339,"column":1},"end":{"line":339,"column":13}},"136":{"start":{"line":340,"column":1},"end":{"line":340,"column":12}},"137":{"start":{"line":344,"column":0},"end":{"line":351,"column":2}},"138":{"start":{"line":345,"column":1},"end":{"line":345,"column":41}},"139":{"start":{"line":346,"column":1},"end":{"line":346,"column":31}},"140":{"start":{"line":347,"column":1},"end":{"line":349,"column":2}},"141":{"start":{"line":348,"column":2},"end":{"line":348,"column":22}},"142":{"start":{"line":350,"column":1},"end":{"line":350,"column":11}},"143":{"start":{"line":355,"column":0},"end":{"line":368,"column":2}},"144":{"start":{"line":356,"column":1},"end":{"line":364,"column":2}},"145":{"start":{"line":357,"column":2},"end":{"line":361,"column":3}},"146":{"start":{"line":360,"column":3},"end":{"line":360,"column":51}},"147":{"start":{
[...]
"/home/mahendra/dev/projects/hyperledger/fabric-sdk-node/node_modules/fabric-client/lib/impl/aes/pkcs11_key.js":{"path":"/home/mahendra/dev/projects/hyperledger/fabric-sdk-node/node_modules/fabric-client/lib/impl/aes/pkcs11_key.js","s":{"1":1,"2":1,"3":0,"4":0,"5":0,"6":0,"7":0,"8":0,"9":0,"10":0,"11":0,"12":0,"13":0,"14":0,"15":0,"16":0,"17":0,"18":0,"19":0,"20":0,"21":0,"22":0,"23":0,"24":0,"25":0,"26":0,"27":1},"b":{"1":[0,0],"2":[0,0],"3":[0,0],"4":[0,0],"5":[0,0],"6":[0,0],"7":[0,0],"8":[0,0],"9":[0,0],"10":[0,0]},"f":{"1":0,"2":0,"3":0,"4":0,"5":0,"6":0},"fnMap":{"1":{"name":"(anonymous_1)","line":23,"loc":{"start":{"line":23,"column":12},"end":{"line":23,"column":25}}},"2":{"name":"(anonymous_2)","line":47,"loc":{"start":{"line":47,"column":7},"end":{"line":47,"column":10}}},"3":{"name":"(anonymous_3)","line":51,"loc":{"start":{"line":51,"column":12},"end":{"line":51,"column":15}}},"4":{"name":"(anonymous_4)","line":55,"loc":{"start":{"line":55,"column":10},"end":{"line":55,"column":13}}},"5":{"name":"(anonymous_5)","line":59,"loc":{"start":{"line":59,"column":13},"end":{"line":59,"column":16}}},"6":{"name":"(anonymous_6)","line":63,"loc":{"start":{"line":63,"column":8},"end":{"line":63,"column":11}}}},"statementMap":{"1":{"start":{"line":19,"column":0},"end":{"line":19,"column":34}},"2":{"start":{"line":21,"column":0},"end":{"line":66,"column":2}},"3":{"start":{"line":24,"column":2},"end":{"line":25,"column":68}},"4":{"start":{"line":25,"column":3},"end":{"line":25,"column":68}},"5":{"start":{"line":26,"column":2},"end":{"line":27,"column":51}},"6":{"start":{"line":27,"column":3},"end":{"line":27,"column":51}},"7":{"start":{"line":28,"column":2},"end":{"line":29,"column":63}},"8":{"start":{"line":29,"column":3},"end":{"line":29,"column":63}},"9":{"start":{"line":30,"column":2},"end":{"line":31,"column":54}},"10":{"start":{"line":31,"column":3},"end":{"line":31,"column":54}},"11":{"start":{"line":32,"column":2},"end":{"line":33,"column":66}},"12":{"start":{"line":33,"column":3},"end":{"line":33,"column":66}},"13":{"start":{"line":34,"column":2},"end":{"line":35,"column":68}},"14":{"start":{"line":35,"column":3},"end":{"line":35,"column":68}},"15":{"start":{"line":36,"column":2},"end":{"line":37,"column":71}},"16":{"start":{"line":37,"column":3},"end":{"line":37,"column":71}},"17":{"start":{"line":39,"column":2},"end":{"line":39,"column":10}},"18":{"start":{"line":41,"column":2},"end":{"line":41,"column":23}},"19":{"start":{"line":42,"column":2},"end":{"line":42,"column":26}},"20":{"start":{"line":43,"column":2},"end":{"line":43,"column":20}},"21":{"start":{"line":44,"column":2},"end":{"line":44,"column":20}},"22":{"start":{"line":48,"column":2},"end":{"line":48,"column":19}},"23":{"start":{"line":52,"column":2},"end":{"line":52,"column":14}},"24":{"start":{"line":56,"column":2},"end":{"line":56,"column":15}},"25":{"start":{"line":60,"column":2},"end":{"line":60,"column":57}},"26":{"start":{"line":64,"column":2},"end":{"line":64,"column":57}},"27":{"start":{"line":68,"column":0},"end":{"line":68,"column":32}}},"branchMap":{"1":{"line":24,"type":"if","locations":[{"start":{"line":24,"column":2},"end":{"line":24,"column":2}},{"start":{"line":24,"column":2},"end":{"line":24,"column":2}}]},"2":{"line":24,"type":"binary-expr","locations":[{"start":{"line":24,"column":6},"end":{"line":24,"column":33}},{"start":{"line":24,"column":37},"end":{"line":24,"column":50}}]},"3":{"line":26,"type":"if","locations":[{"start":{"line":26,"column":2},"end":{"line":26,"column":2}},{"start":{"line":26,"column":2},"end":{"line":26,"column":2}}]},"4":{"line":26,"type":"binary-expr","locations":[{"start":{"line":26,"column":6},"end":{"line":26,"column":37}},{"start":{"line":26,"column":41},"end":{"line":26,"column":58}}]},"5":{"line":28,"type":"if","locations":[{"start":{"line":28,"column":2},"end":{"line":28,"column":2}},{"start":{"line":28,"column":2},"end":{"line":28,"column":2}}]},"6":{"line":30,"type":"if","locations":[{"start":{"line":30,"column":2},"end":{"line":30,"column":2}},{"start":{"line":30,"column":2},"end":{"line":30,"column":2}}]},"7":{"line":30,"type":"binary-expr","locations":[{"start":{"line":30,"column":6},"end":{"line":30,"column":37}},{"start":{"line":30,"column":41},"end":{"line":30,"column":58}}]},"8":{"line":32,"type":"if","locations":[{"start":{"line":32,"column":2},"end":{"line":32,"column":2}},{"start":{"line":32,"column":2},"end":{"line":32,"column":2}}]},"9":{"line":34,"type":"if","locations":[{"start":{"line":34,"column":2},"end":{"line":34,"column":2}},{"start":{"line":34,"column":2},"end":{"line":34,"column":2}}]},"10":{"line":36,"type":"if","locations":[{"start":{"line":36,"column":2},"end":{"line":36,"column":2}},{"start":{"line":36,"column":2},"end":{"line":36,"column":2}}]}},"l":{"19":1,"21":1,"24":0,"25":0,"26":0,"27":0,"28":0,"29":0,"30":0,"31":0,"32":0,"33":0,"34":0,"35":0,"36":0,"37":0,"39":0,"41":0,"42":0,"43":0,"44":0,"48":0,"52":0,"56":0,"60":0,"64":0,"68":1}},
"/home/mahendra/dev/projects/hyperledger/fabric-sdk-node/node_modules/fabric-client/lib/impl/ecdsa/pkcs11_key.js":{"path":"/home/mahendra/dev/projects/hyperledger/fabric-sdk-node/node_modules/fabric-client/lib/impl/ecdsa/pkcs11_key.js","s":{"1":1,"2":1,"3":1,"4":0,"5":0,"6":0,"7":0,"8":0,"9":0,"10":0,"11":0,"12":0,"13":0,"14":0,"15":0,"16":0,"17":0,"18":0,"19":0,"20":0,"21":0,"22":0,"23":0,"24":0,"25":0,"26":0,"27":0,"28":0,"29":0,"30":0,"31":0,"32":0,"33":0,"34":0,"35":0,"36":1},"b":{"1":[0,0],"2":[0,0],"3":[0,0],"4":[0,0],"5":[0,0],"6":[0,0],"7":[0,0,0,0],"8":[0,0],"9":[0,0,0],"10":[0,0],"11":[0,0,0],"12":[0,0],"13":[0,0],"14":[0,0],"15":[0,0],"16":[0,0],"17":[0,0],"18":[0,0]},"f":{"1":0,"2":0,"3":0,"4":0,"5":0,"6":0},"fnMap":{"1":{"name":"(anonymous_1)","line":34,"loc":{"start":{"line":34,"column":12},"end":{"line":34,"column":25}}},"2":{"name":"(anonymous_2)","line":79,"loc":{"start":{"line":79,"column":7},"end":{"line":79,"column":10}}},"3":{"name":"(anonymous_3)","line":83,"loc":{"start":{"line":83,"column":12},"end":{"line":83,"column":15}}},"4":{"name":"(anonymous_4)","line":87,"loc":{"start":{"line":87,"column":10},"end":{"line":87,"column":13}}},"5":{"name":"(anonymous_5)","line":91,"loc":{"start":{"line":91,"column":13},"end":{"line":91,"column":16}}},"6":{"name":"(anonymous_6)","line":95,"loc":{"start":{"line":95,"column":8},"end":{"line":95,"column":11}}}},"statementMap":{"1":{"start":{"line":19,"column":0},"end":{"line":19,"column":34}},"2":{"start":{"line":21,"column":0},"end":{"line":23,"column":6}},"3":{"start":{"line":32,"column":0},"end":{"line":101,"column":2}},"4":{"start":{"line":35,"column":2},"end":{"line":36,"column":68}},"5":{"start":{"line":36,"column":3},"end":{"line":36,"column":68}},"6":{"start":{"line":37,"column":2},"end":{"line":38,"column":51}},"7":{"start":{"line":38,"column":3},"end":{"line":38,"column":51}},"8":{"start":{"line":39,"column":2},"end":{"line":40,"column":63}},"9":{"start":{"line":40,"column":3},"end":{"line":40,"column":63}},"10":{"start":{"line":41,"column":2},"end":{"line":43,"column":55}},"11":{"start":{"line":43,"column":3},"end":{"line":43,"column":55}},"12":{"start":{"line":44,"column":2},"end":{"line":46,"column":62}},"13":{"start":{"line":45,"column":38},"end":{"line":46,"column":62}},"14":{"start":{"line":47,"column":2},"end":{"line":49,"column":61}},"15":{"start":{"line":48,"column":38},"end":{"line":49,"column":61}},"16":{"start":{"line":50,"column":2},"end":{"line":51,"column":68}},"17":{"start":{"line":51,"column":3},"end":{"line":51,"column":68}},"18":{"start":{"line":52,"column":2},"end":{"line":53,"column":62}},"19":{"start":{"line":52,"column":34},"end":{"line":53,"column":62}},"20":{"start":{"line":55,"column":2},"end":{"line":55,"column":10}},"21":{"start":{"line":60,"column":2},"end":{"line":60,"column":23}},"22":{"start":{"line":61,"column":2},"end":{"line":61,"column":20}},"23":{"start":{"line":67,"column":2},"end":{"line":76,"column":3}},"24":{"start":{"line":68,"column":3},"end":{"line":68,"column":28}},"25":{"start":{"line":69,"column":3},"end":{"line":70,"column":61}},"26":{"start":{"line":73,"column":3},"end":{"line":73,"column":26}},"27":{"start":{"line":74,"column":3},"end":{"line":74,"column":27}},"28":{"start":{"line":75,"column":3},"end":{"line":75,"column":20}},"29":{"start":{"line":80,"column":2},"end":{"line":80,"column":19}},"30":{"start":{"line":84,"column":2},"end":{"line":84,"column":15}},"31":{"start":{"line":88,"column":2},"end":{"line":88,"column":29}},"32":{"start":{"line":92,"column":2},"end":{"line":92,"column":46}},"33":{"start":{"line":96,"column":2},"end":{"line":97,"column":59}},"34":{"start":{"line":97,"column":3},"end":{"line":97,"column":59}},"35":{"start":{"line":99,"column":2},"end":{"line":99,"column":20}},"36":{"start":{"line":103,"column":0},"end":{"line":103,"column":34}}},"branchMap":{"1":{"line":35,"type":"if","locations":[{"start":{"line":35,"column":2},"end":{"line":35,"column":2}},{"start":{"line":35,"column":2},"end":{"line":35,"column":2}}]},"2":{"line":35,"type":"binary-expr","locations":[{"start":{"line":35,"column":6},"end":{"line":35,"column":33}},{"start":{"line":35,"column":37},"end":{"line":35,"column":50}}]},"3":{"line":37,"type":"if","locations":[{"start":{"line":37,"column":2},"end":{"line":37,"column":2}},{"start":{"line":37,"column":2},"end":{"line":37,"column":2}}]},"4":{"line":37,"type":"binary-expr","locations":[{"start":{"line":37,"column":6},"end":{"line":37,"column":37}},{"start":{"line":37,"column":41},"end":{"line":37,"column":58}}]},"5":{"line":39,"type":"if","locations":[{"start":{"line":39,"column":2},"end":{"line":39,"column":2}},{"start":{"line":39,"column":2},"end":{"line":39,"column":2}}]},"6":{"line":41,"type":"if","locations":[{"start":{"line":41,"column":2},"end":{"line":41,"column":2}},{"start":{"line":41,"column":2},"end":{"line":41,"column":2}}]},"7":{"line":41,"type":"binary-expr","locations":[{"start":{"line":41,"column":7},"end":{"line":41,"column":39}},{"start":{"line":41,"column":43},"end":{"line":41,"column":61}},{"start":{"line":42,"column":7},"end":{"line":42,"column":39}},{"start":{"line":42,"column":43},"end":{"line":42,"column":61}}]},"8":{"line":44,"type":"if","locations":[{"start":{"line":44,"column":2},"end":{"line":44,"column":2}},{"start":{"line":44,"column":2},"end":{"line":44,"column":2}}]},"9":{"line":44,"type":"binary-expr","locations":[{"start":{"line":44,"column":6},"end":{"line":44,"column":38}},{"start":{"line":44,"column":42},"end":{"line":44,"column":60}},{"start":{"line":45,"column":6},"end":{"line":45,"column":36}}]},"10":{"line":47,"type":"if","locations":[{"start":{"line":47,"column":2},"end":{"line":47,"column":2}},{"start":{"line":47,"column":2},"end":{"line":47,"column":2}}]},"11":{"line":47,"type":"binary-expr","locations":[{"start":{"line":47,"column":6},"end":{"line":47,"column":38}},{"start":{"line":47,"column":42},"end":{"line":47,"column":60}},{"start":{"line":48,"column":6},"end":{"line":48,"column":36}}]},"12":{"line":50,"type":"if","locations":[{"start":{"line":50,"column":2},"end":{"line":50,"column":2}},{"start":{"line":50,"column":2},"end":{"line":50,"column":2}}]},"13":{"line":52,"type":"if","locations":[{"start":{"line":52,"column":2},"end":{"line":52,"column":2}},{"start":{"line":52,"column":2},"end":{"line":52,"column":2}}]},"14":{"line":52,"type":"binary-expr","locations":[{"start":{"line":52,"column":6},"end":{"line":52,"column":17}},{"start":{"line":52,"column":21},"end":{"line":52,"column":32}}]},"15":{"line":67,"type":"if","locations":[{"start":{"line":67,"column":2},"end":{"line":67,"column":2}},{"start":{"line":67,"column":2},"end":{"line":67,"column":2}}]},"16":{"line":67,"type":"binary-expr","locations":[{"start":{"line":67,"column":6},"end":{"line":67,"column":38}},{"start":{"line":67,"column":42},"end":{"line":67,"column":60}}]},"17":{"line":92,"type":"cond-expr","locations":[{"start":{"line":92,"column":29},"end":{"line":92,"column":33}},{"start":{"line":92,"column":36},"end":{"line":92,"column":45}}]},"18":{"line":96,"type":"if","locations":[{"start":{"line":96,"column":2},"end":{"line":96,"column":2}},{"start":{"line":96,"column":2},"end":{"line":96,"column":2}}]}},"l":{"19":1,"21":1,"32":1,"35":0,"36":0,"37":0,"38":0,"39":0,"40":0,"41":0,"43":0,"44":0,"45":0,"47":0,"48":0,"50":0,"51":0,"52":0,"55":0,"60":0,"61":0,"67":0,"68":0,"69":0,"73":0,"74":0,"75":0,"80":0,"84":0,"88":0,"92":0,"96":0,"97":0,"99":0,"103":1}},
"/home/mahendra/dev/projects/hyperledger/fabric-sdk-node/node_modules/fabric-client/lib/impl/FileKeyValueStore.js":{"path":"/home/mahendra/dev/projects/hyperledger/fabric-sdk-node/node_modules/fabric-client/lib/impl/FileKeyValueStore.js","s":{"1":1,"2":1,"3":1,"4":1,"5":1,"6":1,"7":100,"8":100,"9":4,"10":96,"11":96,"12":96,"13":96,"14":96,"15":96,"16":0,"17":0,"18":0,"19":0,"20":96,"21":28,"22":28,"23":28,"24":28,"25":28,"26":28,"27":5,"28":0,"29":5,"30":23,"31":146,"32":146,"33":146,"34":146,"35":146,"36":146,"37":1,"38":145,"39":1},"b":{"1":[4,96],"2":[100,98],"3":[0,96],"4":[0,0],"5":[5,23],"6":[0,5],"7":[1,145]},"f":{"1":100,"2":96,"3":96,"4":28,"5":28,"6":28,"7":146,"8":146,"9":146},"fnMap":{"1":{"name":"(anonymous_1)","line":41,"loc":{"start":{"line":41,"column":12},"end":{"line":41,"column":22}}},"2":{"name":"(anonymous_2)","line":53,"loc":{"start":{"line":53,"column":21},"end":{"line":53,"column":47}}},"3":{"name":"(anonymous_3)","line":54,"loc":{"start":{"line":54,"column":24},"end":{"line":54,"column":39}}},"4":{"name":"(anonymous_4)","line":68,"loc":{"start":{"line":68,"column":9},"end":{"line":68,"column":16}}},"5":{"name":"(anonymous_5)","line":73,"loc":{"start":{"line":73,"column":21},"end":{"line":73,"column":47}}},"6":{"name":"(anonymous_6)","line":75,"loc":{"start":{"line":75,"column":26},"end":{"line":75,"column":47}}},"7":{"name":"(anonymous_7)","line":88,"loc":{"start":{"line":88,"column":9},"end":{"line":88,"column":23}}},"8":{"name":"(anonymous_8)","line":93,"loc":{"start":{"line":93,"column":21},"end":{"line":93,"column":47}}},"9":{"name":"(anonymous_9)","line":95,"loc":{"start":{"line":95,"column":26},"end":{"line":95,"column":40}}}},"statementMap":{"1":{"start":{"line":19,"column":0},"end":{"line":19,"column":31}},"2":{"start":{"line":20,"column":0},"end":{"line":20,"column":29}},"3":{"start":{"line":21,"column":0},"end":{"line":21,"column":27}},"4":{"start":{"line":22,"column":0},"end":{"line":22,"column":32}},"5":{"start":{"line":24,"column":0},"end":{"line":24,"column":53}},"6":{"start":{"line":33,"column":0},"end":{"line":104,"column":2}},"7":{"start":{"line":42,"column":2},"end":{"line":42,"column":53}},"8":{"start":{"line":44,"column":2},"end":{"line":46,"column":3}},"9":{"start":{"line":45,"column":3},"end":{"line":45,"column":90}},"10":{"start":{"line":49,"column":2},"end":{"line":49,"column":10}},"11":{"start":{"line":51,"column":2},"end":{"line":51,"column":18}},"12":{"start":{"line":52,"column":2},"end":{"line":52,"column":27}},"13":{"start":{"line":53,"column":2},"end":{"line":65,"column":5}},"14":{"start":{"line":54,"column":3},"end":{"line":64,"column":6}},"15":{"start":{"line":55,"column":4},"end":{"line":62,"column":5}},"16":{"start":{"line":56,"column":5},"end":{"line":56,"column":101}},"17":{"start":{"line":57,"column":5},"end":{"line":61,"column":6}},"18":{"start":{"line":58,"column":6},"end":{"line":58,"column":27}},"19":{"start":{"line":60,"column":6},"end":{"line":60,"column":30}},"20":{"start":{"line":63,"column":4},"end":{"line":63,"column":25}},"21":{"start":{"line":69,"column":2},"end":{"line":69,"column":48}},"22":{"start":{"line":71,"column":2},"end":{"line":71,"column":18}},"23":{"start":{"line":73,"column":2},"end":{"line":85,"column":5}},"24":{"start":{"line":74,"column":3},"end":{"line":74,"column":38}},"25":{"start":{"line":75,"column":3},"end":{"line":84,"column":6}},"26":{"start":{"line":76,"column":4},"end":{"line":82,"column":5}},"27":{"start":{"line":77,"column":5},"end":{"line":81,"column":6}},"28":{"start":{"line":78,"column":6},"end":{"line":78,"column":25}},"29":{"start":{"line":80,"column":6},"end":{"line":80,"column":27}},"30":{"start":{"line":83,"column":4},"end":{"line":83,"column":25}},"31":{"start":{"line":89,"column":2},"end":{"line":89,"column":48}},"32":{"start":{"line":91,"column":2},"end":{"line":91,"column":18}},"33":{"start":{"line":93,"column":2},"end":{"line":102,"column":5}},"34":{"start":{"line":94,"column":3},"end":{"line":94,"column":38}},"35":{"start":{"line":95,"column":3},"end":{"line":101,"column":6}},"36":{"start":{"line":96,"column":4},"end":{"line":100,"column":5}},"37":{"start":{"line":97,"column":5},"end":{"line":97,"column":17}},"38":{"start":{"line":99,"column":5},"end":{"line":99,"column":27}},"39":{"start":{"line":106,"column":0},"end":{"line":106,"column":35}}},"branchMap":{"1":{"line":44,"type":"if","locations":[{"start":{"line":44,"column":2},"end":{"line":44,"column":2}},{"start":{"line":44,"column":2},"end":{"line":44,"column":2}}]},"2":{"line":44,"type":"binary-expr","locations":[{"start":{"line":44,"column":6},"end":{"line":44,"column":14}},{"start":{"line":44,"column":18},"end":{"line":44,"column":31}}]},"3":{"line":55,"type":"if","locations":[{"start":{"line":55,"column":4},"end":{"line":55,"column":4}},{"start":{"line":55,"column":4},"end":{"line":55,"column":4}}]},"4":{"line":57,"type":"if","locations":[{"start":{"line":57,"column":5},"end":{"line":57,"column":5}},{"start":{"line":57,"column":5},"end":{"line":57,"column":5}}]},"5":{"line":76,"type":"if","locations":[{"start":{"line":76,"column":4},"end":{"line":76,"column":4}},{"start":{"line":76,"column":4},"end":{"line":76,"column":4}}]},"6":{"line":77,"type":"if","locations":[{"start":{"line":77,"column":5},"end":{"line":77,"column":5}},{"start":{"line":77,"column":5},"end":{"line":77,"column":5}}]},"7":{"line":96,"type":"if","locations":[{"start":{"line":96,"column":4},"end":{"line":96,"column":4}},{"start":{"line":96,"column":4},"end":{"line":96,"column":4}}]}},"l":{"19":1,"20":1,"21":1,"22":1,"24":1,"33":1,"42":100,"44":100,"45":4,"49":96,"51":96,"52":96,"53":96,"54":96,"55":96,"56":0,"57":0,"58":0,"60":0,"63":96,"69":28,"71":28,"73":28,"74":28,"75":28,"76":28,"77":5,"78":0,"80":5,"83":23,"89":146,"91":146,"93":146,"94":146,"95":146,"96":146,"97":1,"99":145,"106":1}}}
