TN:
SF:/home/mahendra/dev/projects/hyperledger/fabric-sdk-node/node_modules/fabric-client/lib/BlockDecoder.js
FN:421,(anonymous_1)
FN:448,(anonymous_2)
FN:479,(anonymous_3)
FN:492,decodeBlockHeader
FN:501,decodeBlockData
FN:519,decodeBlockMetaData
FN:536,decodeTransactionFilter
FN:545,decodeLastConfigSequenceNumber
FN:557,decodeMetadataSignatures
FN:566,decodeMetadataValueSignatures
FN:579,decodeBlockDataEnvelope
FN:603,decodeEndorserTransaction
FN:617,decodeConfigEnvelope
FN:636,decodeConfig
FN:644,decodeConfigUpdateEnvelope
FN:659,decodeConfigUpdate
FN:669,decodeConfigGroups
FN:680,decodeConfigGroup
FN:691,decodeConfigValues
FN:702,decodeConfigValue
FN:788,decodeConfigPolicies
FN:800,decodeConfigPolicy
FN:828,decodeImplicitMetaPolicy
FN:836,decodeSignaturePolicyEnvelope
FN:852,decodeSignaturePolicy
FN:875,decodeMSPPrincipal
FN:904,decodeConfigSignature
FN:912,decodeSignatureHeader
FN:922,decodeIdentity
FN:937,decodeFabricMSPConfig
FN:952,decodeFabricOUIdentifier
FN:969,toPEMcerts
FN:978,decodeSigningIdentityInfo
FN:989,decodeKeyInfo
FN:1000,decodeHeader
FN:1018,decodeChannelHeader
FN:1033,timeStampToDate
FN:1040,decodeChaincodeActionPayload
FN:1049,decodeChaincodeProposalPayload
FN:1057,decodeChaincodeEndorsedAction
FN:1069,decodeEndorsement
FN:1077,decodeProposalResponsePayload
FN:1086,decodeChaincodeAction
FN:1096,decodeChaincodeEvents
FN:1106,decodeReadWriteSets
FN:1129,decodeKVRWSet
FN:1162,decodeKVRead
FN:1178,decodeRangeQueryInfo
FN:1205,decodeKVWrite
FN:1214,decodeResponse
FN:1226,decodeVersion
FNF:51
FNH:35
FNDA:3,(anonymous_1)
FNDA:4,(anonymous_2)
FNDA:0,(anonymous_3)
FNDA:2,decodeBlockHeader
FNDA:6,decodeBlockData
FNDA:6,decodeBlockMetaData
FNDA:6,decodeTransactionFilter
FNDA:6,decodeLastConfigSequenceNumber
FNDA:6,decodeMetadataSignatures
FNDA:12,decodeMetadataValueSignatures
FNDA:6,decodeBlockDataEnvelope
FNDA:0,decodeEndorserTransaction
FNDA:6,decodeConfigEnvelope
FNDA:6,decodeConfig
FNDA:5,decodeConfigUpdateEnvelope
FNDA:5,decodeConfigUpdate
FNDA:77,decodeConfigGroups
FNDA:77,decodeConfigGroup
FNDA:77,decodeConfigValues
FNDA:76,decodeConfigValue
FNDA:77,decodeConfigPolicies
FNDA:128,decodeConfigPolicy
FNDA:72,decodeImplicitMetaPolicy
FNDA:54,decodeSignaturePolicyEnvelope
FNDA:108,decodeSignaturePolicy
FNDA:54,decodeMSPPrincipal
FNDA:30,decodeConfigSignature
FNDA:41,decodeSignatureHeader
FNDA:41,decodeIdentity
FNDA:18,decodeFabricMSPConfig
FNDA:18,decodeFabricOUIdentifier
FNDA:72,toPEMcerts
FNDA:18,decodeSigningIdentityInfo
FNDA:0,decodeKeyInfo
FNDA:11,decodeHeader
FNDA:11,decodeChannelHeader
FNDA:11,timeStampToDate
FNDA:0,decodeChaincodeActionPayload
FNDA:0,decodeChaincodeProposalPayload
FNDA:0,decodeChaincodeEndorsedAction
FNDA:0,decodeEndorsement
FNDA:0,decodeProposalResponsePayload
FNDA:0,decodeChaincodeAction
FNDA:0,decodeChaincodeEvents
FNDA:0,decodeReadWriteSets
FNDA:0,decodeKVRWSet
FNDA:0,decodeKVRead
FNDA:0,decodeRangeQueryInfo
FNDA:0,decodeKVWrite
FNDA:0,decodeResponse
FNDA:346,decodeVersion
DA:19,2
DA:20,2
DA:21,2
DA:22,2
DA:23,2
DA:25,2
DA:26,2
DA:27,2
DA:28,2
DA:29,2
DA:30,2
DA:31,2
DA:32,2
DA:33,2
DA:34,2
DA:35,2
DA:36,2
DA:37,2
DA:38,2
DA:39,2
DA:40,2
DA:41,2
DA:42,2
DA:43,2
DA:44,2
DA:52,2
DA:422,3
DA:423,1
DA:425,2
DA:426,2
DA:427,2
DA:428,2
DA:429,2
DA:430,2
DA:433,0
DA:434,0
DA:437,2
DA:449,4
DA:450,0
DA:452,4
DA:453,4
DA:454,4
DA:459,4
DA:460,4
DA:463,0
DA:464,0
DA:467,4
DA:480,0
DA:481,0
DA:483,0
DA:484,0
DA:485,0
DA:486,0
DA:488,0
DA:492,1
DA:493,2
DA:494,2
DA:495,2
DA:496,2
DA:498,2
DA:501,1
DA:502,6
DA:503,6
DA:504,6
DA:505,6
DA:506,6
DA:507,4
DA:510,2
DA:512,6
DA:513,6
DA:516,6
DA:519,1
DA:520,6
DA:521,6
DA:522,6
DA:523,6
DA:524,6
DA:526,6
DA:527,6
DA:529,6
DA:530,6
DA:533,6
DA:536,1
DA:537,6
DA:538,6
DA:539,4
DA:540,4
DA:542,6
DA:545,1
DA:546,6
DA:547,6
DA:548,6
DA:549,6
DA:550,6
DA:551,6
DA:552,6
DA:554,6
DA:557,1
DA:558,6
DA:559,6
DA:560,6
DA:561,6
DA:563,6
DA:566,1
DA:567,12
DA:568,12
DA:569,0
DA:570,0
DA:571,0
DA:572,0
DA:573,0
DA:576,12
DA:579,1
DA:580,6
DA:581,6
DA:583,6
DA:584,6
DA:585,6
DA:587,6
DA:588,6
DA:593,0
DA:594,0
DA:597,0
DA:600,6
DA:603,1
DA:604,0
DA:605,0
DA:606,0
DA:607,0
DA:608,0
DA:609,0
DA:610,0
DA:611,0
DA:614,0
DA:617,1
DA:618,6
DA:619,6
DA:620,6
DA:622,6
DA:623,6
DA:624,6
DA:625,6
DA:626,5
DA:627,5
DA:628,5
DA:629,5
DA:630,5
DA:633,6
DA:636,1
DA:637,6
DA:638,6
DA:639,6
DA:641,6
DA:644,1
DA:645,5
DA:646,5
DA:647,5
DA:648,5
DA:649,5
DA:650,30
DA:651,30
DA:652,30
DA:654,5
DA:656,5
DA:659,1
DA:660,5
DA:661,5
DA:662,5
DA:663,5
DA:664,5
DA:666,5
DA:669,1
DA:670,77
DA:671,77
DA:672,77
DA:673,61
DA:674,61
DA:677,77
DA:680,1
DA:681,77
DA:682,77
DA:683,77
DA:684,77
DA:685,77
DA:686,77
DA:687,77
DA:688,77
DA:691,1
DA:692,77
DA:693,77
DA:694,77
DA:695,76
DA:696,76
DA:699,77
DA:702,1
DA:703,76
DA:704,76
DA:705,76
DA:706,76
DA:707,76
DA:708,76
DA:710,0
DA:711,0
DA:712,0
DA:713,0
DA:717,0
DA:719,0
DA:720,0
DA:722,18
DA:723,18
DA:724,18
DA:725,18
DA:727,18
DA:728,18
DA:729,18
DA:731,6
DA:732,6
DA:733,6
DA:735,6
DA:736,6
DA:737,6
DA:738,6
DA:739,6
DA:741,6
DA:742,6
DA:743,6
DA:745,6
DA:746,6
DA:747,6
DA:749,0
DA:750,0
DA:751,0
DA:753,15
DA:754,15
DA:755,15
DA:757,0
DA:758,0
DA:759,0
DA:760,0
DA:761,0
DA:763,0
DA:764,0
DA:766,6
DA:767,6
DA:768,6
DA:770,6
DA:771,6
DA:772,6
DA:774,6
DA:775,6
DA:776,6
DA:777,6
DA:778,6
DA:780,6
DA:781,6
DA:785,76
DA:788,1
DA:789,77
DA:790,77
DA:791,77
DA:792,126
DA:793,126
DA:796,77
DA:799,2
DA:800,1
DA:801,128
DA:802,128
DA:803,128
DA:804,128
DA:805,128
DA:806,128
DA:807,128
DA:808,128
DA:810,54
DA:811,54
DA:813,1
DA:814,1
DA:815,1
DA:817,72
DA:818,72
DA:820,1
DA:824,127
DA:827,2
DA:828,1
DA:829,72
DA:830,72
DA:831,72
DA:832,72
DA:833,72
DA:836,1
DA:837,54
DA:838,54
DA:839,54
DA:840,54
DA:841,54
DA:842,54
DA:843,54
DA:844,54
DA:845,54
DA:847,54
DA:849,54
DA:852,1
DA:853,108
DA:854,108
DA:855,108
DA:856,54
DA:857,54
DA:858,54
DA:859,54
DA:860,54
DA:861,54
DA:862,54
DA:865,54
DA:866,54
DA:869,0
DA:872,108
DA:875,1
DA:876,54
DA:877,54
DA:878,54
DA:879,54
DA:881,54
DA:882,54
DA:883,54
DA:884,42
DA:886,12
DA:887,12
DA:889,54
DA:891,0
DA:892,0
DA:893,0
DA:894,0
DA:895,0
DA:897,0
DA:898,0
DA:901,54
DA:904,1
DA:905,30
DA:906,30
DA:907,30
DA:909,30
DA:912,1
DA:914,41
DA:915,41
DA:916,41
DA:917,41
DA:919,41
DA:922,1
DA:924,41
DA:925,41
DA:926,41
DA:927,41
DA:928,41
DA:931,0
DA:934,41
DA:937,1
DA:938,18
DA:939,18
DA:941,18
DA:942,18
DA:943,18
DA:944,18
DA:945,18
DA:946,18
DA:947,18
DA:949,18
DA:952,1
DA:953,18
DA:954,18
DA:955,18
DA:956,0
DA:957,0
DA:958,0
DA:960,0
DA:962,0
DA:966,18
DA:969,1
DA:970,72
DA:971,72
DA:972,78
DA:975,72
DA:978,1
DA:979,18
DA:980,18
DA:981,0
DA:982,0
DA:983,0
DA:986,18
DA:989,1
DA:990,0
DA:991,0
DA:992,0
DA:993,0
DA:994,0
DA:997,0
DA:1000,1
DA:1001,11
DA:1002,11
DA:1003,11
DA:1005,11
DA:1008,2
DA:1018,1
DA:1019,11
DA:1020,11
DA:1021,11
DA:1022,11
DA:1023,11
DA:1024,11
DA:1025,11
DA:1026,11
DA:1028,11
DA:1030,11
DA:1033,1
DA:1034,11
DA:1035,11
DA:1037,11
DA:1040,1
DA:1041,0
DA:1042,0
DA:1043,0
DA:1044,0
DA:1046,0
DA:1049,1
DA:1050,0
DA:1051,0
DA:1052,0
DA:1055,0
DA:1057,1
DA:1058,0
DA:1059,0
DA:1060,0
DA:1061,0
DA:1062,0
DA:1063,0
DA:1066,0
DA:1069,1
DA:1070,0
DA:1071,0
DA:1072,0
DA:1074,0
DA:1077,1
DA:1078,0
DA:1079,0
DA:1080,0
DA:1081,0
DA:1083,0
DA:1086,1
DA:1087,0
DA:1088,0
DA:1089,0
DA:1090,0
DA:1091,0
DA:1093,0
DA:1096,1
DA:1097,0
DA:1098,0
DA:1099,0
DA:1100,0
DA:1101,0
DA:1102,0
DA:1103,0
DA:1106,1
DA:1107,0
DA:1108,0
DA:1109,0
DA:1110,0
DA:1111,0
DA:1112,0
DA:1113,0
DA:1114,0
DA:1115,0
DA:1116,0
DA:1117,0
DA:1118,0
DA:1123,0
DA:1126,0
DA:1129,1
DA:1130,0
DA:1131,0
DA:1134,0
DA:1135,0
DA:1136,0
DA:1139,0
DA:1140,0
DA:1141,0
DA:1142,0
DA:1146,0
DA:1147,0
DA:1148,0
DA:1149,0
DA:1153,0
DA:1154,0
DA:1155,0
DA:1156,0
DA:1159,0
DA:1162,1
DA:1163,0
DA:1164,0
DA:1165,0
DA:1166,0
DA:1167,0
DA:1168,0
DA:1169,0
DA:1172,0
DA:1175,0
DA:1178,1
DA:1179,0
DA:1180,0
DA:1181,0
DA:1182,0
DA:1184,0
DA:1186,0
DA:1187,0
DA:1188,0
DA:1189,0
DA:1190,0
DA:1194,0
DA:1195,0
DA:1196,0
DA:1197,0
DA:1198,0
DA:1199,0
DA:1202,0
DA:1205,1
DA:1206,0
DA:1207,0
DA:1208,0
DA:1209,0
DA:1211,0
DA:1214,1
DA:1215,0
DA:1216,0
DA:1217,0
DA:1218,0
DA:1219,0
DA:1221,0
DA:1226,1
DA:1227,346
DA:1228,346
DA:1230,346
DA:1233,2
LF:541
LH:365
BRDA:422,1,0,1
BRDA:422,1,1,2
BRDA:422,2,0,3
BRDA:422,2,1,3
BRDA:433,3,0,0
BRDA:433,3,1,0
BRDA:449,4,0,0
BRDA:449,4,1,4
BRDA:463,5,0,0
BRDA:463,5,1,0
BRDA:480,6,0,0
BRDA:480,6,1,0
BRDA:506,7,0,4
BRDA:506,7,1,2
BRDA:522,8,0,6
BRDA:522,8,1,0
BRDA:522,9,0,6
BRDA:522,9,1,6
BRDA:548,10,0,6
BRDA:548,10,1,0
BRDA:568,11,0,12
BRDA:568,11,1,0
BRDA:587,12,0,6
BRDA:587,12,1,0
BRDA:593,13,0,0
BRDA:593,13,1,0
BRDA:607,14,0,0
BRDA:607,14,1,0
BRDA:607,15,0,0
BRDA:607,15,1,0
BRDA:625,16,0,5
BRDA:625,16,1,1
BRDA:681,17,0,0
BRDA:681,17,1,77
BRDA:708,18,0,0
BRDA:708,18,1,18
BRDA:708,18,2,6
BRDA:708,18,3,6
BRDA:708,18,4,6
BRDA:708,18,5,6
BRDA:708,18,6,0
BRDA:708,18,7,15
BRDA:708,18,8,0
BRDA:708,18,9,6
BRDA:708,18,10,6
BRDA:708,18,11,6
BRDA:708,18,12,1
BRDA:712,19,0,0
BRDA:712,19,1,0
BRDA:712,20,0,0
BRDA:712,20,1,0
BRDA:724,21,0,18
BRDA:724,21,1,0
BRDA:760,22,0,0
BRDA:760,22,1,0
BRDA:777,23,0,6
BRDA:777,23,1,0
BRDA:805,24,0,128
BRDA:805,24,1,0
BRDA:808,25,0,54
BRDA:808,25,1,1
BRDA:808,25,2,72
BRDA:808,25,3,1
BRDA:843,26,0,54
BRDA:843,26,1,0
BRDA:855,27,0,54
BRDA:855,27,1,54
BRDA:865,28,0,54
BRDA:865,28,1,0
BRDA:879,29,0,54
BRDA:879,29,1,0
BRDA:879,29,2,0
BRDA:883,30,0,42
BRDA:883,30,1,12
BRDA:886,31,0,12
BRDA:886,31,1,0
BRDA:931,32,0,0
BRDA:931,32,1,0
BRDA:954,33,0,18
BRDA:954,33,1,0
BRDA:980,34,0,0
BRDA:980,34,1,18
BRDA:991,35,0,0
BRDA:991,35,1,0
BRDA:1110,36,0,0
BRDA:1110,36,1,0
BRDA:1166,37,0,0
BRDA:1166,37,1,0
BRDA:1187,38,0,0
BRDA:1187,38,1,0
BRDA:1195,39,0,0
BRDA:1195,39,1,0
BRDA:1215,40,0,0
BRDA:1215,40,1,0
BRF:94
BRH:43
end_of_record
TN:
SF:/home/mahendra/dev/projects/hyperledger/fabric-sdk-node/node_modules/fabric-client/lib/utils.js
FN:48,(anonymous_1)
FN:98,(anonymous_2)
FN:101,(anonymous_3)
FN:125,(anonymous_4)
FN:126,(anonymous_5)
FN:136,(anonymous_6)
FN:144,(anonymous_7)
FN:147,(anonymous_8)
FN:150,(anonymous_9)
FN:151,(anonymous_10)
FN:235,(anonymous_11)
FN:243,(anonymous_12)
FN:251,(anonymous_13)
FN:259,(anonymous_14)
FN:279,(anonymous_15)
FN:292,(anonymous_16)
FN:299,(anonymous_17)
FN:307,(anonymous_18)
FN:321,(anonymous_19)
FN:337,(anonymous_20)
FN:344,(anonymous_21)
FN:355,(anonymous_22)
FN:370,(anonymous_23)
FN:374,(anonymous_24)
FN:380,(anonymous_25)
FN:392,(anonymous_26)
FN:393,(anonymous_27)
FN:394,(anonymous_28)
FN:404,(anonymous_29)
FN:408,(anonymous_30)
FN:443,(anonymous_31)
FN:468,(anonymous_32)
FN:482,(anonymous_33)
FNF:33
FNH:25
FNDA:128,(anonymous_1)
FNDA:56,(anonymous_2)
FNDA:56,(anonymous_3)
FNDA:166,(anonymous_4)
FNDA:5,(anonymous_5)
FNDA:1,(anonymous_6)
FNDA:166,(anonymous_7)
FNDA:664,(anonymous_8)
FNDA:664,(anonymous_9)
FNDA:6956,(anonymous_10)
FNDA:24,(anonymous_11)
FNDA:73,(anonymous_12)
FNDA:1383,(anonymous_13)
FNDA:1480,(anonymous_14)
FNDA:1,(anonymous_15)
FNDA:1,(anonymous_16)
FNDA:1,(anonymous_17)
FNDA:0,(anonymous_18)
FNDA:0,(anonymous_19)
FNDA:0,(anonymous_20)
FNDA:0,(anonymous_21)
FNDA:80,(anonymous_22)
FNDA:56,(anonymous_23)
FNDA:168,(anonymous_24)
FNDA:0,(anonymous_25)
FNDA:0,(anonymous_26)
FNDA:0,(anonymous_27)
FNDA:0,(anonymous_28)
FNDA:61,(anonymous_29)
FNDA:113,(anonymous_30)
FNDA:139,(anonymous_31)
FNDA:113,(anonymous_32)
FNDA:56,(anonymous_33)
DA:19,2
DA:20,2
DA:21,2
DA:22,2
DA:23,2
DA:24,2
DA:25,2
DA:31,2
DA:48,2
DA:49,128
DA:51,128
DA:52,128
DA:53,0
DA:55,128
DA:58,128
DA:67,128
DA:68,2
DA:70,126
DA:72,128
DA:73,2
DA:75,126
DA:77,128
DA:78,0
DA:80,128
DA:83,128
DA:85,128
DA:86,0
DA:88,128
DA:91,128
DA:94,128
DA:98,2
DA:100,56
DA:101,56
DA:102,56
DA:103,56
DA:104,56
DA:108,2
DA:125,2
DA:126,166
DA:127,5
DA:128,5
DA:130,0
DA:136,166
DA:137,1
DA:144,166
DA:145,166
DA:147,166
DA:148,664
DA:150,664
DA:151,664
DA:152,6956
DA:153,6956
DA:156,6956
DA:161,166
DA:164,166
DA:165,161
DA:169,5
DA:171,5
DA:172,5
DA:173,5
DA:174,5
DA:175,5
DA:176,5
DA:179,0
DA:181,4
DA:182,0
DA:184,4
DA:185,5
DA:186,0
DA:189,5
DA:190,5
DA:191,4
DA:194,5
DA:195,2
DA:201,3
DA:212,4
DA:213,4
DA:214,4
DA:215,4
DA:219,1
DA:220,1
DA:221,1
DA:222,1
DA:226,0
DA:227,0
DA:228,0
DA:229,0
DA:235,2
DA:236,24
DA:237,24
DA:243,2
DA:244,73
DA:245,73
DA:251,2
DA:252,1383
DA:253,1383
DA:259,2
DA:260,1480
DA:261,1445
DA:263,35
DA:264,35
DA:265,34
DA:267,1
DA:270,35
DA:274,2
DA:279,2
DA:280,1
DA:281,1
DA:283,0
DA:286,1
DA:292,2
DA:293,1
DA:299,2
DA:300,1
DA:307,2
DA:308,0
DA:311,0
DA:312,0
DA:313,0
DA:315,0
DA:316,0
DA:318,0
DA:321,2
DA:322,0
DA:324,0
DA:325,0
DA:326,0
DA:327,0
DA:328,0
DA:331,0
DA:332,0
DA:334,0
DA:337,2
DA:338,0
DA:339,0
DA:340,0
DA:344,2
DA:345,0
DA:346,0
DA:347,0
DA:348,0
DA:350,0
DA:355,2
DA:356,80
DA:357,0
DA:360,0
DA:363,80
DA:366,80
DA:367,80
DA:370,2
DA:371,56
DA:372,56
DA:373,56
DA:375,168
DA:376,112
DA:380,2
DA:382,0
DA:383,0
DA:385,0
DA:386,0
DA:388,0
DA:392,2
DA:393,0
DA:394,0
DA:395,0
DA:396,0
DA:398,0
DA:404,2
DA:405,61
DA:408,2
DA:409,113
DA:410,113
DA:411,113
DA:412,55
DA:414,1
DA:417,54
DA:418,54
DA:422,113
DA:423,58
DA:427,113
DA:428,113
DA:429,2
DA:432,111
DA:433,111
DA:436,113
DA:437,113
DA:443,113
DA:444,139
DA:446,139
DA:447,139
DA:448,139
DA:449,65
DA:451,65
DA:453,65
DA:454,65
DA:455,65
DA:457,0
DA:460,74
DA:461,74
DA:468,2
DA:473,113
DA:482,2
DA:483,56
DA:484,56
DA:485,56
DA:486,56
DA:487,55
DA:488,55
DA:489,192
DA:490,192
DA:491,192
DA:492,4
DA:494,192
DA:497,56
LF:214
LH:165
BRDA:52,1,0,0
BRDA:52,1,1,128
BRDA:52,2,0,128
BRDA:52,2,1,5
BRDA:58,3,0,1
BRDA:58,3,1,127
BRDA:67,4,0,2
BRDA:67,4,1,126
BRDA:67,5,0,128
BRDA:67,5,1,5
BRDA:67,5,2,2
BRDA:67,5,3,2
BRDA:72,6,0,2
BRDA:72,6,1,126
BRDA:72,7,0,128
BRDA:72,7,1,5
BRDA:72,7,2,2
BRDA:72,7,3,2
BRDA:77,8,0,0
BRDA:77,8,1,128
BRDA:77,9,0,128
BRDA:77,9,1,5
BRDA:77,9,2,0
BRDA:77,9,3,0
BRDA:85,10,0,0
BRDA:85,10,1,128
BRDA:91,11,0,123
BRDA:91,11,1,5
BRDA:127,12,0,5
BRDA:127,12,1,0
BRDA:152,13,0,6956
BRDA:152,13,1,0
BRDA:164,14,0,161
BRDA:164,14,1,5
BRDA:164,15,0,166
BRDA:164,15,1,165
BRDA:172,16,0,5
BRDA:172,16,1,0
BRDA:175,17,0,5
BRDA:175,17,1,0
BRDA:181,18,0,0
BRDA:181,18,1,4
BRDA:185,19,0,0
BRDA:185,19,1,5
BRDA:189,20,0,5
BRDA:189,20,1,0
BRDA:190,21,0,4
BRDA:190,21,1,1
BRDA:194,22,0,2
BRDA:194,22,1,3
BRDA:221,23,0,1
BRDA:221,23,1,0
BRDA:260,24,0,1445
BRDA:260,24,1,35
BRDA:260,25,0,1480
BRDA:260,25,1,1479
BRDA:264,26,0,34
BRDA:264,26,1,1
BRDA:281,27,0,0
BRDA:281,27,1,1
BRDA:312,28,0,0
BRDA:312,28,1,0
BRDA:326,29,0,0
BRDA:326,29,1,0
BRDA:331,30,0,0
BRDA:331,30,1,0
BRDA:356,31,0,0
BRDA:356,31,1,80
BRDA:357,32,0,0
BRDA:357,32,1,0
BRDA:375,33,0,112
BRDA:375,33,1,56
BRDA:375,34,0,168
BRDA:375,34,1,112
BRDA:382,35,0,0
BRDA:382,35,1,0
BRDA:385,36,0,0
BRDA:385,36,1,0
BRDA:395,37,0,0
BRDA:395,37,1,0
BRDA:411,38,0,55
BRDA:411,38,1,58
BRDA:411,39,0,113
BRDA:411,39,1,56
BRDA:412,40,0,1
BRDA:412,40,1,54
BRDA:422,41,0,58
BRDA:422,41,1,55
BRDA:422,42,0,113
BRDA:422,42,1,56
BRDA:428,43,0,2
BRDA:428,43,1,111
BRDA:428,44,0,113
BRDA:428,44,1,56
BRDA:448,45,0,65
BRDA:448,45,1,74
BRDA:486,46,0,55
BRDA:486,46,1,1
BRDA:491,47,0,4
BRDA:491,47,1,188
BRF:100
BRH:71
end_of_record
TN:
SF:/home/mahendra/dev/projects/hyperledger/fabric-sdk-node/node_modules/fabric-client/lib/Config.js
FN:62,(anonymous_1)
FN:80,(anonymous_2)
FN:97,(anonymous_3)
FN:114,(anonymous_4)
FN:126,(anonymous_5)
FN:146,(anonymous_6)
FNF:6
FNH:6
FNDA:35,(anonymous_1)
FNDA:35,(anonymous_2)
FNDA:59,(anonymous_3)
FNDA:24,(anonymous_4)
FNDA:1462,(anonymous_5)
FNDA:73,(anonymous_6)
DA:44,1
DA:45,1
DA:52,1
DA:63,35
DA:64,35
DA:65,35
DA:66,35
DA:67,35
DA:68,35
DA:70,35
DA:72,35
DA:73,35
DA:81,35
DA:82,2476
DA:83,2476
DA:84,2476
DA:89,2476
DA:99,59
DA:100,40
DA:103,59
DA:105,59
DA:106,99
DA:107,99
DA:115,24
DA:116,0
DA:119,24
DA:127,1462
DA:129,1462
DA:130,1462
DA:133,0
DA:136,1462
DA:137,70
DA:140,1462
DA:147,73
DA:152,1
LF:35
LH:33
BRDA:115,1,0,0
BRDA:115,1,1,24
BRDA:136,2,0,70
BRDA:136,2,1,1392
BRDA:136,3,0,1462
BRDA:136,3,1,1462
BRF:6
BRH:5
end_of_record
TN:
SF:/home/mahendra/dev/projects/hyperledger/fabric-sdk-node/node_modules/fabric-client/lib/Client.js
FN:65,(anonymous_1)
FN:82,(anonymous_2)
FN:89,(anonymous_3)
FN:101,(anonymous_4)
FN:122,(anonymous_5)
FN:153,(anonymous_6)
FN:165,(anonymous_7)
FN:188,(anonymous_8)
FN:201,(anonymous_9)
FN:219,(anonymous_10)
FN:244,(anonymous_11)
FN:293,(anonymous_12)
FN:320,(anonymous_13)
FN:332,(anonymous_14)
FN:420,(anonymous_15)
FN:427,(anonymous_16)
FN:446,(anonymous_17)
FN:462,(anonymous_18)
FN:489,(anonymous_19)
FN:503,(anonymous_20)
FN:519,(anonymous_21)
FN:546,(anonymous_22)
FN:573,(anonymous_23)
FN:654,(anonymous_24)
FN:671,(anonymous_25)
FN:675,(anonymous_26)
FN:694,(anonymous_27)
FN:697,(anonymous_28)
FN:702,(anonymous_29)
FN:706,(anonymous_30)
FN:711,(anonymous_31)
FN:745,(anonymous_32)
FN:790,(anonymous_33)
FN:822,(anonymous_34)
FN:832,(anonymous_35)
FN:836,(anonymous_36)
FN:855,(anonymous_37)
FN:858,(anonymous_38)
FN:861,(anonymous_39)
FN:875,(anonymous_40)
FN:884,(anonymous_41)
FN:896,(anonymous_42)
FN:921,(anonymous_43)
FN:1018,readFile
FN:1019,(anonymous_45)
FN:1020,(anonymous_46)
FN:1037,_getChaincodePackageData
FN:1048,_stringToSignature
FNF:48
FNH:42
FNDA:63,(anonymous_1)
FNDA:13,(anonymous_2)
FNDA:1,(anonymous_3)
FNDA:40,(anonymous_4)
FNDA:2,(anonymous_5)
FNDA:41,(anonymous_6)
FNDA:12,(anonymous_7)
FNDA:26,(anonymous_8)
FNDA:25,(anonymous_9)
FNDA:2,(anonymous_10)
FNDA:8,(anonymous_11)
FNDA:11,(anonymous_12)
FNDA:5,(anonymous_13)
FNDA:16,(anonymous_14)
FNDA:2,(anonymous_15)
FNDA:1,(anonymous_16)
FNDA:2,(anonymous_17)
FNDA:1,(anonymous_18)
FNDA:0,(anonymous_19)
FNDA:2,(anonymous_20)
FNDA:1,(anonymous_21)
FNDA:0,(anonymous_22)
FNDA:16,(anonymous_23)
FNDA:11,(anonymous_24)
FNDA:56,(anonymous_25)
FNDA:112,(anonymous_26)
FNDA:62,(anonymous_27)
FNDA:62,(anonymous_28)
FNDA:59,(anonymous_29)
FNDA:0,(anonymous_30)
FNDA:0,(anonymous_31)
FNDA:67,(anonymous_32)
FNDA:162,(anonymous_33)
FNDA:16,(anonymous_34)
FNDA:16,(anonymous_35)
FNDA:0,(anonymous_36)
FNDA:16,(anonymous_37)
FNDA:16,(anonymous_38)
FNDA:16,(anonymous_39)
FNDA:16,(anonymous_40)
FNDA:0,(anonymous_41)
FNDA:10,(anonymous_42)
FNDA:47,(anonymous_43)
FNDA:6,readFile
FNDA:6,(anonymous_45)
FNDA:6,(anonymous_46)
FNDA:12,_getChaincodePackageData
FNDA:4,_stringToSignature
DA:19,3
DA:20,3
DA:21,3
DA:23,3
DA:24,3
DA:25,3
DA:26,3
DA:27,3
DA:28,3
DA:29,3
DA:30,3
DA:31,3
DA:32,3
DA:34,3
DA:35,3
DA:36,3
DA:37,3
DA:39,3
DA:40,3
DA:41,3
DA:42,3
DA:43,3
DA:63,3
DA:66,63
DA:68,63
DA:69,63
DA:70,63
DA:71,63
DA:73,63
DA:76,63
DA:83,13
DA:90,1
DA:102,40
DA:104,40
DA:105,1
DA:107,39
DA:108,39
DA:109,39
DA:123,2
DA:127,2
DA:128,1
DA:130,1
DA:131,1
DA:154,41
DA:155,41
DA:166,12
DA:167,12
DA:189,26
DA:190,26
DA:202,25
DA:203,1
DA:205,24
DA:207,24
DA:220,2
DA:221,2
DA:222,2
DA:223,2
DA:224,2
DA:225,2
DA:228,0
DA:229,0
DA:230,0
DA:233,0
DA:234,0
DA:245,8
DA:246,8
DA:247,2
DA:249,6
DA:250,0
DA:252,6
DA:255,6
DA:256,6
DA:257,6
DA:258,6
DA:261,6
DA:262,6
DA:263,6
DA:266,6
DA:267,6
DA:268,6
DA:270,6
DA:294,11
DA:295,11
DA:296,3
DA:297,3
DA:299,11
DA:321,5
DA:322,5
DA:323,0
DA:324,0
DA:326,5
DA:333,16
DA:334,16
DA:336,16
DA:337,1
DA:341,15
DA:342,1
DA:344,15
DA:345,2
DA:347,13
DA:348,2
DA:350,15
DA:351,2
DA:355,15
DA:356,3
DA:359,15
DA:360,3
DA:364,16
DA:365,13
DA:366,13
DA:369,3
DA:370,3
DA:371,3
DA:372,3
DA:373,3
DA:375,3
DA:377,3
DA:378,3
DA:379,3
DA:380,0
DA:381,0
DA:382,0
DA:383,0
DA:386,3
DA:387,3
DA:388,3
DA:389,3
DA:390,3
DA:392,3
DA:398,3
DA:399,3
DA:400,3
DA:401,3
DA:402,3
DA:404,3
DA:405,3
DA:407,3
DA:408,3
DA:412,3
DA:417,3
DA:418,3
DA:421,2
DA:423,2
DA:428,1
DA:429,1
DA:430,1
DA:433,0
DA:434,0
DA:447,2
DA:448,2
DA:449,1
DA:451,1
DA:452,1
DA:453,1
DA:460,1
DA:463,1
DA:464,1
DA:465,1
DA:467,1
DA:468,0
DA:470,1
DA:471,1
DA:472,0
DA:474,1
DA:475,1
DA:476,1
DA:477,1
DA:478,1
DA:479,2
DA:481,1
DA:484,0
DA:486,0
DA:490,0
DA:491,0
DA:504,2
DA:505,2
DA:506,1
DA:508,1
DA:509,1
DA:510,1
DA:517,1
DA:520,1
DA:521,1
DA:522,1
DA:524,1
DA:525,0
DA:527,1
DA:528,1
DA:529,0
DA:531,1
DA:532,1
DA:533,1
DA:534,1
DA:535,1
DA:536,2
DA:538,1
DA:541,0
DA:543,0
DA:547,0
DA:548,0
DA:574,16
DA:576,16
DA:578,16
DA:579,16
DA:580,15
DA:582,15
DA:583,14
DA:586,1
DA:590,1
DA:593,16
DA:594,16
DA:596,16
DA:597,4
DA:598,4
DA:601,12
DA:603,12
DA:611,12
DA:614,12
DA:615,12
DA:616,12
DA:618,12
DA:621,11
DA:622,11
DA:623,11
DA:625,11
DA:628,11
DA:638,11
DA:639,11
DA:640,11
DA:641,11
DA:648,11
DA:649,11
DA:650,11
DA:652,11
DA:655,11
DA:672,56
DA:674,56
DA:675,56
DA:676,112
DA:677,2
DA:681,56
DA:682,1
DA:685,55
DA:687,55
DA:695,62
DA:696,62
DA:697,62
DA:698,62
DA:699,59
DA:700,59
DA:703,59
DA:704,59
DA:707,0
DA:708,0
DA:712,0
DA:713,0
DA:717,3
DA:718,1
DA:719,1
DA:720,2
DA:721,0
DA:722,0
DA:724,2
DA:725,2
DA:746,67
DA:747,67
DA:748,67
DA:749,67
DA:750,66
DA:751,66
DA:752,61
DA:753,61
DA:755,59
DA:757,2
DA:760,5
DA:761,5
DA:764,1
DA:765,1
DA:792,162
DA:793,1
DA:795,161
DA:797,2
DA:799,159
DA:800,159
DA:801,159
DA:802,134
DA:803,2
DA:805,132
DA:807,25
DA:808,3
DA:809,0
DA:811,3
DA:819,22
DA:820,20
DA:821,16
DA:823,16
DA:824,13
DA:825,13
DA:827,3
DA:828,3
DA:833,16
DA:837,0
DA:838,0
DA:843,4
DA:846,2
DA:856,16
DA:858,16
DA:859,16
DA:862,16
DA:864,13
DA:865,13
DA:866,0
DA:868,13
DA:870,13
DA:872,3
DA:876,16
DA:877,13
DA:878,13
DA:880,3
DA:881,3
DA:885,0
DA:886,0
DA:897,10
DA:922,47
DA:923,47
DA:924,1
DA:926,46
DA:927,1
DA:929,45
DA:930,1
DA:932,44
DA:933,43
DA:935,2
DA:937,41
DA:939,2
DA:942,1
DA:945,39
DA:946,7
DA:947,7
DA:948,7
DA:950,32
DA:951,0
DA:954,39
DA:955,39
DA:965,39
DA:967,39
DA:968,3
DA:970,36
DA:972,39
DA:973,39
DA:974,38
DA:975,38
DA:976,38
DA:977,38
DA:979,0
DA:981,38
DA:983,1
DA:986,38
DA:987,38
DA:989,38
DA:990,3
DA:992,35
DA:994,38
DA:996,38
DA:997,38
DA:998,38
DA:999,38
DA:1001,38
DA:1002,38
DA:1004,1
DA:1005,1
DA:1006,1
DA:1008,38
DA:1009,38
DA:1011,1
DA:1012,1
DA:1018,1
DA:1019,6
DA:1020,6
DA:1021,6
DA:1022,0
DA:1023,0
DA:1025,0
DA:1028,6
DA:1037,1
DA:1038,12
DA:1039,12
DA:1040,10
DA:1042,2
DA:1048,1
DA:1049,4
DA:1050,4
DA:1051,20
DA:1053,20
DA:1054,17
DA:1057,3
DA:1058,3
DA:1059,3
DA:1061,20
DA:1063,4
DA:1066,3
LF:401
LH:358
BRDA:104,1,0,1
BRDA:104,1,1,39
BRDA:127,2,0,1
BRDA:127,2,1,1
BRDA:202,3,0,1
BRDA:202,3,1,24
BRDA:202,4,0,25
BRDA:202,4,1,25
BRDA:228,5,0,0
BRDA:228,5,1,0
BRDA:229,6,0,0
BRDA:229,6,1,0
BRDA:246,7,0,2
BRDA:246,7,1,6
BRDA:246,8,0,8
BRDA:246,8,1,6
BRDA:249,9,0,0
BRDA:249,9,1,6
BRDA:295,10,0,3
BRDA:295,10,1,8
BRDA:295,11,0,11
BRDA:295,11,1,10
BRDA:322,12,0,0
BRDA:322,12,1,5
BRDA:322,13,0,5
BRDA:322,13,1,5
BRDA:336,14,0,1
BRDA:336,14,1,15
BRDA:341,15,0,1
BRDA:341,15,1,14
BRDA:341,16,0,15
BRDA:341,16,1,4
BRDA:344,17,0,2
BRDA:344,17,1,13
BRDA:344,18,0,15
BRDA:344,18,1,5
BRDA:347,19,0,2
BRDA:347,19,1,11
BRDA:347,20,0,13
BRDA:347,20,1,5
BRDA:350,21,0,2
BRDA:350,21,1,13
BRDA:350,22,0,15
BRDA:350,22,1,5
BRDA:355,23,0,3
BRDA:355,23,1,12
BRDA:359,24,0,3
BRDA:359,24,1,12
BRDA:364,25,0,13
BRDA:364,25,1,3
BRDA:379,26,0,0
BRDA:379,26,1,3
BRDA:428,27,0,1
BRDA:428,27,1,0
BRDA:448,28,0,1
BRDA:448,28,1,1
BRDA:465,29,0,1
BRDA:465,29,1,0
BRDA:465,30,0,1
BRDA:465,30,1,1
BRDA:467,31,0,0
BRDA:467,31,1,1
BRDA:471,32,0,0
BRDA:471,32,1,1
BRDA:474,33,0,1
BRDA:474,33,1,0
BRDA:490,34,0,0
BRDA:490,34,1,0
BRDA:505,35,0,1
BRDA:505,35,1,1
BRDA:522,36,0,1
BRDA:522,36,1,0
BRDA:522,37,0,1
BRDA:522,37,1,1
BRDA:524,38,0,0
BRDA:524,38,1,1
BRDA:528,39,0,0
BRDA:528,39,1,1
BRDA:531,40,0,1
BRDA:531,40,1,0
BRDA:547,41,0,0
BRDA:547,41,1,0
BRDA:579,42,0,15
BRDA:579,42,1,1
BRDA:582,43,0,14
BRDA:582,43,1,1
BRDA:582,44,0,15
BRDA:582,44,1,14
BRDA:593,45,0,14
BRDA:593,45,1,2
BRDA:594,46,0,13
BRDA:594,46,1,3
BRDA:596,47,0,4
BRDA:596,47,1,12
BRDA:621,48,0,11
BRDA:621,48,1,0
BRDA:676,49,0,2
BRDA:676,49,1,110
BRDA:681,50,0,1
BRDA:681,50,1,55
BRDA:698,51,0,59
BRDA:698,51,1,3
BRDA:698,52,0,62
BRDA:698,52,1,61
BRDA:698,52,2,61
BRDA:717,53,0,1
BRDA:717,53,1,2
BRDA:720,54,0,0
BRDA:720,54,1,2
BRDA:749,55,0,66
BRDA:749,55,1,1
BRDA:751,56,0,61
BRDA:751,56,1,5
BRDA:792,57,0,1
BRDA:792,57,1,161
BRDA:792,58,0,162
BRDA:792,58,1,1
BRDA:792,58,2,1
BRDA:795,59,0,2
BRDA:795,59,1,159
BRDA:795,60,0,161
BRDA:795,60,1,24
BRDA:795,60,2,24
BRDA:795,60,3,23
BRDA:795,60,4,23
BRDA:801,61,0,134
BRDA:801,61,1,25
BRDA:801,62,0,159
BRDA:801,62,1,137
BRDA:801,62,2,6
BRDA:801,62,3,156
BRDA:801,62,4,134
BRDA:802,63,0,2
BRDA:802,63,1,132
BRDA:802,64,0,134
BRDA:802,64,1,2
BRDA:807,65,0,3
BRDA:807,65,1,22
BRDA:807,66,0,25
BRDA:807,66,1,22
BRDA:808,67,0,0
BRDA:808,67,1,3
BRDA:808,68,0,3
BRDA:808,68,1,0
BRDA:819,69,0,20
BRDA:819,69,1,2
BRDA:819,70,0,22
BRDA:819,70,1,20
BRDA:820,71,0,16
BRDA:820,71,1,4
BRDA:823,72,0,13
BRDA:823,72,1,3
BRDA:837,73,0,0
BRDA:837,73,1,0
BRDA:862,74,0,13
BRDA:862,74,1,3
BRDA:865,75,0,0
BRDA:865,75,1,13
BRDA:876,76,0,13
BRDA:876,76,1,3
BRDA:885,77,0,0
BRDA:885,77,1,0
BRDA:923,78,0,1
BRDA:923,78,1,46
BRDA:926,79,0,1
BRDA:926,79,1,45
BRDA:926,80,0,46
BRDA:926,80,1,45
BRDA:926,80,2,45
BRDA:929,81,0,1
BRDA:929,81,1,44
BRDA:929,82,0,45
BRDA:929,82,1,44
BRDA:929,82,2,44
BRDA:932,83,0,43
BRDA:932,83,1,1
BRDA:933,84,0,2
BRDA:933,84,1,41
BRDA:933,85,0,43
BRDA:933,85,1,39
BRDA:933,85,2,5
BRDA:933,85,3,4
BRDA:937,86,0,2
BRDA:937,86,1,39
BRDA:937,87,0,41
BRDA:937,87,1,5
BRDA:937,87,2,37
BRDA:937,87,3,36
BRDA:945,88,0,7
BRDA:945,88,1,32
BRDA:950,89,0,32
BRDA:950,89,1,0
BRDA:967,90,0,3
BRDA:967,90,1,36
BRDA:973,91,0,38
BRDA:973,91,1,1
BRDA:976,92,0,38
BRDA:976,92,1,0
BRDA:989,93,0,3
BRDA:989,93,1,35
BRDA:1005,94,0,1
BRDA:1005,94,1,0
BRDA:1011,95,0,1
BRDA:1011,95,1,0
BRDA:1021,96,0,0
BRDA:1021,96,1,6
BRDA:1022,97,0,0
BRDA:1022,97,1,0
BRDA:1039,98,0,10
BRDA:1039,98,1,2
BRDA:1053,99,0,17
BRDA:1053,99,1,3
BRDA:1053,100,0,20
BRDA:1053,100,1,20
BRDA:1053,100,2,17
BRF:215
BRH:179
end_of_record
TN:
SF:/home/mahendra/dev/projects/hyperledger/fabric-sdk-node/node_modules/fabric-client/lib/client-utils.js
FN:39,(anonymous_1)
FN:66,(anonymous_2)
FN:71,(anonymous_3)
FN:72,(anonymous_4)
FN:75,(anonymous_5)
FN:79,(anonymous_6)
FN:91,(anonymous_7)
FN:92,(anonymous_8)
FN:113,(anonymous_9)
FN:130,(anonymous_10)
FN:160,(anonymous_11)
FN:172,(anonymous_12)
FN:187,(anonymous_13)
FN:200,(anonymous_14)
FN:215,(anonymous_15)
FNF:15
FNH:15
FNDA:41,(anonymous_1)
FNDA:41,(anonymous_2)
FNDA:52,(anonymous_3)
FNDA:52,(anonymous_4)
FNDA:21,(anonymous_5)
FNDA:31,(anonymous_6)
FNDA:41,(anonymous_7)
FNDA:52,(anonymous_8)
FNDA:41,(anonymous_9)
FNDA:68,(anonymous_10)
FNDA:68,(anonymous_11)
FNDA:48,(anonymous_12)
FNDA:22,(anonymous_13)
FNDA:20,(anonymous_14)
FNDA:80,(anonymous_15)
DA:19,1
DA:20,1
DA:21,1
DA:22,1
DA:23,1
DA:24,1
DA:25,1
DA:26,1
DA:27,1
DA:28,1
DA:30,1
DA:31,1
DA:32,1
DA:33,1
DA:34,1
DA:39,1
DA:41,41
DA:42,41
DA:44,41
DA:45,41
DA:47,41
DA:48,3
DA:49,3
DA:52,38
DA:56,41
DA:57,41
DA:58,41
DA:60,41
DA:66,1
DA:67,41
DA:68,0
DA:71,41
DA:72,52
DA:73,52
DA:76,21
DA:80,31
DA:81,31
DA:88,41
DA:89,41
DA:90,41
DA:92,41
DA:93,52
DA:94,21
DA:95,21
DA:97,31
DA:98,31
DA:99,31
DA:102,0
DA:106,41
DA:113,1
DA:114,41
DA:116,41
DA:117,41
DA:120,41
DA:124,41
DA:130,1
DA:131,68
DA:133,68
DA:134,68
DA:135,68
DA:136,68
DA:137,68
DA:139,68
DA:140,68
DA:141,68
DA:142,68
DA:143,0
DA:145,68
DA:146,41
DA:147,41
DA:149,41
DA:150,41
DA:152,41
DA:154,68
DA:160,1
DA:161,68
DA:162,68
DA:163,68
DA:165,68
DA:166,68
DA:167,68
DA:169,68
DA:172,1
DA:173,48
DA:175,48
DA:176,47
DA:177,4
DA:178,43
DA:179,1
DA:182,1
DA:184,48
DA:187,1
DA:188,22
DA:190,22
DA:191,22
DA:192,2
DA:195,0
DA:197,22
DA:200,1
DA:201,20
DA:204,20
DA:206,0
DA:208,0
DA:215,1
DA:216,80
DA:217,80
DA:218,80
DA:219,80
DA:220,80
LF:109
LH:103
BRDA:47,1,0,3
BRDA:47,1,1,38
BRDA:67,2,0,0
BRDA:67,2,1,41
BRDA:80,3,0,31
BRDA:80,3,1,0
BRDA:93,4,0,21
BRDA:93,4,1,31
BRDA:98,5,0,31
BRDA:98,5,1,0
BRDA:136,6,0,68
BRDA:136,6,1,0
BRDA:142,7,0,0
BRDA:142,7,1,68
BRDA:145,8,0,41
BRDA:145,8,1,27
BRDA:175,9,0,47
BRDA:175,9,1,1
BRDA:176,10,0,4
BRDA:176,10,1,43
BRDA:178,11,0,1
BRDA:178,11,1,42
BRDA:178,12,0,43
BRDA:178,12,1,13
BRDA:190,13,0,22
BRDA:190,13,1,0
BRDA:191,14,0,2
BRDA:191,14,1,20
BRDA:201,15,0,0
BRDA:201,15,1,20
BRDA:201,15,2,0
BRDA:201,15,3,0
BRF:32
BRH:23
end_of_record
TN:
SF:/home/mahendra/dev/projects/hyperledger/fabric-sdk-node/node_modules/fabric-client/lib/api.js
FN:49,(anonymous_1)
FN:57,(anonymous_2)
FN:82,(anonymous_3)
FN:92,(anonymous_4)
FN:110,(anonymous_5)
FN:118,(anonymous_6)
FN:128,(anonymous_7)
FN:143,(anonymous_8)
FN:154,(anonymous_9)
FN:165,(anonymous_10)
FN:176,(anonymous_11)
FN:194,(anonymous_12)
FN:201,(anonymous_13)
FN:208,(anonymous_14)
FN:217,(anonymous_15)
FN:224,(anonymous_16)
FNF:16
FNH:0
FNDA:0,(anonymous_1)
FNDA:0,(anonymous_2)
FNDA:0,(anonymous_3)
FNDA:0,(anonymous_4)
FNDA:0,(anonymous_5)
FNDA:0,(anonymous_6)
FNDA:0,(anonymous_7)
FNDA:0,(anonymous_8)
FNDA:0,(anonymous_9)
FNDA:0,(anonymous_10)
FNDA:0,(anonymous_11)
FNDA:0,(anonymous_12)
FNDA:0,(anonymous_13)
FNDA:0,(anonymous_14)
FNDA:0,(anonymous_15)
FNDA:0,(anonymous_16)
DA:26,1
DA:27,1
DA:40,1
DA:73,1
DA:187,1
DA:227,1
LF:6
LH:6
BRF:0
BRH:0
end_of_record
TN:
SF:/home/mahendra/dev/projects/hyperledger/fabric-sdk-node/node_modules/fabric-client/lib/Remote.js
FN:47,(anonymous_1)
FN:111,(anonymous_2)
FN:119,(anonymous_3)
FN:132,(anonymous_4)
FNF:4
FNH:4
FNDA:158,(anonymous_1)
FNDA:149,(anonymous_2)
FNDA:1,(anonymous_3)
FNDA:158,(anonymous_4)
DA:19,1
DA:20,1
DA:22,1
DA:23,1
DA:31,1
DA:48,158
DA:49,158
DA:50,158
DA:52,158
DA:53,94
DA:56,158
DA:57,89
DA:58,89
DA:62,158
DA:63,158
DA:64,89
DA:67,158
DA:68,89
DA:71,158
DA:72,189
DA:73,189
DA:74,6
DA:79,158
DA:80,158
DA:84,158
DA:85,2
DA:90,158
DA:91,6
DA:94,158
DA:95,158
DA:98,141
DA:99,141
DA:100,1
DA:103,140
DA:112,149
DA:113,149
DA:120,1
DA:126,1
DA:131,1
DA:133,158
DA:136,158
DA:137,155
DA:138,155
DA:139,151
DA:141,155
DA:142,53
DA:143,53
DA:144,102
DA:145,94
DA:146,6
DA:148,88
DA:149,88
DA:151,8
DA:152,8
DA:153,8
DA:154,8
DA:159,1
LF:57
LH:57
BRDA:52,1,0,94
BRDA:52,1,1,64
BRDA:52,2,0,158
BRDA:52,2,1,97
BRDA:56,3,0,89
BRDA:56,3,1,69
BRDA:56,4,0,158
BRDA:56,4,1,97
BRDA:63,5,0,89
BRDA:63,5,1,69
BRDA:67,6,0,89
BRDA:67,6,1,69
BRDA:71,7,0,97
BRDA:71,7,1,61
BRDA:72,8,0,189
BRDA:72,8,1,0
BRDA:73,9,0,6
BRDA:73,9,1,183
BRDA:73,10,0,189
BRDA:73,10,1,95
BRDA:84,11,0,2
BRDA:84,11,1,156
BRDA:84,12,0,158
BRDA:84,12,1,157
BRDA:90,13,0,6
BRDA:90,13,1,152
BRDA:90,14,0,158
BRDA:90,14,1,152
BRDA:99,15,0,1
BRDA:99,15,1,140
BRDA:99,16,0,141
BRDA:99,16,1,92
BRDA:138,17,0,151
BRDA:138,17,1,4
BRDA:141,18,0,53
BRDA:141,18,1,102
BRDA:144,19,0,94
BRDA:144,19,1,8
BRDA:145,20,0,6
BRDA:145,20,1,88
BRF:40
BRH:39
end_of_record
TN:
SF:/home/mahendra/dev/projects/hyperledger/fabric-sdk-node/node_modules/fabric-client/lib/BaseClient.js
FN:9,(anonymous_1)
FN:25,(anonymous_2)
FN:44,(anonymous_3)
FN:52,(anonymous_4)
FN:70,(anonymous_5)
FN:84,(anonymous_6)
FN:102,(anonymous_7)
FN:150,(anonymous_8)
FN:170,(anonymous_9)
FN:190,(anonymous_10)
FNF:10
FNH:10
FNDA:63,(anonymous_1)
FNDA:59,(anonymous_2)
FNDA:64,(anonymous_3)
FNDA:227,(anonymous_4)
FNDA:60,(anonymous_5)
FNDA:39,(anonymous_6)
FNDA:3,(anonymous_7)
FNDA:24,(anonymous_8)
FNDA:22,(anonymous_9)
FNDA:55,(anonymous_10)
DA:1,1
DA:8,1
DA:10,63
DA:26,59
DA:45,64
DA:53,227
DA:71,60
DA:85,39
DA:103,3
DA:105,3
DA:106,1
DA:109,3
DA:110,1
DA:113,3
DA:114,1
DA:117,3
DA:118,1
DA:121,3
DA:122,1
DA:125,2
DA:126,2
DA:128,0
DA:152,24
DA:172,22
DA:192,55
DA:196,1
LF:26
LH:25
BRDA:105,1,0,1
BRDA:105,1,1,2
BRDA:109,2,0,1
BRDA:109,2,1,2
BRDA:113,3,0,1
BRDA:113,3,1,2
BRDA:117,4,0,1
BRDA:117,4,1,2
BRDA:121,5,0,1
BRDA:121,5,1,2
BRDA:125,6,0,2
BRDA:125,6,1,0
BRF:12
BRH:11
end_of_record
TN:
SF:/home/mahendra/dev/projects/hyperledger/fabric-sdk-node/node_modules/fabric-client/lib/User.js
FN:58,(anonymous_1)
FN:81,(anonymous_2)
FN:89,(anonymous_3)
FN:97,(anonymous_4)
FN:105,(anonymous_5)
FN:113,(anonymous_6)
FN:121,(anonymous_7)
FN:129,(anonymous_8)
FN:133,(anonymous_9)
FN:146,(anonymous_10)
FN:157,(anonymous_11)
FN:194,(anonymous_12)
FN:202,(anonymous_13)
FN:260,(anonymous_14)
FN:284,(anonymous_15)
FNF:15
FNH:13
FNDA:73,(anonymous_1)
FNDA:29,(anonymous_2)
FNDA:12,(anonymous_3)
FNDA:2,(anonymous_4)
FNDA:0,(anonymous_5)
FNDA:0,(anonymous_6)
FNDA:174,(anonymous_7)
FNDA:103,(anonymous_8)
FNDA:2,(anonymous_9)
FNDA:61,(anonymous_10)
FNDA:65,(anonymous_11)
FNDA:15,(anonymous_12)
FNDA:14,(anonymous_13)
FNDA:186,(anonymous_14)
FNDA:73,(anonymous_15)
DA:19,1
DA:20,1
DA:21,1
DA:22,1
DA:23,1
DA:24,1
DA:25,1
DA:26,1
DA:47,1
DA:59,73
DA:60,71
DA:61,71
DA:62,71
DA:63,2
DA:64,2
DA:65,2
DA:66,2
DA:67,2
DA:70,73
DA:71,73
DA:72,73
DA:73,73
DA:74,73
DA:82,29
DA:90,12
DA:98,2
DA:106,0
DA:114,0
DA:122,174
DA:130,103
DA:134,2
DA:147,61
DA:158,65
DA:159,4
DA:162,61
DA:163,4
DA:166,57
DA:167,6
DA:170,51
DA:172,51
DA:173,4
DA:174,4
DA:176,51
DA:177,51
DA:178,51
DA:180,0
DA:182,51
DA:184,51
DA:185,51
DA:186,51
DA:195,15
DA:203,14
DA:204,14
DA:206,14
DA:207,0
DA:210,14
DA:211,14
DA:212,14
DA:213,14
DA:215,14
DA:216,0
DA:218,14
DA:220,14
DA:221,0
DA:222,0
DA:225,14
DA:226,14
DA:228,14
DA:230,14
DA:232,14
DA:233,14
DA:237,14
DA:241,14
DA:242,13
DA:249,13
DA:251,1
DA:261,186
DA:262,186
DA:263,174
DA:266,186
DA:267,174
DA:272,186
DA:281,186
DA:285,73
DA:296,1
LF:85
LH:78
BRDA:59,1,0,71
BRDA:59,1,1,2
BRDA:63,2,0,2
BRDA:63,2,1,0
BRDA:65,3,0,2
BRDA:65,3,1,0
BRDA:66,4,0,2
BRDA:66,4,1,0
BRDA:158,5,0,4
BRDA:158,5,1,61
BRDA:158,6,0,65
BRDA:158,6,1,63
BRDA:158,6,2,63
BRDA:162,7,0,4
BRDA:162,7,1,57
BRDA:162,8,0,61
BRDA:162,8,1,59
BRDA:162,8,2,59
BRDA:166,9,0,6
BRDA:166,9,1,51
BRDA:166,10,0,57
BRDA:166,10,1,55
BRDA:166,10,2,53
BRDA:172,11,0,4
BRDA:172,11,1,47
BRDA:177,12,0,51
BRDA:177,12,1,0
BRDA:195,13,0,15
BRDA:195,13,1,15
BRDA:206,14,0,0
BRDA:206,14,1,14
BRDA:215,15,0,0
BRDA:215,15,1,14
BRDA:215,16,0,14
BRDA:215,16,1,14
BRDA:215,16,2,14
BRDA:220,17,0,0
BRDA:220,17,1,14
BRDA:241,18,0,13
BRDA:241,18,1,1
BRDA:262,19,0,174
BRDA:262,19,1,12
BRDA:266,20,0,174
BRDA:266,20,1,12
BRDA:285,21,0,73
BRDA:285,21,1,72
BRDA:285,21,2,72
BRDA:285,21,3,72
BRDA:285,21,4,72
BRDA:285,21,5,72
BRDA:285,21,6,72
BRDA:285,21,7,72
BRF:52
BRH:45
end_of_record
TN:
SF:/home/mahendra/dev/projects/hyperledger/fabric-sdk-node/node_modules/fabric-client/lib/msp/identity.js
FN:25,(anonymous_1)
FN:51,(anonymous_2)
FN:62,(anonymous_3)
FN:80,(anonymous_4)
FN:90,(anonymous_5)
FN:98,(anonymous_6)
FN:106,(anonymous_7)
FN:125,(anonymous_8)
FN:141,(anonymous_9)
FN:161,(anonymous_10)
FN:182,(anonymous_11)
FN:199,(anonymous_12)
FN:216,(anonymous_13)
FNF:13
FNH:10
FNDA:142,(anonymous_1)
FNDA:176,(anonymous_2)
FNDA:0,(anonymous_3)
FNDA:0,(anonymous_4)
FNDA:1,(anonymous_5)
FNDA:0,(anonymous_6)
FNDA:174,(anonymous_7)
FNDA:67,(anonymous_8)
FNDA:1,(anonymous_9)
FNDA:104,(anonymous_10)
FNDA:69,(anonymous_11)
FNDA:105,(anonymous_12)
FNDA:1,(anonymous_13)
DA:3,1
DA:5,1
DA:17,1
DA:27,142
DA:28,2
DA:30,140
DA:31,2
DA:33,138
DA:34,2
DA:36,136
DA:37,0
DA:39,136
DA:40,136
DA:41,136
DA:42,136
DA:52,176
DA:63,0
DA:81,0
DA:91,1
DA:99,0
DA:107,174
DA:108,174
DA:109,174
DA:110,174
DA:119,1
DA:126,67
DA:127,1
DA:129,66
DA:130,1
DA:132,65
DA:133,65
DA:142,1
DA:162,104
DA:172,1
DA:183,69
DA:185,66
DA:186,1
DA:188,65
DA:201,105
DA:202,105
DA:203,1
DA:204,1
DA:207,0
DA:209,104
DA:212,104
DA:213,104
DA:217,1
DA:225,1
DA:226,1
DA:227,1
LF:50
LH:45
BRDA:27,1,0,2
BRDA:27,1,1,140
BRDA:30,2,0,2
BRDA:30,2,1,138
BRDA:33,3,0,2
BRDA:33,3,1,136
BRDA:36,4,0,0
BRDA:36,4,1,136
BRDA:126,5,0,1
BRDA:126,5,1,66
BRDA:129,6,0,1
BRDA:129,6,1,65
BRDA:185,7,0,1
BRDA:185,7,1,65
BRDA:202,8,0,1
BRDA:202,8,1,104
BRDA:202,9,0,105
BRDA:202,9,1,1
BRDA:203,10,0,1
BRDA:203,10,1,0
BRDA:217,11,0,1
BRDA:217,11,1,0
BRDA:217,11,2,0
BRDA:217,11,3,0
BRDA:217,11,4,0
BRF:25
BRH:19
end_of_record
TN:
SF:/home/mahendra/dev/projects/hyperledger/fabric-sdk-node/node_modules/fabric-client/lib/Channel.js
FN:78,(anonymous_1)
FN:115,(anonymous_2)
FN:124,(anonymous_3)
FN:131,(anonymous_4)
FN:142,(anonymous_5)
FN:151,(anonymous_6)
FN:176,(anonymous_7)
FN:184,(anonymous_8)
FN:194,(anonymous_9)
FN:212,(anonymous_10)
FN:227,(anonymous_11)
FN:241,(anonymous_12)
FN:259,(anonymous_13)
FN:273,(anonymous_14)
FN:286,(anonymous_15)
FN:369,(anonymous_16)
FN:429,(anonymous_17)
FN:433,(anonymous_18)
FN:447,(anonymous_19)
FN:497,(anonymous_20)
FN:562,(anonymous_21)
FN:584,(anonymous_22)
FN:597,(anonymous_23)
FN:610,(anonymous_24)
FN:643,(anonymous_25)
FN:671,(anonymous_26)
FN:690,(anonymous_27)
FN:713,(anonymous_28)
FN:720,(anonymous_29)
FN:743,(anonymous_30)
FN:766,(anonymous_31)
FN:790,(anonymous_32)
FN:805,(anonymous_33)
FN:830,(anonymous_34)
FN:854,(anonymous_35)
FN:869,(anonymous_36)
FN:894,(anonymous_37)
FN:917,(anonymous_38)
FN:930,(anonymous_39)
FN:949,(anonymous_40)
FN:976,(anonymous_41)
FN:1035,(anonymous_42)
FN:1062,(anonymous_43)
FN:1069,(anonymous_44)
FN:1153,(anonymous_45)
FN:1173,(anonymous_46)
FN:1194,(anonymous_47)
FN:1258,(anonymous_48)
FN:1262,(anonymous_49)
FN:1284,(anonymous_50)
FN:1399,(anonymous_51)
FN:1419,(anonymous_52)
FN:1443,(anonymous_53)
FN:1467,(anonymous_54)
FN:1532,(anonymous_55)
FN:1560,(anonymous_56)
FN:1567,(anonymous_57)
FN:1584,_getProposalResponseResults
FN:1597,_combineMSPs
FN:1607,_arrayToMap
FN:1629,loadConfigGroup
FN:1726,loadConfigValue
FN:1821,loadConfigPolicy
FN:1830,loadPolicy
FN:1852,decodeSignaturePolicy
FNF:65
FNH:57
FNDA:49,(anonymous_1)
FNDA:10,(anonymous_2)
FNDA:10,(anonymous_3)
FNDA:0,(anonymous_4)
FNDA:2,(anonymous_5)
FNDA:2,(anonymous_6)
FNDA:1,(anonymous_7)
FNDA:23,(anonymous_8)
FNDA:46,(anonymous_9)
FNDA:3,(anonymous_10)
FNDA:36,(anonymous_11)
FNDA:31,(anonymous_12)
FNDA:1,(anonymous_13)
FNDA:30,(anonymous_14)
FNDA:6,(anonymous_15)
FNDA:7,(anonymous_16)
FNDA:4,(anonymous_17)
FNDA:0,(anonymous_18)
FNDA:10,(anonymous_19)
FNDA:10,(anonymous_20)
FNDA:10,(anonymous_21)
FNDA:0,(anonymous_22)
FNDA:1,(anonymous_23)
FNDA:1,(anonymous_24)
FNDA:11,(anonymous_25)
FNDA:2,(anonymous_26)
FNDA:1,(anonymous_27)
FNDA:1,(anonymous_28)
FNDA:14,(anonymous_29)
FNDA:5,(anonymous_30)
FNDA:1,(anonymous_31)
FNDA:1,(anonymous_32)
FNDA:8,(anonymous_33)
FNDA:3,(anonymous_34)
FNDA:2,(anonymous_35)
FNDA:3,(anonymous_36)
FNDA:1,(anonymous_37)
FNDA:1,(anonymous_38)
FNDA:2,(anonymous_39)
FNDA:1,(anonymous_40)
FNDA:0,(anonymous_41)
FNDA:7,(anonymous_42)
FNDA:5,(anonymous_43)
FNDA:12,(anonymous_44)
FNDA:8,(anonymous_45)
FNDA:24,(anonymous_46)
FNDA:25,(anonymous_47)
FNDA:18,(anonymous_48)
FNDA:0,(anonymous_49)
FNDA:10,(anonymous_50)
FNDA:8,(anonymous_51)
FNDA:4,(anonymous_52)
FNDA:3,(anonymous_53)
FNDA:4,(anonymous_54)
FNDA:4,(anonymous_55)
FNDA:22,(anonymous_56)
FNDA:11,(anonymous_57)
FNDA:1,_getProposalResponseResults
FNDA:0,_combineMSPs
FNDA:0,_arrayToMap
FNDA:75,loadConfigGroup
FNDA:123,loadConfigValue
FNDA:209,loadConfigPolicy
FNDA:210,loadPolicy
FNDA:0,decodeSignaturePolicy
DA:19,1
DA:20,1
DA:21,1
DA:22,1
DA:23,1
DA:24,1
DA:25,1
DA:26,1
DA:27,1
DA:28,1
DA:29,1
DA:30,1
DA:31,1
DA:32,1
DA:33,1
DA:34,1
DA:35,1
DA:36,1
DA:38,1
DA:39,1
DA:40,1
DA:41,1
DA:42,1
DA:43,1
DA:44,1
DA:45,1
DA:46,1
DA:47,1
DA:48,1
DA:49,1
DA:50,1
DA:51,1
DA:52,1
DA:53,1
DA:55,1
DA:56,1
DA:70,1
DA:80,49
DA:81,1
DA:82,1
DA:85,48
DA:86,1
DA:87,1
DA:90,47
DA:92,47
DA:93,47
DA:94,47
DA:95,47
DA:97,47
DA:99,47
DA:102,47
DA:116,10
DA:117,0
DA:118,0
DA:121,10
DA:122,10
DA:125,10
DA:126,10
DA:127,10
DA:132,0
DA:133,0
DA:143,2
DA:152,2
DA:153,2
DA:154,2
DA:155,2
DA:156,2
DA:157,2
DA:158,3
DA:159,3
DA:160,3
DA:161,3
DA:164,2
DA:165,2
DA:177,1
DA:185,23
DA:195,46
DA:196,46
DA:197,15
DA:198,1
DA:199,1
DA:200,1
DA:201,1
DA:202,1
DA:205,45
DA:213,3
DA:214,3
DA:215,3
DA:216,3
DA:217,3
DA:218,3
DA:228,36
DA:229,36
DA:242,31
DA:243,31
DA:244,2
DA:245,1
DA:246,1
DA:247,1
DA:248,1
DA:249,1
DA:252,30
DA:260,1
DA:261,1
DA:262,1
DA:263,1
DA:264,1
DA:265,1
DA:274,30
DA:287,6
DA:288,6
DA:291,6
DA:292,1
DA:295,5
DA:296,1
DA:299,6
DA:300,2
DA:301,2
DA:304,4
DA:305,4
DA:306,4
DA:308,4
DA:313,4
DA:314,4
DA:315,4
DA:316,4
DA:319,4
DA:320,4
DA:321,4
DA:322,4
DA:325,4
DA:326,4
DA:327,4
DA:328,4
DA:331,4
DA:338,4
DA:339,4
DA:340,4
DA:341,4
DA:342,4
DA:344,4
DA:345,4
DA:348,4
DA:353,4
DA:370,7
DA:371,7
DA:375,7
DA:376,1
DA:380,6
DA:381,1
DA:385,5
DA:386,1
DA:389,4
DA:390,0
DA:393,7
DA:394,3
DA:395,3
DA:398,4
DA:399,4
DA:400,4
DA:401,4
DA:402,4
DA:403,4
DA:405,4
DA:407,4
DA:408,4
DA:410,4
DA:411,4
DA:412,4
DA:413,4
DA:415,4
DA:423,4
DA:424,4
DA:425,4
DA:427,4
DA:430,4
DA:434,0
DA:435,0
DA:448,10
DA:450,10
DA:451,10
DA:452,10
DA:454,10
DA:455,10
DA:458,10
DA:459,10
DA:460,10
DA:462,10
DA:463,10
DA:464,10
DA:467,10
DA:468,10
DA:469,10
DA:470,10
DA:473,10
DA:480,10
DA:481,10
DA:482,10
DA:483,10
DA:484,10
DA:486,10
DA:487,10
DA:490,10
DA:495,10
DA:498,10
DA:500,10
DA:501,10
DA:504,0
DA:505,0
DA:508,10
DA:510,10
DA:511,10
DA:512,10
DA:514,10
DA:518,10
DA:519,10
DA:520,10
DA:521,10
DA:524,10
DA:525,10
DA:526,10
DA:527,10
DA:530,10
DA:531,10
DA:532,10
DA:533,10
DA:537,10
DA:544,10
DA:545,10
DA:546,10
DA:547,10
DA:548,10
DA:550,10
DA:551,10
DA:554,10
DA:559,10
DA:563,10
DA:564,0
DA:567,10
DA:568,10
DA:569,0
DA:571,10
DA:572,10
DA:573,10
DA:574,10
DA:575,0
DA:578,10
DA:581,10
DA:585,0
DA:586,0
DA:598,1
DA:599,1
DA:600,1
DA:601,1
DA:602,1
DA:603,0
DA:606,1
DA:607,1
DA:611,1
DA:612,1
DA:614,1
DA:615,1
DA:617,1
DA:618,1
DA:619,1
DA:620,1
DA:621,1
DA:622,1
DA:623,1
DA:624,1
DA:625,1
DA:627,1
DA:629,1
DA:630,1
DA:631,1
DA:634,1
DA:644,11
DA:646,11
DA:648,11
DA:649,11
DA:650,11
DA:651,11
DA:652,11
DA:653,11
DA:654,11
DA:656,11
DA:657,11
DA:658,11
DA:661,11
DA:672,2
DA:673,2
DA:674,2
DA:675,1
DA:677,1
DA:678,1
DA:679,1
DA:680,1
DA:688,1
DA:691,1
DA:692,1
DA:693,1
DA:695,1
DA:696,0
DA:698,1
DA:699,1
DA:700,1
DA:702,0
DA:703,0
DA:704,0
DA:705,0
DA:708,0
DA:710,0
DA:714,1
DA:715,1
DA:721,14
DA:722,6
DA:723,5
DA:725,1
DA:727,8
DA:728,8
DA:729,1
DA:731,7
DA:744,5
DA:745,5
DA:746,1
DA:748,4
DA:749,4
DA:750,2
DA:752,2
DA:753,2
DA:754,2
DA:755,1
DA:764,1
DA:767,1
DA:768,1
DA:769,1
DA:771,1
DA:772,0
DA:774,1
DA:775,1
DA:776,1
DA:778,0
DA:779,0
DA:780,0
DA:781,0
DA:782,0
DA:785,0
DA:787,0
DA:791,1
DA:792,1
DA:806,8
DA:807,8
DA:808,8
DA:809,4
DA:811,4
DA:813,4
DA:814,4
DA:815,1
DA:817,3
DA:818,3
DA:819,3
DA:820,3
DA:828,3
DA:831,3
DA:832,3
DA:833,3
DA:835,3
DA:836,0
DA:838,3
DA:839,3
DA:840,2
DA:842,1
DA:843,1
DA:844,1
DA:845,1
DA:846,1
DA:849,0
DA:851,0
DA:855,2
DA:856,2
DA:870,3
DA:871,3
DA:872,3
DA:873,2
DA:875,1
DA:877,2
DA:878,2
DA:879,1
DA:881,1
DA:882,1
DA:883,1
DA:884,1
DA:892,1
DA:895,1
DA:896,1
DA:897,1
DA:899,1
DA:900,0
DA:902,1
DA:903,1
DA:904,1
DA:906,0
DA:907,0
DA:908,0
DA:909,0
DA:912,0
DA:914,0
DA:918,1
DA:919,1
DA:931,2
DA:932,2
DA:933,2
DA:934,1
DA:936,1
DA:937,1
DA:938,1
DA:939,1
DA:947,1
DA:950,1
DA:951,1
DA:952,1
DA:954,1
DA:955,0
DA:957,1
DA:958,1
DA:959,0
DA:961,1
DA:962,1
DA:963,1
DA:964,1
DA:965,1
DA:966,0
DA:968,1
DA:971,0
DA:973,0
DA:977,0
DA:978,0
DA:1036,7
DA:1063,5
DA:1070,12
DA:1072,12
DA:1073,12
DA:1074,11
DA:1076,12
DA:1077,12
DA:1080,12
DA:1081,1
DA:1082,1
DA:1083,1
DA:1087,11
DA:1088,11
DA:1090,11
DA:1091,3
DA:1092,3
DA:1096,8
DA:1097,0
DA:1099,8
DA:1102,8
DA:1103,8
DA:1105,8
DA:1106,28
DA:1108,8
DA:1120,8
DA:1121,8
DA:1123,8
DA:1124,8
DA:1125,8
DA:1140,8
DA:1147,8
DA:1148,8
DA:1149,8
DA:1151,8
DA:1154,8
DA:1174,24
DA:1176,24
DA:1177,1
DA:1179,23
DA:1180,23
DA:1181,9
DA:1184,14
DA:1185,14
DA:1187,23
DA:1196,25
DA:1199,25
DA:1200,2
DA:1202,23
DA:1205,25
DA:1206,2
DA:1207,2
DA:1208,2
DA:1211,23
DA:1212,5
DA:1213,5
DA:1216,18
DA:1218,18
DA:1219,18
DA:1221,18
DA:1222,34
DA:1223,34
DA:1226,18
DA:1227,1
DA:1228,1
DA:1231,17
DA:1233,18
DA:1243,18
DA:1244,18
DA:1245,18
DA:1252,18
DA:1253,18
DA:1254,18
DA:1256,18
DA:1259,18
DA:1263,0
DA:1264,0
DA:1285,10
DA:1286,10
DA:1288,10
DA:1290,8
DA:1291,2
DA:1293,8
DA:1294,2
DA:1296,8
DA:1297,2
DA:1300,2
DA:1303,10
DA:1304,6
DA:1305,6
DA:1308,4
DA:1309,4
DA:1310,4
DA:1313,3
DA:1314,0
DA:1315,0
DA:1318,3
DA:1319,3
DA:1320,3
DA:1321,3
DA:1324,5
DA:1325,5
DA:1326,5
DA:1330,0
DA:1333,3
DA:1334,3
DA:1335,3
DA:1337,3
DA:1338,3
DA:1345,3
DA:1346,3
DA:1347,3
DA:1348,3
DA:1350,3
DA:1351,3
DA:1352,3
DA:1354,3
DA:1355,3
DA:1357,3
DA:1358,3
DA:1361,3
DA:1362,3
DA:1363,3
DA:1365,3
DA:1367,3
DA:1368,3
DA:1369,3
DA:1370,3
DA:1373,3
DA:1378,3
DA:1379,3
DA:1400,8
DA:1401,8
DA:1402,1
DA:1404,7
DA:1405,7
DA:1407,7
DA:1417,7
DA:1420,4
DA:1421,4
DA:1422,4
DA:1423,4
DA:1424,4
DA:1425,4
DA:1426,8
DA:1427,8
DA:1428,8
DA:1430,0
DA:1431,0
DA:1434,0
DA:1435,0
DA:1438,4
DA:1440,0
DA:1444,3
DA:1445,3
DA:1468,4
DA:1469,4
DA:1470,1
DA:1472,3
DA:1473,3
DA:1476,0
DA:1478,0
DA:1479,0
DA:1480,0
DA:1481,0
DA:1483,0
DA:1484,0
DA:1486,0
DA:1488,0
DA:1489,0
DA:1490,0
DA:1491,0
DA:1495,0
DA:1496,0
DA:1499,0
DA:1501,0
DA:1502,0
DA:1503,0
DA:1505,0
DA:1508,0
DA:1509,0
DA:1510,0
DA:1511,0
DA:1515,0
DA:1516,0
DA:1519,0
DA:1520,0
DA:1533,4
DA:1534,4
DA:1535,1
DA:1537,3
DA:1538,1
DA:1541,2
DA:1542,1
DA:1544,1
DA:1545,0
DA:1546,0
DA:1547,0
DA:1548,0
DA:1551,0
DA:1552,0
DA:1556,0
DA:1561,22
DA:1568,11
DA:1569,11
DA:1570,6
DA:1572,11
DA:1577,11
DA:1584,1
DA:1585,1
DA:1586,1
DA:1588,0
DA:1589,0
DA:1591,0
DA:1593,0
DA:1597,1
DA:1598,0
DA:1599,0
DA:1601,0
DA:1603,0
DA:1607,1
DA:1608,0
DA:1609,0
DA:1610,0
DA:1611,0
DA:1612,0
DA:1613,0
DA:1614,0
DA:1615,0
DA:1629,1
DA:1630,75
DA:1631,75
DA:1632,0
DA:1633,0
DA:1634,0
DA:1637,75
DA:1638,75
DA:1640,75
DA:1641,75
DA:1642,13
DA:1643,13
DA:1646,62
DA:1647,62
DA:1649,75
DA:1651,75
DA:1652,75
DA:1653,75
DA:1654,75
DA:1655,37
DA:1657,75
DA:1658,62
DA:1659,62
DA:1660,62
DA:1662,62
DA:1666,0
DA:1668,75
DA:1670,75
DA:1671,75
DA:1672,75
DA:1673,13
DA:1676,62
DA:1678,75
DA:1679,75
DA:1680,75
DA:1681,75
DA:1682,123
DA:1683,123
DA:1684,123
DA:1685,123
DA:1689,0
DA:1691,75
DA:1693,75
DA:1694,75
DA:1695,75
DA:1696,13
DA:1699,62
DA:1701,75
DA:1702,75
DA:1703,75
DA:1704,75
DA:1705,209
DA:1706,209
DA:1707,209
DA:1708,209
DA:1712,0
DA:1714,75
DA:1716,75
DA:1726,1
DA:1727,123
DA:1728,123
DA:1729,123
DA:1731,123
DA:1732,123
DA:1733,123
DA:1735,0
DA:1736,0
DA:1737,0
DA:1738,0
DA:1743,0
DA:1744,0
DA:1746,0
DA:1748,33
DA:1749,33
DA:1750,33
DA:1751,33
DA:1753,11
DA:1754,11
DA:1755,0
DA:1756,0
DA:1758,11
DA:1759,11
DA:1760,0
DA:1761,0
DA:1762,0
DA:1763,0
DA:1765,11
DA:1766,11
DA:1767,0
DA:1768,0
DA:1770,11
DA:1771,11
DA:1772,0
DA:1773,0
DA:1775,1
DA:1776,1
DA:1777,1
DA:1779,11
DA:1780,11
DA:1781,0
DA:1782,0
DA:1784,12
DA:1785,12
DA:1786,2
DA:1787,2
DA:1789,11
DA:1790,11
DA:1791,0
DA:1792,0
DA:1794,11
DA:1795,11
DA:1796,11
DA:1797,11
DA:1799,11
DA:1801,0
DA:1802,0
DA:1803,0
DA:1804,0
DA:1806,0
DA:1808,0
DA:1812,76
DA:1821,1
DA:1822,209
DA:1823,209
DA:1824,209
DA:1826,209
DA:1827,209
DA:1830,1
DA:1831,210
DA:1832,210
DA:1834,99
DA:1835,99
DA:1836,0
DA:1838,111
DA:1839,111
DA:1840,111
DA:1841,111
DA:1843,0
DA:1844,0
DA:1848,99
DA:1852,1
DA:1853,0
DA:1854,0
DA:1855,0
DA:1856,0
DA:1858,0
DA:1859,0
DA:1862,0
DA:1865,1
LF:815
LH:664
BRDA:80,1,0,1
BRDA:80,1,1,48
BRDA:80,2,0,49
BRDA:80,2,1,49
BRDA:85,3,0,1
BRDA:85,3,1,47
BRDA:85,4,0,48
BRDA:85,4,1,48
BRDA:116,5,0,0
BRDA:116,5,1,10
BRDA:132,6,0,0
BRDA:132,6,1,0
BRDA:155,7,0,2
BRDA:155,7,1,0
BRDA:197,8,0,1
BRDA:197,8,1,14
BRDA:215,9,0,3
BRDA:215,9,1,0
BRDA:244,10,0,1
BRDA:244,10,1,1
BRDA:262,11,0,1
BRDA:262,11,1,0
BRDA:291,12,0,1
BRDA:291,12,1,5
BRDA:295,13,0,1
BRDA:295,13,1,4
BRDA:299,14,0,2
BRDA:299,14,1,4
BRDA:375,15,0,1
BRDA:375,15,1,6
BRDA:380,16,0,1
BRDA:380,16,1,5
BRDA:385,17,0,1
BRDA:385,17,1,4
BRDA:389,18,0,0
BRDA:389,18,1,4
BRDA:393,19,0,3
BRDA:393,19,1,4
BRDA:434,20,0,0
BRDA:434,20,1,0
BRDA:500,21,0,10
BRDA:500,21,1,0
BRDA:563,22,0,0
BRDA:563,22,1,10
BRDA:568,23,0,0
BRDA:568,23,1,10
BRDA:574,24,0,0
BRDA:574,24,1,10
BRDA:585,25,0,0
BRDA:585,25,1,0
BRDA:602,26,0,0
BRDA:602,26,1,1
BRDA:674,27,0,1
BRDA:674,27,1,1
BRDA:693,28,0,1
BRDA:693,28,1,0
BRDA:693,29,0,1
BRDA:693,29,1,1
BRDA:695,30,0,0
BRDA:695,30,1,1
BRDA:699,31,0,1
BRDA:699,31,1,0
BRDA:702,32,0,0
BRDA:702,32,1,0
BRDA:714,33,0,1
BRDA:714,33,1,0
BRDA:721,34,0,6
BRDA:721,34,1,8
BRDA:722,35,0,5
BRDA:722,35,1,1
BRDA:728,36,0,1
BRDA:728,36,1,7
BRDA:745,37,0,1
BRDA:745,37,1,4
BRDA:749,38,0,2
BRDA:749,38,1,2
BRDA:769,39,0,1
BRDA:769,39,1,0
BRDA:769,40,0,1
BRDA:769,40,1,1
BRDA:771,41,0,0
BRDA:771,41,1,1
BRDA:775,42,0,1
BRDA:775,42,1,0
BRDA:778,43,0,0
BRDA:778,43,1,0
BRDA:791,44,0,1
BRDA:791,44,1,0
BRDA:808,45,0,4
BRDA:808,45,1,4
BRDA:808,46,0,8
BRDA:808,46,1,5
BRDA:814,47,0,1
BRDA:814,47,1,3
BRDA:833,48,0,3
BRDA:833,48,1,0
BRDA:833,49,0,3
BRDA:833,49,1,3
BRDA:835,50,0,0
BRDA:835,50,1,3
BRDA:839,51,0,2
BRDA:839,51,1,1
BRDA:842,52,0,1
BRDA:842,52,1,0
BRDA:855,53,0,2
BRDA:855,53,1,0
BRDA:872,54,0,2
BRDA:872,54,1,1
BRDA:878,55,0,1
BRDA:878,55,1,1
BRDA:897,56,0,1
BRDA:897,56,1,0
BRDA:897,57,0,1
BRDA:897,57,1,1
BRDA:899,58,0,0
BRDA:899,58,1,1
BRDA:903,59,0,1
BRDA:903,59,1,0
BRDA:906,60,0,0
BRDA:906,60,1,0
BRDA:918,61,0,1
BRDA:918,61,1,0
BRDA:933,62,0,1
BRDA:933,62,1,1
BRDA:952,63,0,1
BRDA:952,63,1,0
BRDA:952,64,0,1
BRDA:952,64,1,1
BRDA:954,65,0,0
BRDA:954,65,1,1
BRDA:958,66,0,0
BRDA:958,66,1,1
BRDA:961,67,0,1
BRDA:961,67,1,0
BRDA:977,68,0,0
BRDA:977,68,1,0
BRDA:1073,69,0,11
BRDA:1073,69,1,1
BRDA:1076,70,0,12
BRDA:1076,70,1,0
BRDA:1076,71,0,12
BRDA:1076,71,1,0
BRDA:1080,72,0,1
BRDA:1080,72,1,11
BRDA:1087,73,0,11
BRDA:1087,73,1,0
BRDA:1088,74,0,9
BRDA:1088,74,1,2
BRDA:1090,75,0,3
BRDA:1090,75,1,8
BRDA:1096,76,0,0
BRDA:1096,76,1,8
BRDA:1103,77,0,8
BRDA:1103,77,1,0
BRDA:1176,78,0,1
BRDA:1176,78,1,23
BRDA:1180,79,0,9
BRDA:1180,79,1,14
BRDA:1180,80,0,23
BRDA:1180,80,1,23
BRDA:1199,81,0,2
BRDA:1199,81,1,23
BRDA:1199,82,0,25
BRDA:1199,82,1,25
BRDA:1205,83,0,2
BRDA:1205,83,1,23
BRDA:1205,84,0,25
BRDA:1205,84,1,25
BRDA:1211,85,0,5
BRDA:1211,85,1,18
BRDA:1218,86,0,18
BRDA:1218,86,1,0
BRDA:1219,87,0,18
BRDA:1219,87,1,0
BRDA:1226,88,0,1
BRDA:1226,88,1,17
BRDA:1263,89,0,0
BRDA:1263,89,1,0
BRDA:1288,90,0,8
BRDA:1288,90,1,2
BRDA:1290,91,0,2
BRDA:1290,91,1,6
BRDA:1293,92,0,2
BRDA:1293,92,1,6
BRDA:1296,93,0,2
BRDA:1296,93,1,6
BRDA:1303,94,0,6
BRDA:1303,94,1,4
BRDA:1313,95,0,0
BRDA:1313,95,1,3
BRDA:1320,96,0,3
BRDA:1320,96,1,0
BRDA:1324,97,0,5
BRDA:1324,97,1,0
BRDA:1324,98,0,5
BRDA:1324,98,1,5
BRDA:1401,99,0,1
BRDA:1401,99,1,7
BRDA:1423,100,0,4
BRDA:1423,100,1,0
BRDA:1423,101,0,4
BRDA:1423,101,1,4
BRDA:1427,102,0,8
BRDA:1427,102,1,0
BRDA:1430,103,0,0
BRDA:1430,103,1,0
BRDA:1430,104,0,0
BRDA:1430,104,1,0
BRDA:1444,105,0,3
BRDA:1444,105,1,0
BRDA:1469,106,0,1
BRDA:1469,106,1,3
BRDA:1472,107,0,3
BRDA:1472,107,1,0
BRDA:1483,108,0,0
BRDA:1483,108,1,0
BRDA:1490,109,0,0
BRDA:1490,109,1,0
BRDA:1501,110,0,0
BRDA:1501,110,1,0
BRDA:1509,111,0,0
BRDA:1509,111,1,0
BRDA:1534,112,0,1
BRDA:1534,112,1,3
BRDA:1537,113,0,1
BRDA:1537,113,1,2
BRDA:1541,114,0,1
BRDA:1541,114,1,1
BRDA:1547,115,0,0
BRDA:1547,115,1,0
BRDA:1574,116,0,11
BRDA:1574,116,1,0
BRDA:1585,117,0,1
BRDA:1585,117,1,0
BRDA:1608,118,0,0
BRDA:1608,118,1,0
BRDA:1631,119,0,0
BRDA:1631,119,1,75
BRDA:1641,120,0,13
BRDA:1641,120,1,62
BRDA:1651,121,0,75
BRDA:1651,121,1,0
BRDA:1654,122,0,37
BRDA:1654,122,1,38
BRDA:1672,123,0,13
BRDA:1672,123,1,62
BRDA:1678,124,0,75
BRDA:1678,124,1,0
BRDA:1695,125,0,13
BRDA:1695,125,1,62
BRDA:1701,126,0,75
BRDA:1701,126,1,0
BRDA:1733,127,0,0
BRDA:1733,127,1,33
BRDA:1733,127,2,11
BRDA:1733,127,3,11
BRDA:1733,127,4,11
BRDA:1733,127,5,11
BRDA:1733,127,6,1
BRDA:1733,127,7,11
BRDA:1733,127,8,12
BRDA:1733,127,9,11
BRDA:1733,127,10,11
BRDA:1733,127,11,0
BRDA:1733,127,12,0
BRDA:1737,128,0,0
BRDA:1737,128,1,0
BRDA:1737,129,0,0
BRDA:1737,129,1,0
BRDA:1796,130,0,11
BRDA:1796,130,1,0
BRDA:1796,131,0,11
BRDA:1796,131,1,11
BRDA:1803,132,0,0
BRDA:1803,132,1,0
BRDA:1803,133,0,0
BRDA:1803,133,1,0
BRDA:1832,134,0,99
BRDA:1832,134,1,111
BRDA:1832,134,2,0
BRDA:1856,135,0,0
BRF:281
BRH:185
end_of_record
TN:
SF:/home/mahendra/dev/projects/hyperledger/fabric-sdk-node/node_modules/fabric-client/lib/Peer.js
FN:60,(anonymous_1)
FN:72,(anonymous_2)
FN:80,(anonymous_3)
FN:88,(anonymous_4)
FN:107,(anonymous_5)
FN:118,(anonymous_6)
FN:119,(anonymous_7)
FN:124,(anonymous_8)
FN:150,(anonymous_9)
FNF:9
FNH:8
FNDA:72,(anonymous_1)
FNDA:1,(anonymous_2)
FNDA:1,(anonymous_3)
FNDA:3,(anonymous_4)
FNDA:55,(anonymous_5)
FNDA:54,(anonymous_6)
FNDA:0,(anonymous_7)
FNDA:54,(anonymous_8)
FNDA:2,(anonymous_9)
DA:19,1
DA:20,1
DA:21,1
DA:22,1
DA:23,1
DA:25,1
DA:27,1
DA:47,1
DA:61,72
DA:63,67
DA:64,67
DA:65,67
DA:73,1
DA:81,1
DA:89,3
DA:90,1
DA:93,2
DA:94,1
DA:97,1
DA:108,55
DA:109,55
DA:111,55
DA:112,1
DA:118,54
DA:119,54
DA:120,0
DA:121,0
DA:124,54
DA:125,54
DA:126,54
DA:127,33
DA:128,33
DA:129,33
DA:132,0
DA:135,21
DA:136,21
DA:137,21
DA:139,0
DA:140,0
DA:151,2
DA:158,1
LF:41
LH:36
BRDA:89,1,0,1
BRDA:89,1,1,2
BRDA:89,2,0,3
BRDA:89,2,1,2
BRDA:89,2,2,2
BRDA:93,3,0,1
BRDA:93,3,1,1
BRDA:93,4,0,2
BRDA:93,4,1,1
BRDA:93,4,2,1
BRDA:111,5,0,1
BRDA:111,5,1,54
BRDA:126,6,0,33
BRDA:126,6,1,21
BRDA:128,7,0,33
BRDA:128,7,1,0
BRDA:135,8,0,21
BRDA:135,8,1,0
BRF:18
BRH:16
end_of_record
TN:
SF:/home/mahendra/dev/projects/hyperledger/fabric-sdk-node/node_modules/fabric-client/lib/Orderer.js
FN:48,(anonymous_1)
FN:63,(anonymous_2)
FN:75,(anonymous_3)
FN:78,(anonymous_4)
FN:84,(anonymous_5)
FN:103,(anonymous_6)
FN:109,(anonymous_7)
FN:141,(anonymous_8)
FN:153,(anonymous_9)
FN:159,(anonymous_10)
FN:165,(anonymous_11)
FN:211,(anonymous_12)
FN:215,(anonymous_13)
FN:225,(anonymous_14)
FN:266,(anonymous_15)
FNF:15
FNH:12
FNDA:51,(anonymous_1)
FNDA:8,(anonymous_2)
FNDA:7,(anonymous_3)
FNDA:0,(anonymous_4)
FNDA:6,(anonymous_5)
FNDA:6,(anonymous_6)
FNDA:1,(anonymous_7)
FNDA:26,(anonymous_8)
FNDA:25,(anonymous_9)
FNDA:0,(anonymous_10)
FNDA:48,(anonymous_11)
FNDA:25,(anonymous_12)
FNDA:0,(anonymous_13)
FNDA:25,(anonymous_14)
FNDA:8,(anonymous_15)
DA:19,1
DA:20,1
DA:21,1
DA:23,1
DA:24,1
DA:26,1
DA:27,1
DA:35,1
DA:49,51
DA:51,44
DA:52,44
DA:64,8
DA:66,8
DA:67,1
DA:68,1
DA:69,1
DA:72,7
DA:75,7
DA:76,7
DA:78,7
DA:79,0
DA:80,0
DA:81,0
DA:84,7
DA:85,6
DA:86,6
DA:87,6
DA:88,6
DA:89,5
DA:90,5
DA:92,1
DA:93,1
DA:97,0
DA:98,0
DA:103,7
DA:104,6
DA:105,6
DA:106,6
DA:109,7
DA:110,1
DA:111,1
DA:112,1
DA:113,1
DA:114,1
DA:115,1
DA:118,0
DA:119,0
DA:120,0
DA:123,0
DA:127,7
DA:129,7
DA:142,26
DA:144,26
DA:145,1
DA:146,1
DA:147,1
DA:150,25
DA:153,25
DA:154,25
DA:155,25
DA:156,25
DA:157,25
DA:159,25
DA:160,0
DA:161,0
DA:162,0
DA:165,25
DA:166,48
DA:168,48
DA:169,24
DA:170,24
DA:171,24
DA:172,24
DA:173,24
DA:174,24
DA:175,24
DA:176,24
DA:178,24
DA:179,24
DA:180,24
DA:181,24
DA:182,24
DA:184,24
DA:186,24
DA:187,24
DA:188,24
DA:189,24
DA:191,24
DA:192,24
DA:193,24
DA:196,0
DA:197,0
DA:201,0
DA:202,0
DA:203,0
DA:204,0
DA:205,0
DA:207,0
DA:211,25
DA:212,25
DA:215,25
DA:216,0
DA:217,0
DA:218,0
DA:219,0
DA:220,0
DA:225,25
DA:226,25
DA:227,25
DA:228,1
DA:229,1
DA:230,1
DA:231,1
DA:232,1
DA:233,1
DA:234,1
DA:238,24
DA:239,24
DA:242,0
DA:246,25
DA:247,25
DA:249,25
DA:252,0
DA:253,0
DA:254,0
DA:257,0
DA:267,8
DA:273,1
LF:128
LH:98
BRDA:66,1,0,1
BRDA:66,1,1,7
BRDA:66,2,0,8
BRDA:66,2,1,7
BRDA:87,3,0,6
BRDA:87,3,1,0
BRDA:88,4,0,5
BRDA:88,4,1,1
BRDA:111,5,0,1
BRDA:111,5,1,0
BRDA:111,6,0,1
BRDA:111,6,1,1
BRDA:112,7,0,1
BRDA:112,7,1,0
BRDA:114,8,0,1
BRDA:114,8,1,0
BRDA:118,9,0,0
BRDA:118,9,1,0
BRDA:119,10,0,0
BRDA:119,10,1,0
BRDA:144,11,0,1
BRDA:144,11,1,25
BRDA:144,12,0,26
BRDA:144,12,1,25
BRDA:168,13,0,24
BRDA:168,13,1,24
BRDA:186,14,0,24
BRDA:186,14,1,0
BRDA:191,15,0,24
BRDA:191,15,1,0
BRDA:202,16,0,0
BRDA:202,16,1,0
BRDA:217,17,0,0
BRDA:217,17,1,0
BRDA:227,18,0,1
BRDA:227,18,1,24
BRDA:231,19,0,1
BRDA:231,19,1,0
BRDA:231,20,0,1
BRDA:231,20,1,1
BRDA:232,21,0,1
BRDA:232,21,1,0
BRDA:233,22,0,1
BRDA:233,22,1,0
BRDA:238,23,0,24
BRDA:238,23,1,0
BRDA:252,24,0,0
BRDA:252,24,1,0
BRDA:253,25,0,0
BRDA:253,25,1,0
BRF:50
BRH:28
end_of_record
TN:
SF:/home/mahendra/dev/projects/hyperledger/fabric-sdk-node/node_modules/fabric-client/lib/TransactionID.js
FN:40,(anonymous_1)
FN:59,(anonymous_2)
FN:66,(anonymous_3)
FNF:3
FNH:3
FNDA:75,(anonymous_1)
FNDA:78,(anonymous_2)
FNDA:68,(anonymous_3)
DA:19,1
DA:20,1
DA:21,1
DA:22,1
DA:32,1
DA:41,75
DA:42,75
DA:43,2
DA:45,73
DA:46,1
DA:48,72
DA:49,72
DA:50,72
DA:51,72
DA:52,72
DA:53,72
DA:60,78
DA:67,68
DA:71,1
LF:19
LH:19
BRDA:42,1,0,2
BRDA:42,1,1,73
BRDA:42,2,0,75
BRDA:42,2,1,74
BRDA:45,3,0,1
BRDA:45,3,1,72
BRF:6
BRH:6
end_of_record
TN:
SF:/home/mahendra/dev/projects/hyperledger/fabric-sdk-node/node_modules/fabric-client/lib/hash.js
FN:33,(anonymous_1)
FN:43,(anonymous_2)
FN:51,(anonymous_3)
FN:56,(anonymous_4)
FN:61,(anonymous_5)
FN:70,(anonymous_6)
FN:80,(anonymous_7)
FN:89,(anonymous_8)
FN:93,(anonymous_9)
FN:98,(anonymous_10)
FN:107,(anonymous_11)
FN:117,(anonymous_12)
FN:126,(anonymous_13)
FN:130,(anonymous_14)
FN:135,(anonymous_15)
FN:150,(anonymous_16)
FN:159,(anonymous_17)
FN:166,(anonymous_18)
FN:170,(anonymous_19)
FNF:19
FNH:3
FNDA:0,(anonymous_1)
FNDA:0,(anonymous_2)
FNDA:0,(anonymous_3)
FNDA:0,(anonymous_4)
FNDA:0,(anonymous_5)
FNDA:0,(anonymous_6)
FNDA:0,(anonymous_7)
FNDA:0,(anonymous_8)
FNDA:0,(anonymous_9)
FNDA:0,(anonymous_10)
FNDA:0,(anonymous_11)
FNDA:0,(anonymous_12)
FNDA:0,(anonymous_13)
FNDA:0,(anonymous_14)
FNDA:0,(anonymous_15)
FNDA:0,(anonymous_16)
FNDA:56,(anonymous_17)
FNDA:195,(anonymous_18)
FNDA:1,(anonymous_19)
DA:23,1
DA:24,1
DA:25,1
DA:27,1
DA:28,1
DA:29,1
DA:30,1
DA:31,1
DA:33,1
DA:35,0
DA:36,0
DA:39,0
DA:43,1
DA:44,0
DA:47,1
DA:52,0
DA:53,0
DA:57,0
DA:58,0
DA:62,0
DA:63,0
DA:64,0
DA:70,1
DA:72,0
DA:73,0
DA:76,0
DA:80,1
DA:81,0
DA:82,0
DA:85,1
DA:90,0
DA:94,0
DA:95,0
DA:99,0
DA:100,0
DA:101,0
DA:102,0
DA:107,1
DA:109,0
DA:110,0
DA:113,0
DA:117,1
DA:118,0
DA:119,0
DA:122,1
DA:127,0
DA:131,0
DA:132,0
DA:136,0
DA:137,0
DA:139,0
DA:140,0
DA:150,1
DA:151,0
DA:159,1
DA:160,56
DA:163,1
DA:164,1
DA:165,1
DA:166,1
DA:167,195
DA:169,1
DA:170,1
DA:171,1
DA:172,1
DA:174,1
DA:175,1
LF:67
LH:31
BRDA:35,1,0,0
BRDA:35,1,1,0
BRDA:72,2,0,0
BRDA:72,2,1,0
BRDA:109,3,0,0
BRDA:109,3,1,0
BRF:6
BRH:0
end_of_record
TN:
SF:/home/mahendra/dev/projects/hyperledger/fabric-sdk-node/node_modules/fabric-client/lib/msp/msp-manager.js
FN:42,(anonymous_1)
FN:55,(anonymous_2)
FN:123,(anonymous_3)
FN:134,(anonymous_4)
FN:141,(anonymous_5)
FN:151,(anonymous_6)
FNF:6
FNH:5
FNDA:50,(anonymous_1)
FNDA:17,(anonymous_2)
FNDA:0,(anonymous_3)
FNDA:25,(anonymous_4)
FNDA:1,(anonymous_5)
FNDA:1,(anonymous_6)
DA:19,1
DA:20,1
DA:21,1
DA:23,1
DA:24,1
DA:25,1
DA:26,1
DA:28,1
DA:29,1
DA:31,1
DA:32,1
DA:41,1
DA:43,50
DA:56,17
DA:57,17
DA:58,17
DA:59,1
DA:61,16
DA:62,38
DA:63,1
DA:65,37
DA:66,2
DA:68,35
DA:70,35
DA:71,0
DA:76,35
DA:77,0
DA:81,35
DA:82,35
DA:85,35
DA:86,35
DA:87,35
DA:88,0
DA:89,0
DA:90,0
DA:91,0
DA:94,35
DA:102,35
DA:104,35
DA:124,0
DA:125,0
DA:126,0
DA:127,0
DA:128,0
DA:135,25
DA:142,1
DA:152,1
DA:153,1
DA:154,1
DA:156,1
DA:157,0
DA:159,1
DA:163,1
LF:53
LH:41
BRDA:58,1,0,1
BRDA:58,1,1,16
BRDA:58,2,0,17
BRDA:58,2,1,17
BRDA:62,3,0,1
BRDA:62,3,1,37
BRDA:62,4,0,38
BRDA:62,4,1,37
BRDA:65,5,0,2
BRDA:65,5,1,35
BRDA:65,6,0,37
BRDA:65,6,1,36
BRDA:70,7,0,0
BRDA:70,7,1,35
BRDA:76,8,0,0
BRDA:76,8,1,35
BRDA:87,9,0,35
BRDA:87,9,1,0
BRDA:124,10,0,0
BRDA:124,10,1,0
BRDA:156,11,0,0
BRDA:156,11,1,1
BRF:22
BRH:16
end_of_record
TN:
SF:/home/mahendra/dev/projects/hyperledger/fabric-sdk-node/node_modules/fabric-client/lib/msp/msp.js
FN:37,(anonymous_1)
FN:68,(anonymous_2)
FN:76,(anonymous_3)
FN:84,(anonymous_4)
FN:93,(anonymous_5)
FN:101,(anonymous_6)
FN:108,(anonymous_7)
FN:137,(anonymous_8)
FN:166,(anonymous_9)
FNF:9
FNH:4
FNDA:43,(anonymous_1)
FNDA:47,(anonymous_2)
FNDA:2,(anonymous_3)
FNDA:0,(anonymous_4)
FNDA:0,(anonymous_5)
FNDA:0,(anonymous_6)
FNDA:0,(anonymous_7)
FNDA:3,(anonymous_8)
FNDA:0,(anonymous_9)
DA:3,1
DA:4,1
DA:5,1
DA:6,1
DA:7,1
DA:8,1
DA:10,1
DA:11,1
DA:12,1
DA:22,1
DA:38,43
DA:39,43
DA:40,1
DA:42,42
DA:43,1
DA:45,41
DA:46,1
DA:48,40
DA:50,1
DA:51,1
DA:55,39
DA:56,39
DA:57,39
DA:58,39
DA:59,39
DA:60,39
DA:61,39
DA:69,47
DA:77,2
DA:85,0
DA:94,0
DA:102,0
DA:109,0
DA:110,0
DA:111,0
DA:112,0
DA:113,0
DA:114,0
DA:115,0
DA:117,0
DA:118,0
DA:120,0
DA:122,0
DA:124,0
DA:125,0
DA:138,3
DA:139,3
DA:142,3
DA:143,1
DA:145,3
DA:146,3
DA:147,3
DA:148,3
DA:149,1
DA:150,1
DA:151,1
DA:154,2
DA:156,2
DA:167,0
DA:172,1
LF:60
LH:43
BRDA:39,1,0,1
BRDA:39,1,1,42
BRDA:42,2,0,1
BRDA:42,2,1,41
BRDA:45,3,0,1
BRDA:45,3,1,40
BRDA:48,4,0,1
BRDA:48,4,1,39
BRDA:50,5,0,1
BRDA:50,5,1,0
BRDA:114,6,0,0
BRDA:114,6,1,0
BRDA:117,7,0,0
BRDA:117,7,1,0
BRDA:120,8,0,0
BRDA:120,8,1,0
BRDA:142,9,0,1
BRDA:142,9,1,2
BRDA:148,10,0,1
BRDA:148,10,1,2
BRF:20
BRH:13
end_of_record
TN:
SF:/home/mahendra/dev/projects/hyperledger/fabric-sdk-node/node_modules/fabric-client/lib/Policy.js
FN:74,(anonymous_1)
FN:147,buildPrincipal
FN:179,getIdentityType
FN:200,getPolicyType
FN:216,parsePolicy
FNF:5
FNH:5
FNDA:22,(anonymous_1)
FNDA:29,buildPrincipal
FNDA:29,getIdentityType
FNDA:48,getPolicyType
FNDA:48,parsePolicy
DA:19,1
DA:20,1
DA:22,1
DA:23,1
DA:25,1
DA:63,1
DA:75,22
DA:78,6
DA:79,6
DA:80,6
DA:81,14
DA:82,14
DA:83,14
DA:85,14
DA:86,14
DA:87,14
DA:89,14
DA:91,14
DA:93,14
DA:94,14
DA:95,14
DA:99,6
DA:100,1
DA:104,5
DA:105,5
DA:106,5
DA:108,5
DA:109,5
DA:111,5
DA:112,5
DA:113,5
DA:114,5
DA:116,5
DA:119,16
DA:120,1
DA:121,15
DA:122,1
DA:125,14
DA:126,1
DA:129,13
DA:130,13
DA:131,29
DA:132,25
DA:135,9
DA:137,8
DA:138,8
DA:139,8
DA:140,8
DA:142,8
DA:147,1
DA:148,29
DA:149,28
DA:151,28
DA:153,26
DA:155,26
DA:156,26
DA:157,1
DA:160,25
DA:161,25
DA:162,0
DA:165,25
DA:166,25
DA:167,25
DA:169,25
DA:170,25
DA:173,2
DA:176,25
DA:179,1
DA:180,29
DA:181,29
DA:182,30
DA:183,30
DA:184,28
DA:186,2
DA:191,1
DA:200,1
DA:201,48
DA:202,48
DA:203,48
DA:205,48
DA:206,47
DA:208,1
DA:213,1
DA:216,1
DA:217,48
DA:218,47
DA:219,28
DA:220,28
DA:221,28
DA:223,19
DA:224,19
DA:226,19
DA:227,19
DA:229,19
DA:230,19
DA:231,39
DA:232,39
DA:235,19
DA:237,19
DA:238,19
DA:240,19
DA:244,1
DA:245,1
LF:103
LH:102
BRDA:75,1,0,6
BRDA:75,1,1,16
BRDA:75,2,0,22
BRDA:75,2,1,16
BRDA:81,3,0,14
BRDA:81,3,1,0
BRDA:99,4,0,1
BRDA:99,4,1,5
BRDA:119,5,0,1
BRDA:119,5,1,15
BRDA:119,6,0,16
BRDA:119,6,1,16
BRDA:119,6,2,15
BRDA:119,6,3,15
BRDA:121,7,0,1
BRDA:121,7,1,14
BRDA:125,8,0,1
BRDA:125,8,1,13
BRDA:125,9,0,14
BRDA:125,9,1,13
BRDA:125,9,2,13
BRDA:125,9,3,13
BRDA:151,10,0,26
BRDA:151,10,1,1
BRDA:151,10,2,2
BRDA:156,11,0,1
BRDA:156,11,1,25
BRDA:156,12,0,26
BRDA:156,12,1,9
BRDA:161,13,0,0
BRDA:161,13,1,25
BRDA:161,14,0,25
BRDA:161,14,1,25
BRDA:161,14,2,25
BRDA:166,15,0,17
BRDA:166,15,1,8
BRDA:182,16,0,30
BRDA:182,16,1,0
BRDA:183,17,0,28
BRDA:183,17,1,2
BRDA:183,18,0,30
BRDA:183,18,1,4
BRDA:183,18,2,3
BRDA:203,19,0,48
BRDA:203,19,1,0
BRDA:205,20,0,47
BRDA:205,20,1,1
BRDA:205,21,0,48
BRDA:205,21,1,20
BRDA:218,22,0,28
BRDA:218,22,1,19
BRF:51
BRH:47
end_of_record
TN:
SF:/home/mahendra/dev/projects/hyperledger/fabric-sdk-node/node_modules/fabric-client/lib/Constants.js
FNF:0
FNH:0
DA:19,1
DA:20,1
DA:21,1
DA:22,1
LF:4
LH:4
BRF:0
BRH:0
end_of_record
TN:
SF:/home/mahendra/dev/projects/hyperledger/fabric-sdk-node/node_modules/fabric-client/lib/Packager.js
FN:33,(anonymous_1)
FN:35,(anonymous_2)
FNF:2
FNH:2
FNDA:14,(anonymous_1)
FNDA:14,(anonymous_2)
DA:17,1
DA:18,1
DA:19,1
DA:21,1
DA:33,1
DA:34,14
DA:35,14
DA:36,14
DA:37,1
DA:38,1
DA:41,13
DA:43,2
DA:46,11
DA:47,11
DA:49,11
DA:51,11
DA:53,0
DA:54,0
DA:56,11
DA:59,11
LF:20
LH:18
BRDA:36,1,0,1
BRDA:36,1,1,13
BRDA:41,2,0,2
BRDA:41,2,1,11
BRDA:41,3,0,13
BRDA:41,3,1,11
BRDA:41,3,2,11
BRDA:46,4,0,0
BRDA:46,4,1,11
BRDA:51,5,0,0
BRDA:51,5,1,11
BRF:11
BRH:9
end_of_record
TN:
SF:/home/mahendra/dev/projects/hyperledger/fabric-sdk-node/node_modules/fabric-client/lib/packager/Golang.js
FN:44,(anonymous_1)
FN:77,isSource
FN:89,findSource
FN:119,packEntry
FN:151,generateTarGz
FNF:5
FNH:5
FNDA:11,(anonymous_1)
FNDA:14,isSource
FNDA:11,findSource
FNDA:13,packEntry
FNDA:11,generateTarGz
DA:17,1
DA:18,1
DA:19,1
DA:20,1
DA:21,1
DA:22,1
DA:23,1
DA:24,1
DA:26,1
DA:31,1
DA:44,1
DA:45,11
DA:48,11
DA:51,11
DA:58,11
DA:60,11
DA:62,11
DA:65,11
DA:77,1
DA:78,14
DA:89,1
DA:90,11
DA:91,11
DA:92,11
DA:95,25
DA:97,13
DA:102,13
DA:103,13
DA:108,11
DA:119,1
DA:120,13
DA:122,13
DA:123,13
DA:124,0
DA:127,13
DA:128,13
DA:136,13
DA:137,13
DA:138,0
DA:140,13
DA:151,1
DA:152,11
DA:153,11
DA:156,11
DA:160,11
DA:163,0
DA:169,11
DA:170,11
DA:171,13
DA:172,13
DA:178,11
DA:180,11
DA:183,0
LF:53
LH:49
BRDA:95,1,0,13
BRDA:95,1,1,12
BRDA:95,2,0,25
BRDA:95,2,1,14
BRDA:123,3,0,0
BRDA:123,3,1,13
BRDA:137,4,0,0
BRDA:137,4,1,13
BRF:8
BRH:6
end_of_record
TN:
SF:/home/mahendra/dev/projects/hyperledger/fabric-sdk-node/node_modules/fabric-client/lib/packager/Car.js
FN:21,(anonymous_1)
FNF:1
FNH:0
FNDA:0,(anonymous_1)
DA:17,1
DA:19,1
DA:21,1
DA:22,0
DA:23,0
LF:5
LH:3
BRF:0
BRH:0
end_of_record
TN:
SF:/home/mahendra/dev/projects/hyperledger/fabric-sdk-node/node_modules/fabric-client/lib/EventHub.js
FN:59,(anonymous_1)
FN:125,(anonymous_2)
FN:175,(anonymous_3)
FN:185,(anonymous_4)
FN:198,(anonymous_5)
FN:209,(anonymous_6)
FN:221,(anonymous_7)
FN:238,(anonymous_8)
FN:258,(anonymous_9)
FN:289,(anonymous_10)
FN:304,(anonymous_11)
FN:333,(anonymous_12)
FN:342,(anonymous_13)
FN:359,(anonymous_14)
FN:384,(anonymous_15)
FN:387,(anonymous_16)
FN:406,(anonymous_17)
FN:408,(anonymous_18)
FN:425,(anonymous_19)
FN:494,(anonymous_20)
FN:532,(anonymous_21)
FN:568,(anonymous_22)
FN:597,(anonymous_23)
FN:625,(anonymous_24)
FN:652,(anonymous_25)
FN:665,(anonymous_26)
FN:674,(anonymous_27)
FN:684,(anonymous_28)
FN:710,(anonymous_29)
FN:734,(anonymous_30)
FN:747,convertValidationCode
FNF:31
FNH:28
FNDA:6,(anonymous_1)
FNDA:29,(anonymous_2)
FNDA:29,(anonymous_3)
FNDA:6,(anonymous_4)
FNDA:17,(anonymous_5)
FNDA:14,(anonymous_6)
FNDA:16,(anonymous_7)
FNDA:0,(anonymous_8)
FNDA:26,(anonymous_9)
FNDA:11,(anonymous_10)
FNDA:2,(anonymous_11)
FNDA:23,(anonymous_12)
FNDA:64,(anonymous_13)
FNDA:26,(anonymous_14)
FNDA:64,(anonymous_15)
FNDA:128,(anonymous_16)
FNDA:3,(anonymous_17)
FNDA:4,(anonymous_18)
FNDA:43,(anonymous_19)
FNDA:11,(anonymous_20)
FNDA:3,(anonymous_21)
FNDA:13,(anonymous_22)
FNDA:3,(anonymous_23)
FNDA:12,(anonymous_24)
FNDA:4,(anonymous_25)
FNDA:4,(anonymous_26)
FNDA:4,(anonymous_27)
FNDA:4,(anonymous_28)
FNDA:4,(anonymous_29)
FNDA:0,(anonymous_30)
FNDA:0,convertValidationCode
DA:19,1
DA:20,1
DA:21,1
DA:22,1
DA:23,1
DA:25,1
DA:26,1
DA:27,1
DA:28,1
DA:29,1
DA:30,1
DA:31,1
DA:33,1
DA:34,1
DA:35,1
DA:36,25
DA:37,25
DA:40,1
DA:41,1
DA:42,1
DA:43,7
DA:44,7
DA:50,1
DA:61,6
DA:63,6
DA:65,6
DA:67,6
DA:115,1
DA:126,29
DA:128,29
DA:130,29
DA:131,29
DA:132,29
DA:134,29
DA:135,29
DA:137,29
DA:139,29
DA:141,29
DA:143,29
DA:144,29
DA:146,29
DA:148,29
DA:150,29
DA:151,1
DA:153,28
DA:154,1
DA:156,27
DA:157,2
DA:159,25
DA:176,29
DA:178,29
DA:179,29
DA:186,6
DA:187,6
DA:188,6
DA:191,6
DA:199,17
DA:210,14
DA:211,14
DA:212,14
DA:222,16
DA:223,2
DA:224,2
DA:226,14
DA:227,0
DA:228,0
DA:230,14
DA:232,13
DA:233,13
DA:234,13
DA:235,13
DA:236,13
DA:238,13
DA:239,0
DA:240,0
DA:241,0
DA:246,13
DA:247,13
DA:249,13
DA:250,13
DA:251,13
DA:252,13
DA:254,13
DA:255,13
DA:256,13
DA:258,13
DA:259,26
DA:260,26
DA:261,26
DA:262,26
DA:263,0
DA:264,0
DA:267,26
DA:268,26
DA:269,26
DA:270,26
DA:271,4
DA:272,4
DA:273,4
DA:274,4
DA:276,22
DA:277,11
DA:278,11
DA:280,11
DA:281,11
DA:282,11
DA:285,0
DA:289,13
DA:290,11
DA:291,11
DA:292,11
DA:293,11
DA:294,0
DA:295,0
DA:298,11
DA:299,11
DA:300,11
DA:301,11
DA:304,13
DA:305,2
DA:306,2
DA:307,2
DA:308,2
DA:309,1
DA:310,1
DA:313,1
DA:314,1
DA:315,1
DA:316,1
DA:317,1
DA:320,0
DA:324,13
DA:325,13
DA:334,23
DA:343,64
DA:344,64
DA:345,64
DA:346,64
DA:347,13
DA:348,13
DA:349,13
DA:350,13
DA:360,26
DA:361,26
DA:362,26
DA:363,26
DA:365,26
DA:366,13
DA:369,13
DA:372,26
DA:373,26
DA:374,26
DA:375,26
DA:376,26
DA:385,64
DA:387,64
DA:388,128
DA:389,6
DA:390,6
DA:391,6
DA:395,64
DA:396,64
DA:397,64
DA:398,64
DA:400,64
DA:401,64
DA:402,64
DA:403,64
DA:405,64
DA:406,64
DA:407,3
DA:408,3
DA:409,4
DA:410,4
DA:411,3
DA:416,64
DA:417,64
DA:418,64
DA:426,43
DA:427,43
DA:428,43
DA:429,11
DA:431,43
DA:432,39
DA:435,4
DA:436,4
DA:437,4
DA:441,39
DA:442,2
DA:443,2
DA:444,2
DA:445,2
DA:446,2
DA:447,0
DA:448,0
DA:450,2
DA:451,2
DA:452,2
DA:454,2
DA:458,0
DA:460,0
DA:464,0
DA:465,0
DA:466,0
DA:467,0
DA:495,11
DA:496,11
DA:497,1
DA:499,10
DA:500,1
DA:502,9
DA:503,1
DA:505,8
DA:508,8
DA:510,6
DA:511,6
DA:512,6
DA:513,5
DA:514,5
DA:516,6
DA:520,6
DA:521,4
DA:524,6
DA:533,3
DA:534,3
DA:535,1
DA:537,2
DA:538,2
DA:539,0
DA:540,0
DA:542,2
DA:543,2
DA:544,2
DA:569,13
DA:570,13
DA:571,1
DA:573,12
DA:576,12
DA:578,11
DA:579,11
DA:583,11
DA:584,5
DA:585,5
DA:588,11
DA:598,3
DA:599,3
DA:600,1
DA:602,2
DA:603,2
DA:626,12
DA:627,12
DA:628,1
DA:630,11
DA:631,1
DA:633,10
DA:636,10
DA:638,9
DA:642,9
DA:643,4
DA:644,4
DA:653,4
DA:654,4
DA:655,1
DA:657,3
DA:658,3
DA:666,4
DA:667,4
DA:668,0
DA:669,0
DA:673,4
DA:674,4
DA:675,4
DA:676,4
DA:685,4
DA:686,4
DA:687,4
DA:688,4
DA:691,0
DA:693,0
DA:694,0
DA:695,0
DA:696,0
DA:697,0
DA:698,0
DA:699,0
DA:700,0
DA:701,0
DA:711,4
DA:712,4
DA:713,4
DA:714,4
DA:717,0
DA:718,0
DA:719,0
DA:720,0
DA:721,0
DA:722,0
DA:723,0
DA:724,0
DA:725,0
DA:726,0
DA:727,0
DA:728,0
DA:729,0
DA:730,0
DA:731,0
DA:732,0
DA:734,0
DA:735,0
DA:736,0
DA:741,0
DA:747,1
DA:748,0
DA:751,1
LF:314
LH:260
BRDA:150,1,0,1
BRDA:150,1,1,28
BRDA:150,2,0,29
BRDA:150,2,1,28
BRDA:150,2,2,28
BRDA:153,3,0,1
BRDA:153,3,1,27
BRDA:156,4,0,2
BRDA:156,4,1,25
BRDA:156,5,0,27
BRDA:156,5,1,26
BRDA:187,6,0,6
BRDA:187,6,1,0
BRDA:222,7,0,2
BRDA:222,7,1,14
BRDA:226,8,0,0
BRDA:226,8,1,14
BRDA:226,9,0,14
BRDA:226,9,1,14
BRDA:230,10,0,1
BRDA:230,10,1,13
BRDA:262,11,0,0
BRDA:262,11,1,26
BRDA:268,12,0,15
BRDA:268,12,1,11
BRDA:270,13,0,4
BRDA:270,13,1,22
BRDA:276,14,0,11
BRDA:276,14,1,11
BRDA:280,15,0,11
BRDA:280,15,1,0
BRDA:281,16,0,0
BRDA:281,16,1,11
BRDA:293,17,0,0
BRDA:293,17,1,11
BRDA:299,18,0,0
BRDA:299,18,1,11
BRDA:308,19,0,1
BRDA:308,19,1,1
BRDA:314,20,0,1
BRDA:314,20,1,0
BRDA:316,21,0,1
BRDA:316,21,1,0
BRDA:346,22,0,13
BRDA:346,22,1,51
BRDA:365,23,0,13
BRDA:365,23,1,13
BRDA:410,24,0,3
BRDA:410,24,1,1
BRDA:428,25,0,11
BRDA:428,25,1,32
BRDA:431,26,0,39
BRDA:431,26,1,4
BRDA:431,27,0,43
BRDA:431,27,1,12
BRDA:436,28,0,4
BRDA:436,28,1,0
BRDA:436,29,0,4
BRDA:436,29,1,4
BRDA:441,30,0,2
BRDA:441,30,1,37
BRDA:443,31,0,2
BRDA:443,31,1,0
BRDA:446,32,0,0
BRDA:446,32,1,2
BRDA:452,33,0,2
BRDA:452,33,1,0
BRDA:464,34,0,0
BRDA:464,34,1,0
BRDA:496,35,0,1
BRDA:496,35,1,10
BRDA:499,36,0,1
BRDA:499,36,1,9
BRDA:502,37,0,1
BRDA:502,37,1,8
BRDA:505,38,0,4
BRDA:505,38,1,4
BRDA:512,39,0,5
BRDA:512,39,1,1
BRDA:520,40,0,4
BRDA:520,40,1,2
BRDA:534,41,0,1
BRDA:534,41,1,2
BRDA:538,42,0,0
BRDA:538,42,1,2
BRDA:543,43,0,2
BRDA:543,43,1,0
BRDA:570,44,0,1
BRDA:570,44,1,12
BRDA:573,45,0,5
BRDA:573,45,1,7
BRDA:583,46,0,5
BRDA:583,46,1,6
BRDA:599,47,0,1
BRDA:599,47,1,2
BRDA:627,48,0,1
BRDA:627,48,1,11
BRDA:630,49,0,1
BRDA:630,49,1,10
BRDA:633,50,0,4
BRDA:633,50,1,6
BRDA:642,51,0,4
BRDA:642,51,1,5
BRDA:654,52,0,1
BRDA:654,52,1,3
BRDA:667,53,0,0
BRDA:667,53,1,4
BRDA:686,54,0,4
BRDA:686,54,1,0
BRDA:699,55,0,0
BRDA:699,55,1,0
BRDA:712,56,0,4
BRDA:712,56,1,0
BRDA:723,57,0,0
BRDA:723,57,1,0
BRDA:731,58,0,0
BRDA:731,58,1,0
BRDA:735,59,0,0
BRDA:735,59,1,0
BRF:119
BRH:91
end_of_record
TN:
SF:/home/mahendra/dev/projects/hyperledger/fabric-sdk-node/node_modules/fabric-ca-client/lib/FabricCAClientImpl.js
FN:61,(anonymous_1)
FN:98,(anonymous_2)
FN:125,(anonymous_3)
FN:128,(anonymous_4)
FN:155,(anonymous_5)
FN:161,(anonymous_6)
FN:168,(anonymous_7)
FN:177,(anonymous_8)
FN:191,(anonymous_9)
FN:223,(anonymous_10)
FN:227,(anonymous_11)
FN:233,(anonymous_12)
FN:240,(anonymous_13)
FN:249,(anonymous_14)
FN:271,(anonymous_15)
FN:306,(anonymous_16)
FN:340,(anonymous_17)
FN:352,(anonymous_18)
FN:391,(anonymous_19)
FN:448,(anonymous_20)
FN:458,(anonymous_21)
FN:472,(anonymous_22)
FN:474,(anonymous_23)
FN:494,(anonymous_24)
FN:505,(anonymous_25)
FN:515,(anonymous_26)
FN:517,(anonymous_27)
FN:529,(anonymous_28)
FN:539,(anonymous_29)
FN:546,(anonymous_30)
FN:548,(anonymous_31)
FN:554,(anonymous_32)
FN:558,(anonymous_33)
FN:571,(anonymous_34)
FN:574,(anonymous_35)
FN:578,(anonymous_36)
FN:605,(anonymous_37)
FN:617,(anonymous_38)
FN:647,(anonymous_39)
FN:652,(anonymous_40)
FN:673,(anonymous_41)
FN:676,(anonymous_42)
FN:680,(anonymous_43)
FN:711,(anonymous_44)
FN:728,(anonymous_45)
FN:751,(anonymous_46)
FN:776,checkRegistrar
FNF:47
FNH:42
FNDA:18,(anonymous_1)
FNDA:12,(anonymous_2)
FNDA:15,(anonymous_3)
FNDA:15,(anonymous_4)
FNDA:12,(anonymous_5)
FNDA:12,(anonymous_6)
FNDA:0,(anonymous_7)
FNDA:0,(anonymous_8)
FNDA:6,(anonymous_9)
FNDA:2,(anonymous_10)
FNDA:2,(anonymous_11)
FNDA:1,(anonymous_12)
FNDA:1,(anonymous_13)
FNDA:0,(anonymous_14)
FNDA:8,(anonymous_15)
FNDA:27,(anonymous_16)
FNDA:3,(anonymous_17)
FNDA:9,(anonymous_18)
FNDA:33,(anonymous_19)
FNDA:9,(anonymous_20)
FNDA:8,(anonymous_21)
FNDA:5,(anonymous_22)
FNDA:3,(anonymous_23)
FNDA:4,(anonymous_24)
FNDA:3,(anonymous_25)
FNDA:2,(anonymous_26)
FNDA:1,(anonymous_27)
FNDA:2,(anonymous_28)
FNDA:2,(anonymous_29)
FNDA:1,(anonymous_30)
FNDA:1,(anonymous_31)
FNDA:13,(anonymous_32)
FNDA:13,(anonymous_33)
FNDA:10,(anonymous_34)
FNDA:11,(anonymous_35)
FNDA:10,(anonymous_36)
FNDA:0,(anonymous_37)
FNDA:13,(anonymous_38)
FNDA:14,(anonymous_39)
FNDA:14,(anonymous_40)
FNDA:13,(anonymous_41)
FNDA:26,(anonymous_42)
FNDA:13,(anonymous_43)
FNDA:0,(anonymous_44)
FNDA:2,(anonymous_45)
FNDA:33,(anonymous_46)
FNDA:13,checkRegistrar
DA:19,1
DA:20,1
DA:21,1
DA:22,1
DA:23,1
DA:24,1
DA:25,1
DA:26,1
DA:27,1
DA:29,1
DA:42,1
DA:62,18
DA:64,18
DA:66,18
DA:67,11
DA:69,7
DA:70,7
DA:73,18
DA:81,18
DA:99,12
DA:100,1
DA:103,11
DA:104,2
DA:107,9
DA:109,9
DA:112,9
DA:114,7
DA:126,15
DA:128,15
DA:129,15
DA:130,1
DA:131,1
DA:133,14
DA:134,1
DA:135,1
DA:138,13
DA:139,1
DA:140,1
DA:143,12
DA:144,12
DA:147,12
DA:148,12
DA:149,12
DA:151,0
DA:153,12
DA:157,12
DA:158,12
DA:159,12
DA:162,12
DA:169,0
DA:174,0
DA:178,0
DA:192,6
DA:193,1
DA:194,1
DA:197,5
DA:198,1
DA:199,1
DA:202,4
DA:203,1
DA:204,1
DA:207,3
DA:208,3
DA:209,3
DA:210,3
DA:212,0
DA:215,3
DA:216,0
DA:218,3
DA:219,1
DA:221,2
DA:223,2
DA:225,2
DA:229,2
DA:230,2
DA:231,2
DA:234,1
DA:241,1
DA:246,0
DA:250,0
DA:272,8
DA:273,1
DA:276,7
DA:277,5
DA:278,3
DA:282,4
DA:284,3
DA:308,27
DA:310,27
DA:312,27
DA:313,26
DA:314,13
DA:315,3
DA:318,23
DA:319,23
DA:320,22
DA:322,22
DA:323,21
DA:327,1
DA:331,1
DA:334,22
DA:341,3
DA:353,9
DA:354,9
DA:355,9
DA:356,0
DA:360,9
DA:362,9
DA:363,27
DA:367,9
DA:376,1
DA:394,33
DA:395,33
DA:397,4
DA:400,29
DA:402,29
DA:403,29
DA:404,26
DA:406,3
DA:408,29
DA:409,13
DA:414,16
DA:415,16
DA:416,1
DA:418,16
DA:419,1
DA:422,29
DA:424,29
DA:426,29
DA:450,9
DA:451,9
DA:453,9
DA:454,1
DA:458,8
DA:459,8
DA:467,8
DA:468,1
DA:471,8
DA:473,5
DA:475,3
DA:496,4
DA:497,4
DA:500,4
DA:501,1
DA:505,3
DA:507,3
DA:514,3
DA:516,2
DA:518,1
DA:531,2
DA:532,2
DA:535,2
DA:536,0
DA:539,2
DA:541,2
DA:545,2
DA:547,1
DA:549,1
DA:555,13
DA:557,13
DA:558,13
DA:559,13
DA:571,10
DA:573,10
DA:574,10
DA:575,11
DA:578,10
DA:580,10
DA:582,10
DA:583,0
DA:587,10
DA:588,10
DA:589,10
DA:590,10
DA:591,8
DA:593,2
DA:598,0
DA:605,10
DA:606,0
DA:609,10
DA:610,10
DA:620,13
DA:621,11
DA:623,11
DA:624,11
DA:625,10
DA:627,10
DA:628,10
DA:649,14
DA:650,14
DA:652,14
DA:654,14
DA:655,1
DA:658,13
DA:668,13
DA:673,13
DA:675,13
DA:676,13
DA:677,26
DA:680,13
DA:682,13
DA:684,13
DA:685,0
DA:689,13
DA:690,13
DA:691,13
DA:693,13
DA:695,13
DA:696,13
DA:697,13
DA:699,0
DA:704,0
DA:711,13
DA:712,0
DA:715,13
DA:716,13
DA:733,2
DA:735,2
DA:737,1
DA:739,1
DA:740,1
DA:742,1
DA:743,1
DA:753,33
DA:754,1
DA:757,32
DA:758,20
DA:759,1
DA:763,31
DA:764,1
DA:767,30
DA:768,27
DA:769,1
DA:776,1
DA:777,13
DA:778,1
DA:781,12
DA:782,2
DA:786,1
DA:787,1
LF:240
LH:223
BRDA:66,1,0,11
BRDA:66,1,1,7
BRDA:99,2,0,1
BRDA:99,2,1,11
BRDA:99,3,0,12
BRDA:99,3,1,11
BRDA:103,4,0,2
BRDA:103,4,1,9
BRDA:103,5,0,11
BRDA:103,5,1,9
BRDA:107,6,0,9
BRDA:107,6,1,0
BRDA:107,7,0,9
BRDA:107,7,1,1
BRDA:129,8,0,1
BRDA:129,8,1,14
BRDA:129,9,0,15
BRDA:129,9,1,14
BRDA:133,10,0,1
BRDA:133,10,1,13
BRDA:138,11,0,1
BRDA:138,11,1,12
BRDA:148,12,0,12
BRDA:148,12,1,0
BRDA:192,13,0,1
BRDA:192,13,1,5
BRDA:197,14,0,1
BRDA:197,14,1,4
BRDA:202,15,0,1
BRDA:202,15,1,3
BRDA:215,16,0,0
BRDA:215,16,1,3
BRDA:215,17,0,3
BRDA:215,17,1,3
BRDA:218,18,0,1
BRDA:218,18,1,2
BRDA:272,19,0,1
BRDA:272,19,1,7
BRDA:272,20,0,8
BRDA:272,20,1,7
BRDA:276,21,0,5
BRDA:276,21,1,2
BRDA:276,22,0,7
BRDA:276,22,1,2
BRDA:277,23,0,3
BRDA:277,23,1,2
BRDA:277,24,0,5
BRDA:277,24,1,4
BRDA:277,24,2,3
BRDA:277,24,3,3
BRDA:288,25,0,0
BRDA:288,25,1,3
BRDA:312,26,0,26
BRDA:312,26,1,1
BRDA:312,27,0,27
BRDA:312,27,1,27
BRDA:313,28,0,13
BRDA:313,28,1,13
BRDA:314,29,0,3
BRDA:314,29,1,10
BRDA:319,30,0,22
BRDA:319,30,1,1
BRDA:322,31,0,21
BRDA:322,31,1,1
BRDA:355,32,0,0
BRDA:355,32,1,9
BRDA:401,33,0,12
BRDA:401,33,1,17
BRDA:403,34,0,26
BRDA:403,34,1,3
BRDA:408,35,0,13
BRDA:408,35,1,16
BRDA:408,36,0,29
BRDA:408,36,1,16
BRDA:415,37,0,1
BRDA:415,37,1,15
BRDA:418,38,0,1
BRDA:418,38,1,15
BRDA:453,39,0,1
BRDA:453,39,1,8
BRDA:461,40,0,3
BRDA:461,40,1,5
BRDA:467,41,0,1
BRDA:467,41,1,7
BRDA:467,42,0,8
BRDA:467,42,1,1
BRDA:500,43,0,1
BRDA:500,43,1,3
BRDA:535,44,0,0
BRDA:535,44,1,2
BRDA:582,45,0,0
BRDA:582,45,1,10
BRDA:590,46,0,8
BRDA:590,46,1,2
BRDA:594,47,0,2
BRDA:594,47,1,0
BRDA:594,48,0,2
BRDA:594,48,1,2
BRDA:654,49,0,1
BRDA:654,49,1,13
BRDA:684,50,0,0
BRDA:684,50,1,13
BRDA:691,51,0,13
BRDA:691,51,1,0
BRDA:735,52,0,1
BRDA:735,52,1,1
BRDA:735,53,0,2
BRDA:735,53,1,1
BRDA:753,54,0,1
BRDA:753,54,1,32
BRDA:757,55,0,20
BRDA:757,55,1,12
BRDA:758,56,0,1
BRDA:758,56,1,19
BRDA:763,57,0,1
BRDA:763,57,1,30
BRDA:767,58,0,27
BRDA:767,58,1,3
BRDA:768,59,0,1
BRDA:768,59,1,26
BRDA:777,60,0,1
BRDA:777,60,1,12
BRDA:777,61,0,13
BRDA:777,61,1,12
BRDA:781,62,0,2
BRDA:781,62,1,10
BRF:126
BRH:116
end_of_record
TN:
SF:/home/mahendra/dev/projects/hyperledger/fabric-sdk-node/node_modules/fabric-client/lib/impl/CryptoSuite_ECDSA_AES.js
FN:51,(anonymous_1)
FN:79,(anonymous_2)
FN:83,(anonymous_3)
FN:132,(anonymous_4)
FN:166,(anonymous_5)
FN:173,(anonymous_6)
FN:241,(anonymous_7)
FN:271,(anonymous_8)
FN:281,(anonymous_9)
FN:304,(anonymous_10)
FN:332,(anonymous_11)
FN:341,(anonymous_12)
FN:362,_preventMalleability
FN:379,_checkMalleability
FN:401,makeRealPem
FN:418,pemToDER
FNF:16
FNH:12
FNDA:48,(anonymous_1)
FNDA:32,(anonymous_2)
FNDA:47,(anonymous_3)
FNDA:16,(anonymous_4)
FNDA:0,(anonymous_5)
FNDA:22,(anonymous_6)
FNDA:2,(anonymous_7)
FNDA:27,(anonymous_8)
FNDA:16,(anonymous_9)
FNDA:8,(anonymous_10)
FNDA:0,(anonymous_11)
FNDA:0,(anonymous_12)
FNDA:14,_preventMalleability
FNDA:5,_checkMalleability
FNDA:21,makeRealPem
FNDA:0,pemToDER
DA:20,1
DA:22,1
DA:23,1
DA:24,1
DA:25,1
DA:26,1
DA:27,1
DA:28,1
DA:29,1
DA:31,1
DA:32,1
DA:33,1
DA:35,1
DA:43,1
DA:52,48
DA:53,48
DA:55,48
DA:56,1
DA:58,47
DA:59,0
DA:61,47
DA:63,47
DA:64,47
DA:66,47
DA:80,32
DA:84,47
DA:85,40
DA:86,40
DA:87,7
DA:88,7
DA:89,7
DA:95,47
DA:97,47
DA:99,2
DA:100,2
DA:101,2
DA:103,2
DA:104,2
DA:105,2
DA:107,37
DA:108,37
DA:109,37
DA:111,5
DA:113,5
DA:115,1
DA:118,46
DA:120,46
DA:133,16
DA:135,16
DA:136,4
DA:137,4
DA:139,12
DA:140,1
DA:143,11
DA:145,11
DA:146,11
DA:147,11
DA:149,11
DA:150,11
DA:152,11
DA:154,0
DA:167,0
DA:174,22
DA:175,22
DA:176,22
DA:177,2
DA:179,22
DA:180,1
DA:183,21
DA:192,21
DA:193,21
DA:194,21
DA:195,21
DA:196,21
DA:197,21
DA:198,21
DA:200,0
DA:203,21
DA:204,21
DA:205,21
DA:208,0
DA:211,21
DA:212,2
DA:213,0
DA:214,0
DA:216,2
DA:219,19
DA:220,0
DA:221,0
DA:223,19
DA:224,19
DA:226,19
DA:228,19
DA:230,0
DA:242,2
DA:243,2
DA:245,2
DA:246,1
DA:248,1
DA:249,1
DA:251,1
DA:252,1
DA:254,1
DA:255,1
DA:257,0
DA:258,0
DA:259,0
DA:261,0
DA:272,27
DA:282,16
DA:283,1
DA:286,15
DA:287,1
DA:292,14
DA:293,14
DA:294,14
DA:295,14
DA:296,14
DA:305,8
DA:306,1
DA:309,7
DA:310,1
DA:313,6
DA:314,1
DA:317,5
DA:318,2
DA:319,2
DA:322,3
DA:324,3
DA:333,0
DA:342,0
DA:357,1
DA:362,1
DA:363,14
DA:364,14
DA:365,0
DA:370,14
DA:372,4
DA:373,4
DA:376,14
DA:379,1
DA:380,5
DA:381,5
DA:382,0
DA:386,5
DA:387,5
DA:388,0
DA:393,5
DA:394,2
DA:397,3
DA:401,1
DA:402,21
DA:403,21
DA:404,21
DA:405,21
DA:406,21
DA:408,21
DA:418,1
DA:423,0
DA:425,0
DA:427,0
DA:429,0
DA:430,0
DA:432,0
DA:433,0
DA:437,1
LF:166
LH:140
BRDA:55,1,0,1
BRDA:55,1,1,47
BRDA:55,2,0,48
BRDA:55,2,1,8
BRDA:58,3,0,0
BRDA:58,3,1,47
BRDA:58,4,0,47
BRDA:58,4,1,0
BRDA:58,4,2,0
BRDA:84,5,0,40
BRDA:84,5,1,7
BRDA:87,6,0,7
BRDA:87,6,1,0
BRDA:97,7,0,2
BRDA:97,7,1,2
BRDA:97,7,2,37
BRDA:97,7,3,5
BRDA:97,7,4,1
BRDA:135,8,0,4
BRDA:135,8,1,12
BRDA:135,9,0,16
BRDA:135,9,1,7
BRDA:135,9,2,7
BRDA:139,10,0,1
BRDA:139,10,1,11
BRDA:176,11,0,2
BRDA:176,11,1,20
BRDA:176,12,0,22
BRDA:176,12,1,8
BRDA:176,12,2,4
BRDA:179,13,0,1
BRDA:179,13,1,21
BRDA:179,14,0,22
BRDA:179,14,1,20
BRDA:203,15,0,21
BRDA:203,15,1,0
BRDA:203,16,0,21
BRDA:203,16,1,21
BRDA:203,16,2,21
BRDA:211,17,0,2
BRDA:211,17,1,19
BRDA:212,18,0,0
BRDA:212,18,1,2
BRDA:219,19,0,0
BRDA:219,19,1,19
BRDA:245,20,0,1
BRDA:245,20,1,1
BRDA:254,21,0,1
BRDA:254,21,1,0
BRDA:257,22,0,0
BRDA:257,22,1,0
BRDA:282,23,0,1
BRDA:282,23,1,15
BRDA:282,24,0,16
BRDA:282,24,1,15
BRDA:286,25,0,1
BRDA:286,25,1,14
BRDA:286,26,0,15
BRDA:286,26,1,14
BRDA:305,27,0,1
BRDA:305,27,1,7
BRDA:305,28,0,8
BRDA:305,28,1,7
BRDA:309,29,0,1
BRDA:309,29,1,6
BRDA:309,30,0,7
BRDA:309,30,1,6
BRDA:313,31,0,1
BRDA:313,31,1,5
BRDA:313,32,0,6
BRDA:313,32,1,5
BRDA:317,33,0,2
BRDA:317,33,1,3
BRDA:364,34,0,0
BRDA:364,34,1,14
BRDA:370,35,0,4
BRDA:370,35,1,10
BRDA:381,36,0,0
BRDA:381,36,1,5
BRDA:387,37,0,0
BRDA:387,37,1,5
BRDA:387,38,0,5
BRDA:387,38,1,5
BRDA:393,39,0,2
BRDA:393,39,1,3
BRDA:403,40,0,21
BRDA:403,40,1,0
BRDA:425,41,0,0
BRDA:425,41,1,0
BRDA:425,42,0,0
BRDA:425,42,1,0
BRF:91
BRH:73
end_of_record
TN:
SF:/home/mahendra/dev/projects/hyperledger/fabric-sdk-node/node_modules/fabric-client/lib/impl/ecdsa/key.js
FN:39,(anonymous_1)
FN:64,(anonymous_2)
FN:67,(anonymous_3)
FN:92,(anonymous_4)
FN:96,(anonymous_5)
FN:103,(anonymous_6)
FN:122,(anonymous_7)
FN:142,(anonymous_8)
FN:152,(anonymous_9)
FNF:9
FNH:9
FNDA:173,(anonymous_1)
FNDA:106,(anonymous_2)
FNDA:106,(anonymous_3)
FNDA:2,(anonymous_4)
FNDA:118,(anonymous_5)
FNDA:101,(anonymous_6)
FNDA:8,(anonymous_7)
FNDA:41,(anonymous_8)
FNDA:24,(anonymous_9)
DA:19,1
DA:20,1
DA:21,1
DA:22,1
DA:23,1
DA:24,1
DA:26,1
DA:33,1
DA:40,173
DA:41,1
DA:44,172
DA:45,2
DA:49,170
DA:50,1
DA:54,169
DA:55,2
DA:58,167
DA:65,106
DA:67,106
DA:68,106
DA:69,106
DA:70,106
DA:71,106
DA:72,106
DA:73,106
DA:74,106
DA:75,106
DA:76,106
DA:77,106
DA:78,106
DA:81,106
DA:83,28
DA:85,78
DA:89,106
DA:93,2
DA:97,118
DA:98,54
DA:100,64
DA:104,101
DA:105,5
DA:107,96
DA:108,96
DA:109,96
DA:110,96
DA:111,96
DA:125,8
DA:126,1
DA:129,7
DA:130,7
DA:136,6
DA:138,1
DA:145,41
DA:146,18
DA:148,23
DA:153,24
DA:154,4
DA:157,20
DA:158,20
LF:58
LH:58
BRDA:40,1,0,1
BRDA:40,1,1,172
BRDA:40,2,0,173
BRDA:40,2,1,172
BRDA:44,3,0,2
BRDA:44,3,1,170
BRDA:44,4,0,172
BRDA:44,4,1,171
BRDA:49,5,0,1
BRDA:49,5,1,169
BRDA:54,6,0,2
BRDA:54,6,1,167
BRDA:58,7,0,0
BRDA:58,7,1,167
BRDA:81,8,0,28
BRDA:81,8,1,78
BRDA:97,9,0,54
BRDA:97,9,1,64
BRDA:97,10,0,118
BRDA:97,10,1,118
BRDA:104,11,0,5
BRDA:104,11,1,96
BRDA:125,12,0,1
BRDA:125,12,1,7
BRDA:145,13,0,18
BRDA:145,13,1,23
BRDA:153,14,0,4
BRDA:153,14,1,20
BRDA:158,15,0,20
BRDA:158,15,1,20
BRDA:158,15,2,20
BRDA:158,15,3,20
BRF:32
BRH:31
end_of_record
TN:
SF:/home/mahendra/dev/projects/hyperledger/fabric-sdk-node/node_modules/fabric-client/lib/impl/CryptoKeyStore.js
FN:34,(anonymous_1)
FN:38,(anonymous_2)
FN:65,(anonymous_3)
FN:82,(anonymous_4)
FN:100,_getKeyIndex
FNF:5
FNH:5
FNDA:70,(anonymous_1)
FNDA:23,(anonymous_2)
FNDA:131,(anonymous_3)
FNDA:70,(anonymous_4)
FNDA:158,_getKeyIndex
DA:19,1
DA:20,1
DA:22,1
DA:23,1
DA:24,1
DA:26,1
DA:33,70
DA:35,70
DA:39,23
DA:43,23
DA:45,23
DA:46,19
DA:48,19
DA:53,4
DA:55,23
DA:56,19
DA:58,4
DA:59,4
DA:60,4
DA:66,131
DA:67,131
DA:68,131
DA:70,131
DA:82,1
DA:83,70
DA:85,70
DA:86,4
DA:88,66
DA:91,70
DA:93,4
DA:96,70
DA:97,70
DA:100,1
DA:101,158
DA:102,80
DA:104,78
DA:107,1
LF:37
LH:37
BRDA:45,1,0,19
BRDA:45,1,1,4
BRDA:55,2,0,19
BRDA:55,2,1,4
BRDA:58,3,0,4
BRDA:58,3,1,0
BRDA:85,4,0,4
BRDA:85,4,1,66
BRDA:91,5,0,4
BRDA:91,5,1,66
BRDA:91,6,0,70
BRDA:91,6,1,70
BRDA:101,7,0,80
BRDA:101,7,1,78
BRF:14
BRH:13
end_of_record
TN:
SF:/home/mahendra/dev/projects/hyperledger/fabric-sdk-node/node_modules/fabric-client/lib/impl/CouchDBKeyValueStore.js
FN:44,(anonymous_1)
FN:67,(anonymous_2)
FN:71,(anonymous_3)
FN:78,(anonymous_4)
FN:103,(anonymous_5)
FN:107,(anonymous_6)
FN:108,(anonymous_7)
FN:126,(anonymous_8)
FN:131,(anonymous_9)
FN:133,(anonymous_10)
FN:143,(anonymous_11)
FN:156,(anonymous_12)
FN:166,(anonymous_13)
FN:169,(anonymous_14)
FN:170,(anonymous_15)
FNF:15
FNH:15
FNDA:16,(anonymous_1)
FNDA:14,(anonymous_2)
FNDA:14,(anonymous_3)
FNDA:8,(anonymous_4)
FNDA:13,(anonymous_5)
FNDA:13,(anonymous_6)
FNDA:13,(anonymous_7)
FNDA:26,(anonymous_8)
FNDA:26,(anonymous_9)
FNDA:26,(anonymous_10)
FNDA:22,(anonymous_11)
FNDA:4,(anonymous_12)
FNDA:26,(anonymous_13)
FNDA:26,(anonymous_14)
FNDA:26,(anonymous_15)
DA:19,1
DA:20,1
DA:21,1
DA:22,1
DA:23,1
DA:24,1
DA:26,1
DA:35,1
DA:45,16
DA:47,16
DA:48,2
DA:52,14
DA:54,14
DA:56,14
DA:58,14
DA:59,2
DA:61,12
DA:64,14
DA:65,14
DA:67,14
DA:69,14
DA:71,14
DA:73,14
DA:75,9
DA:76,8
DA:78,8
DA:79,8
DA:80,0
DA:83,8
DA:85,8
DA:86,8
DA:90,1
DA:94,5
DA:96,5
DA:97,5
DA:104,13
DA:106,13
DA:107,13
DA:108,13
DA:110,13
DA:111,2
DA:112,0
DA:113,0
DA:115,2
DA:116,2
DA:119,11
DA:120,11
DA:127,26
DA:129,26
DA:131,26
DA:133,26
DA:135,26
DA:136,22
DA:137,0
DA:138,0
DA:141,22
DA:142,22
DA:144,22
DA:145,22
DA:146,0
DA:151,4
DA:154,4
DA:155,4
DA:157,4
DA:158,4
DA:159,0
DA:167,26
DA:168,26
DA:169,26
DA:170,26
DA:171,26
DA:172,0
DA:173,0
DA:175,26
DA:176,26
DA:184,1
LF:76
LH:67
BRDA:47,1,0,2
BRDA:47,1,1,14
BRDA:47,2,0,16
BRDA:47,2,1,15
BRDA:58,3,0,2
BRDA:58,3,1,12
BRDA:73,4,0,9
BRDA:73,4,1,5
BRDA:75,5,0,8
BRDA:75,5,1,1
BRDA:79,6,0,0
BRDA:79,6,1,8
BRDA:80,7,0,0
BRDA:80,7,1,0
BRDA:90,8,0,1
BRDA:90,8,1,0
BRDA:110,9,0,2
BRDA:110,9,1,11
BRDA:111,10,0,0
BRDA:111,10,1,2
BRDA:135,11,0,22
BRDA:135,11,1,4
BRDA:136,12,0,0
BRDA:136,12,1,22
BRDA:145,13,0,22
BRDA:145,13,1,0
BRDA:158,14,0,4
BRDA:158,14,1,0
BRDA:171,15,0,0
BRDA:171,15,1,26
BRF:30
BRH:21
end_of_record
TN:
SF:/home/mahendra/dev/projects/hyperledger/fabric-sdk-node/node_modules/fabric-client/lib/impl/bccsp_pkcs11.js
FN:39,(anonymous_1)
FN:70,(anonymous_2)
FN:132,(anonymous_3)
FN:139,(anonymous_4)
FN:148,(anonymous_5)
FN:163,(anonymous_6)
FN:231,(anonymous_7)
FN:293,(anonymous_8)
FN:391,(anonymous_9)
FN:430,(anonymous_10)
FN:467,(anonymous_11)
FN:496,(anonymous_12)
FN:529,(anonymous_13)
FN:557,(anonymous_14)
FN:581,(anonymous_15)
FN:610,(anonymous_16)
FN:639,(anonymous_17)
FN:647,(anonymous_18)
FN:657,(anonymous_19)
FN:695,(anonymous_20)
FN:708,(anonymous_21)
FN:729,(anonymous_22)
FN:755,(anonymous_23)
FN:769,(anonymous_24)
FN:824,(anonymous_25)
FN:840,(anonymous_26)
FN:860,(anonymous_27)
FN:876,(anonymous_28)
FN:890,(anonymous_29)
FN:897,(anonymous_30)
FN:912,(anonymous_31)
FNF:31
FNH:3
FNDA:4,(anonymous_1)
FNDA:1,(anonymous_2)
FNDA:0,(anonymous_3)
FNDA:0,(anonymous_4)
FNDA:0,(anonymous_5)
FNDA:1,(anonymous_6)
FNDA:0,(anonymous_7)
FNDA:0,(anonymous_8)
FNDA:0,(anonymous_9)
FNDA:0,(anonymous_10)
FNDA:0,(anonymous_11)
FNDA:0,(anonymous_12)
FNDA:0,(anonymous_13)
FNDA:0,(anonymous_14)
FNDA:0,(anonymous_15)
FNDA:0,(anonymous_16)
FNDA:0,(anonymous_17)
FNDA:0,(anonymous_18)
FNDA:0,(anonymous_19)
FNDA:0,(anonymous_20)
FNDA:0,(anonymous_21)
FNDA:0,(anonymous_22)
FNDA:0,(anonymous_23)
FNDA:0,(anonymous_24)
FNDA:0,(anonymous_25)
FNDA:0,(anonymous_26)
FNDA:0,(anonymous_27)
FNDA:0,(anonymous_28)
FNDA:0,(anonymous_29)
FNDA:0,(anonymous_30)
FNDA:0,(anonymous_31)
DA:19,1
DA:20,1
DA:21,1
DA:22,1
DA:24,1
DA:25,1
DA:26,1
DA:27,1
DA:28,1
DA:29,1
DA:31,1
DA:33,1
DA:34,1
DA:39,1
DA:41,4
DA:51,1
DA:71,1
DA:72,0
DA:73,1
DA:74,1
DA:75,0
DA:77,1
DA:81,1
DA:82,1
DA:83,0
DA:84,1
DA:86,0
DA:87,1
DA:91,1
DA:92,1
DA:93,0
DA:94,1
DA:95,0
DA:96,1
DA:97,1
DA:98,0
DA:99,1
DA:103,1
DA:104,1
DA:105,0
DA:106,1
DA:108,0
DA:110,1
DA:112,1
DA:117,1
DA:118,1
DA:122,0
DA:133,0
DA:140,0
DA:141,0
DA:142,0
DA:149,0
DA:152,0
DA:155,0
DA:157,0
DA:164,1
DA:166,1
DA:167,0
DA:169,0
DA:171,0
DA:175,0
DA:176,0
DA:177,0
DA:178,0
DA:179,0
DA:182,0
DA:186,0
DA:190,0
DA:196,0
DA:199,0
DA:208,0
DA:210,0
DA:211,0
DA:217,0
DA:218,0
DA:219,0
DA:220,0
DA:232,0
DA:233,0
DA:256,0
DA:260,0
DA:266,0
DA:276,0
DA:281,0
DA:284,0
DA:295,0
DA:304,0
DA:315,0
DA:321,0
DA:327,0
DA:334,0
DA:339,0
DA:347,0
DA:354,0
DA:355,0
DA:360,0
DA:361,0
DA:364,0
DA:367,0
DA:372,0
DA:378,0
DA:382,0
DA:392,0
DA:396,0
DA:401,0
DA:402,0
DA:406,0
DA:411,0
DA:416,0
DA:417,0
DA:420,0
DA:423,0
DA:431,0
DA:435,0
DA:441,0
DA:444,0
DA:445,0
DA:446,0
DA:447,0
DA:449,0
DA:450,0
DA:455,0
DA:457,0
DA:460,0
DA:468,0
DA:472,0
DA:474,0
DA:476,0
DA:481,0
DA:482,0
DA:483,0
DA:484,0
DA:486,0
DA:489,0
DA:497,0
DA:502,0
DA:503,0
DA:505,0
DA:507,0
DA:512,0
DA:515,0
DA:521,0
DA:522,0
DA:530,0
DA:534,0
DA:536,0
DA:543,0
DA:550,0
DA:558,0
DA:562,0
DA:564,0
DA:569,0
DA:574,0
DA:582,0
DA:583,0
DA:594,0
DA:595,0
DA:606,0
DA:611,0
DA:612,0
DA:625,0
DA:626,0
DA:627,0
DA:630,0
DA:640,0
DA:648,0
DA:658,0
DA:659,0
DA:660,0
DA:661,0
DA:662,0
DA:669,0
DA:671,0
DA:674,0
DA:675,0
DA:677,0
DA:678,0
DA:696,0
DA:699,0
DA:702,0
DA:704,0
DA:706,0
DA:708,0
DA:709,0
DA:710,0
DA:713,0
DA:719,0
DA:720,0
DA:721,0
DA:724,0
DA:727,0
DA:729,0
DA:730,0
DA:731,0
DA:737,0
DA:738,0
DA:739,0
DA:742,0
DA:746,0
DA:756,0
DA:757,0
DA:761,0
DA:762,0
DA:763,0
DA:765,0
DA:768,0
DA:769,0
DA:770,0
DA:771,0
DA:776,0
DA:777,0
DA:778,0
DA:779,0
DA:781,0
DA:789,0
DA:793,0
DA:796,0
DA:798,0
DA:800,0
DA:809,0
DA:810,0
DA:813,0
DA:825,0
DA:827,0
DA:829,0
DA:831,0
DA:833,0
DA:841,0
DA:843,0
DA:844,0
DA:846,0
DA:847,0
DA:849,0
DA:851,0
DA:861,0
DA:862,0
DA:863,0
DA:865,0
DA:867,0
DA:877,0
DA:878,0
DA:879,0
DA:881,0
DA:883,0
DA:891,0
DA:898,0
DA:899,0
DA:900,0
DA:903,0
DA:906,0
DA:908,0
DA:910,0
DA:912,0
DA:913,0
DA:914,0
DA:917,0
DA:924,0
DA:925,0
DA:926,0
DA:929,0
DA:933,0
DA:936,0
DA:943,1
LF:263
LH:40
BRDA:71,1,0,0
BRDA:71,1,1,1
BRDA:71,2,0,1
BRDA:71,2,1,1
BRDA:73,3,0,0
BRDA:73,3,1,1
BRDA:74,4,0,0
BRDA:74,4,1,1
BRDA:74,5,0,1
BRDA:74,5,1,0
BRDA:81,6,0,1
BRDA:81,6,1,0
BRDA:82,7,0,0
BRDA:82,7,1,1
BRDA:82,8,0,1
BRDA:82,8,1,1
BRDA:84,9,0,0
BRDA:84,9,1,1
BRDA:84,10,0,1
BRDA:84,10,1,1
BRDA:84,10,2,1
BRDA:92,11,0,0
BRDA:92,11,1,1
BRDA:92,12,0,1
BRDA:92,12,1,1
BRDA:94,13,0,0
BRDA:94,13,1,1
BRDA:94,14,0,1
BRDA:94,14,1,1
BRDA:96,15,0,0
BRDA:96,15,1,1
BRDA:97,16,0,0
BRDA:97,16,1,1
BRDA:104,17,0,0
BRDA:104,17,1,1
BRDA:104,18,0,1
BRDA:104,18,1,1
BRDA:106,19,0,0
BRDA:106,19,1,1
BRDA:106,20,0,1
BRDA:106,20,1,1
BRDA:106,20,2,1
BRDA:149,21,0,0
BRDA:149,21,1,0
BRDA:149,22,0,0
BRDA:149,22,1,0
BRDA:149,22,2,0
BRDA:176,23,0,0
BRDA:176,23,1,0
BRDA:217,24,0,0
BRDA:217,24,1,0
BRDA:253,25,0,0
BRDA:253,25,1,0
BRDA:300,26,0,0
BRDA:300,26,1,0
BRDA:309,27,0,0
BRDA:309,27,1,0
BRDA:401,28,0,0
BRDA:401,28,1,0
BRDA:416,29,0,0
BRDA:416,29,1,0
BRDA:416,30,0,0
BRDA:416,30,1,0
BRDA:445,31,0,0
BRDA:445,31,1,0
BRDA:521,32,0,0
BRDA:521,32,1,0
BRDA:622,33,0,0
BRDA:622,33,1,0
BRDA:696,34,0,0
BRDA:696,34,1,0
BRDA:696,35,0,0
BRDA:696,35,1,0
BRDA:696,35,2,0
BRDA:696,35,3,0
BRDA:696,35,4,0
BRDA:702,36,0,0
BRDA:702,36,1,0
BRDA:702,37,0,0
BRDA:702,37,1,0
BRDA:706,38,0,0
BRDA:706,38,1,0
BRDA:706,38,2,0
BRDA:710,39,0,0
BRDA:710,39,1,0
BRDA:756,40,0,0
BRDA:756,40,1,0
BRDA:756,41,0,0
BRDA:756,41,1,0
BRDA:756,41,2,0
BRDA:762,42,0,0
BRDA:762,42,1,0
BRDA:777,43,0,0
BRDA:777,43,1,0
BRDA:778,44,0,0
BRDA:778,44,1,0
BRDA:796,45,0,0
BRDA:796,45,1,0
BRDA:796,46,0,0
BRDA:796,46,1,0
BRDA:825,47,0,0
BRDA:825,47,1,0
BRDA:825,48,0,0
BRDA:825,48,1,0
BRDA:825,48,2,0
BRDA:825,48,3,0
BRDA:829,49,0,0
BRDA:829,49,1,0
BRDA:829,50,0,0
BRDA:829,50,1,0
BRDA:829,50,2,0
BRDA:841,51,0,0
BRDA:841,51,1,0
BRDA:841,52,0,0
BRDA:841,52,1,0
BRDA:841,52,2,0
BRDA:844,53,0,0
BRDA:844,53,1,0
BRDA:844,54,0,0
BRDA:844,54,1,0
BRDA:844,54,2,0
BRDA:847,55,0,0
BRDA:847,55,1,0
BRDA:847,56,0,0
BRDA:847,56,1,0
BRDA:847,56,2,0
BRDA:861,57,0,0
BRDA:861,57,1,0
BRDA:861,58,0,0
BRDA:861,58,1,0
BRDA:861,58,2,0
BRDA:863,59,0,0
BRDA:863,59,1,0
BRDA:863,60,0,0
BRDA:863,60,1,0
BRDA:863,60,2,0
BRDA:877,61,0,0
BRDA:877,61,1,0
BRDA:877,62,0,0
BRDA:877,62,1,0
BRDA:877,62,2,0
BRDA:879,63,0,0
BRDA:879,63,1,0
BRDA:879,64,0,0
BRDA:879,64,1,0
BRDA:879,64,2,0
BRDA:898,65,0,0
BRDA:898,65,1,0
BRDA:898,66,0,0
BRDA:898,66,1,0
BRDA:898,66,2,0
BRDA:900,67,0,0
BRDA:900,67,1,0
BRDA:900,68,0,0
BRDA:900,68,1,0
BRDA:900,68,2,0
BRDA:900,68,3,0
BRDA:900,68,4,0
BRDA:906,69,0,0
BRDA:906,69,1,0
BRDA:906,70,0,0
BRDA:906,70,1,0
BRDA:910,71,0,0
BRDA:910,71,1,0
BRDA:910,71,2,0
BRDA:914,72,0,0
BRDA:914,72,1,0
BRF:167
BRH:29
end_of_record
TN:
SF:/home/mahendra/dev/projects/hyperledger/fabric-sdk-node/node_modules/fabric-client/lib/impl/aes/pkcs11_key.js
FN:23,(anonymous_1)
FN:47,(anonymous_2)
FN:51,(anonymous_3)
FN:55,(anonymous_4)
FN:59,(anonymous_5)
FN:63,(anonymous_6)
FNF:6
FNH:0
FNDA:0,(anonymous_1)
FNDA:0,(anonymous_2)
FNDA:0,(anonymous_3)
FNDA:0,(anonymous_4)
FNDA:0,(anonymous_5)
FNDA:0,(anonymous_6)
DA:19,1
DA:21,1
DA:24,0
DA:25,0
DA:26,0
DA:27,0
DA:28,0
DA:29,0
DA:30,0
DA:31,0
DA:32,0
DA:33,0
DA:34,0
DA:35,0
DA:36,0
DA:37,0
DA:39,0
DA:41,0
DA:42,0
DA:43,0
DA:44,0
DA:48,0
DA:52,0
DA:56,0
DA:60,0
DA:64,0
DA:68,1
LF:27
LH:3
BRDA:24,1,0,0
BRDA:24,1,1,0
BRDA:24,2,0,0
BRDA:24,2,1,0
BRDA:26,3,0,0
BRDA:26,3,1,0
BRDA:26,4,0,0
BRDA:26,4,1,0
BRDA:28,5,0,0
BRDA:28,5,1,0
BRDA:30,6,0,0
BRDA:30,6,1,0
BRDA:30,7,0,0
BRDA:30,7,1,0
BRDA:32,8,0,0
BRDA:32,8,1,0
BRDA:34,9,0,0
BRDA:34,9,1,0
BRDA:36,10,0,0
BRDA:36,10,1,0
BRF:20
BRH:0
end_of_record
TN:
SF:/home/mahendra/dev/projects/hyperledger/fabric-sdk-node/node_modules/fabric-client/lib/impl/ecdsa/pkcs11_key.js
FN:34,(anonymous_1)
FN:79,(anonymous_2)
FN:83,(anonymous_3)
FN:87,(anonymous_4)
FN:91,(anonymous_5)
FN:95,(anonymous_6)
FNF:6
FNH:0
FNDA:0,(anonymous_1)
FNDA:0,(anonymous_2)
FNDA:0,(anonymous_3)
FNDA:0,(anonymous_4)
FNDA:0,(anonymous_5)
FNDA:0,(anonymous_6)
DA:19,1
DA:21,1
DA:32,1
DA:35,0
DA:36,0
DA:37,0
DA:38,0
DA:39,0
DA:40,0
DA:41,0
DA:43,0
DA:44,0
DA:45,0
DA:47,0
DA:48,0
DA:50,0
DA:51,0
DA:52,0
DA:55,0
DA:60,0
DA:61,0
DA:67,0
DA:68,0
DA:69,0
DA:73,0
DA:74,0
DA:75,0
DA:80,0
DA:84,0
DA:88,0
DA:92,0
DA:96,0
DA:97,0
DA:99,0
DA:103,1
LF:35
LH:4
BRDA:35,1,0,0
BRDA:35,1,1,0
BRDA:35,2,0,0
BRDA:35,2,1,0
BRDA:37,3,0,0
BRDA:37,3,1,0
BRDA:37,4,0,0
BRDA:37,4,1,0
BRDA:39,5,0,0
BRDA:39,5,1,0
BRDA:41,6,0,0
BRDA:41,6,1,0
BRDA:41,7,0,0
BRDA:41,7,1,0
BRDA:41,7,2,0
BRDA:41,7,3,0
BRDA:44,8,0,0
BRDA:44,8,1,0
BRDA:44,9,0,0
BRDA:44,9,1,0
BRDA:44,9,2,0
BRDA:47,10,0,0
BRDA:47,10,1,0
BRDA:47,11,0,0
BRDA:47,11,1,0
BRDA:47,11,2,0
BRDA:50,12,0,0
BRDA:50,12,1,0
BRDA:52,13,0,0
BRDA:52,13,1,0
BRDA:52,14,0,0
BRDA:52,14,1,0
BRDA:67,15,0,0
BRDA:67,15,1,0
BRDA:67,16,0,0
BRDA:67,16,1,0
BRDA:92,17,0,0
BRDA:92,17,1,0
BRDA:96,18,0,0
BRDA:96,18,1,0
BRF:40
BRH:0
end_of_record
TN:
SF:/home/mahendra/dev/projects/hyperledger/fabric-sdk-node/node_modules/fabric-client/lib/impl/FileKeyValueStore.js
FN:41,(anonymous_1)
FN:53,(anonymous_2)
FN:54,(anonymous_3)
FN:68,(anonymous_4)
FN:73,(anonymous_5)
FN:75,(anonymous_6)
FN:88,(anonymous_7)
FN:93,(anonymous_8)
FN:95,(anonymous_9)
FNF:9
FNH:9
FNDA:100,(anonymous_1)
FNDA:96,(anonymous_2)
FNDA:96,(anonymous_3)
FNDA:28,(anonymous_4)
FNDA:28,(anonymous_5)
FNDA:28,(anonymous_6)
FNDA:146,(anonymous_7)
FNDA:146,(anonymous_8)
FNDA:146,(anonymous_9)
DA:19,1
DA:20,1
DA:21,1
DA:22,1
DA:24,1
DA:33,1
DA:42,100
DA:44,100
DA:45,4
DA:49,96
DA:51,96
DA:52,96
DA:53,96
DA:54,96
DA:55,96
DA:56,0
DA:57,0
DA:58,0
DA:60,0
DA:63,96
DA:69,28
DA:71,28
DA:73,28
DA:74,28
DA:75,28
DA:76,28
DA:77,5
DA:78,0
DA:80,5
DA:83,23
DA:89,146
DA:91,146
DA:93,146
DA:94,146
DA:95,146
DA:96,146
DA:97,1
DA:99,145
DA:106,1
LF:39
LH:34
BRDA:44,1,0,4
BRDA:44,1,1,96
BRDA:44,2,0,100
BRDA:44,2,1,98
BRDA:55,3,0,0
BRDA:55,3,1,96
BRDA:57,4,0,0
BRDA:57,4,1,0
BRDA:76,5,0,5
BRDA:76,5,1,23
BRDA:77,6,0,0
BRDA:77,6,1,5
BRDA:96,7,0,1
BRDA:96,7,1,145
BRF:14
BRH:10
end_of_record
